CRITICAL - 2021-04-27 09:55:59 --> Undefined variable: new_products
#0 D:\wamp64\www\eshopper\app\Views\site\allproducts.php(10): CodeIgniter\Debug\Exceptions->errorHandler(8, 'Undefined varia...', 'D:\\wamp64\\www\\e...', 10, Array)
#1 D:\wamp64\www\eshopper\system\View\View.php(220): include('D:\\wamp64\\www\\e...')
#2 D:\wamp64\www\eshopper\system\View\View.php(222): CodeIgniter\View\View->CodeIgniter\View\{closure}()
#3 D:\wamp64\www\eshopper\system\Common.php(1217): CodeIgniter\View\View->render('site/allproduct...', Array, true)
#4 D:\wamp64\www\eshopper\app\Views\site\layout.php(126): view('site/allproduct...', Array)
#5 D:\wamp64\www\eshopper\system\View\View.php(220): include('D:\\wamp64\\www\\e...')
#6 D:\wamp64\www\eshopper\system\View\View.php(222): CodeIgniter\View\View->CodeIgniter\View\{closure}()
#7 D:\wamp64\www\eshopper\system\Common.php(1217): CodeIgniter\View\View->render('site/layout', Array, true)
#8 D:\wamp64\www\eshopper\app\Controllers\BaseController.php(97): view('site/layout', Array)
#9 D:\wamp64\www\eshopper\app\Controllers\Home.php(36): App\Controllers\BaseController->loadView('allproducts', 'All Products', Array)
#10 D:\wamp64\www\eshopper\system\CodeIgniter.php(936): App\Controllers\Home->allProducts()
#11 D:\wamp64\www\eshopper\system\CodeIgniter.php(432): CodeIgniter\CodeIgniter->runController(Object(App\Controllers\Home))
#12 D:\wamp64\www\eshopper\system\CodeIgniter.php(333): CodeIgniter\CodeIgniter->handleRequest(NULL, Object(Config\Cache), false)
#13 D:\wamp64\www\eshopper\public\index.php(44): CodeIgniter\CodeIgniter->run()
#14 {main}
CRITICAL - 2021-04-27 09:56:22 --> Undefined variable: special_offers
#0 D:\wamp64\www\eshopper\app\Views\site\allproducts.php(48): CodeIgniter\Debug\Exceptions->errorHandler(8, 'Undefined varia...', 'D:\\wamp64\\www\\e...', 48, Array)
#1 D:\wamp64\www\eshopper\system\View\View.php(220): include('D:\\wamp64\\www\\e...')
#2 D:\wamp64\www\eshopper\system\View\View.php(222): CodeIgniter\View\View->CodeIgniter\View\{closure}()
#3 D:\wamp64\www\eshopper\system\Common.php(1217): CodeIgniter\View\View->render('site/allproduct...', Array, true)
#4 D:\wamp64\www\eshopper\app\Views\site\layout.php(126): view('site/allproduct...', Array)
#5 D:\wamp64\www\eshopper\system\View\View.php(220): include('D:\\wamp64\\www\\e...')
#6 D:\wamp64\www\eshopper\system\View\View.php(222): CodeIgniter\View\View->CodeIgniter\View\{closure}()
#7 D:\wamp64\www\eshopper\system\Common.php(1217): CodeIgniter\View\View->render('site/layout', Array, true)
#8 D:\wamp64\www\eshopper\app\Controllers\BaseController.php(97): view('site/layout', Array)
#9 D:\wamp64\www\eshopper\app\Controllers\Home.php(36): App\Controllers\BaseController->loadView('allproducts', 'All Products', Array)
#10 D:\wamp64\www\eshopper\system\CodeIgniter.php(936): App\Controllers\Home->allProducts()
#11 D:\wamp64\www\eshopper\system\CodeIgniter.php(432): CodeIgniter\CodeIgniter->runController(Object(App\Controllers\Home))
#12 D:\wamp64\www\eshopper\system\CodeIgniter.php(333): CodeIgniter\CodeIgniter->handleRequest(NULL, Object(Config\Cache), false)
#13 D:\wamp64\www\eshopper\public\index.php(44): CodeIgniter\CodeIgniter->run()
#14 {main}
CRITICAL - 2021-04-27 10:17:34 --> The original file is not a valid file.
#0 D:\wamp64\www\eshopper\system\HTTP\Files\UploadedFile.php(143): CodeIgniter\HTTP\Exceptions\HTTPException::forInvalidFile()
#1 D:\wamp64\www\eshopper\app\Controllers\Admin\Products.php(180): CodeIgniter\HTTP\Files\UploadedFile->move('../public/asset...', 'product22.png')
#2 D:\wamp64\www\eshopper\system\CodeIgniter.php(936): App\Controllers\Admin\Products->add()
#3 D:\wamp64\www\eshopper\system\CodeIgniter.php(432): CodeIgniter\CodeIgniter->runController(Object(App\Controllers\Admin\Products))
#4 D:\wamp64\www\eshopper\system\CodeIgniter.php(333): CodeIgniter\CodeIgniter->handleRequest(NULL, Object(Config\Cache), false)
#5 D:\wamp64\www\eshopper\public\index.php(44): CodeIgniter\CodeIgniter->run()
#6 {main}
CRITICAL - 2021-04-27 10:19:27 --> The original file is not a valid file.
#0 D:\wamp64\www\eshopper\system\HTTP\Files\UploadedFile.php(143): CodeIgniter\HTTP\Exceptions\HTTPException::forInvalidFile()
#1 D:\wamp64\www\eshopper\app\Controllers\Admin\Products.php(180): CodeIgniter\HTTP\Files\UploadedFile->move('../public/asset...', 'product23.png')
#2 D:\wamp64\www\eshopper\system\CodeIgniter.php(936): App\Controllers\Admin\Products->add()
#3 D:\wamp64\www\eshopper\system\CodeIgniter.php(432): CodeIgniter\CodeIgniter->runController(Object(App\Controllers\Admin\Products))
#4 D:\wamp64\www\eshopper\system\CodeIgniter.php(333): CodeIgniter\CodeIgniter->handleRequest(NULL, Object(Config\Cache), false)
#5 D:\wamp64\www\eshopper\public\index.php(44): CodeIgniter\CodeIgniter->run()
#6 {main}
CRITICAL - 2021-04-27 10:19:32 --> The original file is not a valid file.
#0 D:\wamp64\www\eshopper\system\HTTP\Files\UploadedFile.php(143): CodeIgniter\HTTP\Exceptions\HTTPException::forInvalidFile()
#1 D:\wamp64\www\eshopper\app\Controllers\Admin\Products.php(180): CodeIgniter\HTTP\Files\UploadedFile->move('../public/asset...', 'product24.png')
#2 D:\wamp64\www\eshopper\system\CodeIgniter.php(936): App\Controllers\Admin\Products->add()
#3 D:\wamp64\www\eshopper\system\CodeIgniter.php(432): CodeIgniter\CodeIgniter->runController(Object(App\Controllers\Admin\Products))
#4 D:\wamp64\www\eshopper\system\CodeIgniter.php(333): CodeIgniter\CodeIgniter->handleRequest(NULL, Object(Config\Cache), false)
#5 D:\wamp64\www\eshopper\public\index.php(44): CodeIgniter\CodeIgniter->run()
#6 {main}
CRITICAL - 2021-04-27 10:21:16 --> array_filter() expects parameter 1 to be array, string given
#0 [internal function]: CodeIgniter\Debug\Exceptions->errorHandler(2, 'array_filter() ...', 'D:\\wamp64\\www\\e...', 100, Array)
#1 D:\wamp64\www\eshopper\app\Views\admin\layout\app.php(100): array_filter('image filed is ...')
#2 D:\wamp64\www\eshopper\system\View\View.php(220): include('D:\\wamp64\\www\\e...')
#3 D:\wamp64\www\eshopper\system\View\View.php(222): CodeIgniter\View\View->CodeIgniter\View\{closure}()
#4 D:\wamp64\www\eshopper\system\Common.php(1217): CodeIgniter\View\View->render('admin/layout/ap...', Array, true)
#5 D:\wamp64\www\eshopper\app\Controllers\Admin\BaseController.php(95): view('admin/layout/ap...', Array)
#6 D:\wamp64\www\eshopper\app\Controllers\Admin\Products.php(185): App\Controllers\Admin\BaseController->loadView('products/add', 'add product')
#7 D:\wamp64\www\eshopper\system\CodeIgniter.php(936): App\Controllers\Admin\Products->add()
#8 D:\wamp64\www\eshopper\system\CodeIgniter.php(432): CodeIgniter\CodeIgniter->runController(Object(App\Controllers\Admin\Products))
#9 D:\wamp64\www\eshopper\system\CodeIgniter.php(333): CodeIgniter\CodeIgniter->handleRequest(NULL, Object(Config\Cache), false)
#10 D:\wamp64\www\eshopper\public\index.php(44): CodeIgniter\CodeIgniter->run()
#11 {main}
CRITICAL - 2021-04-27 10:21:58 --> Undefined variable: categories
#0 D:\wamp64\www\eshopper\app\Views\admin\products\add.php(43): CodeIgniter\Debug\Exceptions->errorHandler(8, 'Undefined varia...', 'D:\\wamp64\\www\\e...', 43, Array)
#1 D:\wamp64\www\eshopper\system\View\View.php(220): include('D:\\wamp64\\www\\e...')
#2 D:\wamp64\www\eshopper\system\View\View.php(222): CodeIgniter\View\View->CodeIgniter\View\{closure}()
#3 D:\wamp64\www\eshopper\system\Common.php(1217): CodeIgniter\View\View->render('admin/products/...', Array, true)
#4 D:\wamp64\www\eshopper\app\Views\admin\layout\app.php(115): view('admin/products/...', Array)
#5 D:\wamp64\www\eshopper\system\View\View.php(220): include('D:\\wamp64\\www\\e...')
#6 D:\wamp64\www\eshopper\system\View\View.php(222): CodeIgniter\View\View->CodeIgniter\View\{closure}()
#7 D:\wamp64\www\eshopper\system\Common.php(1217): CodeIgniter\View\View->render('admin/layout/ap...', Array, true)
#8 D:\wamp64\www\eshopper\app\Controllers\Admin\BaseController.php(95): view('admin/layout/ap...', Array)
#9 D:\wamp64\www\eshopper\app\Controllers\Admin\Products.php(185): App\Controllers\Admin\BaseController->loadView('products/add', 'add product')
#10 D:\wamp64\www\eshopper\system\CodeIgniter.php(936): App\Controllers\Admin\Products->add()
#11 D:\wamp64\www\eshopper\system\CodeIgniter.php(432): CodeIgniter\CodeIgniter->runController(Object(App\Controllers\Admin\Products))
#12 D:\wamp64\www\eshopper\system\CodeIgniter.php(333): CodeIgniter\CodeIgniter->handleRequest(NULL, Object(Config\Cache), false)
#13 D:\wamp64\www\eshopper\public\index.php(44): CodeIgniter\CodeIgniter->run()
#14 {main}
CRITICAL - 2021-04-27 10:22:39 --> Undefined variable: categories
#0 D:\wamp64\www\eshopper\app\Views\admin\products\add.php(43): CodeIgniter\Debug\Exceptions->errorHandler(8, 'Undefined varia...', 'D:\\wamp64\\www\\e...', 43, Array)
#1 D:\wamp64\www\eshopper\system\View\View.php(220): include('D:\\wamp64\\www\\e...')
#2 D:\wamp64\www\eshopper\system\View\View.php(222): CodeIgniter\View\View->CodeIgniter\View\{closure}()
#3 D:\wamp64\www\eshopper\system\Common.php(1217): CodeIgniter\View\View->render('admin/products/...', Array, true)
#4 D:\wamp64\www\eshopper\app\Views\admin\layout\app.php(115): view('admin/products/...', Array)
#5 D:\wamp64\www\eshopper\system\View\View.php(220): include('D:\\wamp64\\www\\e...')
#6 D:\wamp64\www\eshopper\system\View\View.php(222): CodeIgniter\View\View->CodeIgniter\View\{closure}()
#7 D:\wamp64\www\eshopper\system\Common.php(1217): CodeIgniter\View\View->render('admin/layout/ap...', Array, true)
#8 D:\wamp64\www\eshopper\app\Controllers\Admin\BaseController.php(95): view('admin/layout/ap...', Array)
#9 D:\wamp64\www\eshopper\app\Controllers\Admin\Products.php(186): App\Controllers\Admin\BaseController->loadView('products/add', 'add product')
#10 D:\wamp64\www\eshopper\system\CodeIgniter.php(936): App\Controllers\Admin\Products->add()
#11 D:\wamp64\www\eshopper\system\CodeIgniter.php(432): CodeIgniter\CodeIgniter->runController(Object(App\Controllers\Admin\Products))
#12 D:\wamp64\www\eshopper\system\CodeIgniter.php(333): CodeIgniter\CodeIgniter->handleRequest(NULL, Object(Config\Cache), false)
#13 D:\wamp64\www\eshopper\public\index.php(44): CodeIgniter\CodeIgniter->run()
#14 {main}
CRITICAL - 2021-04-27 10:23:01 --> Undefined variable: categories
#0 D:\wamp64\www\eshopper\app\Views\admin\products\add.php(43): CodeIgniter\Debug\Exceptions->errorHandler(8, 'Undefined varia...', 'D:\\wamp64\\www\\e...', 43, Array)
#1 D:\wamp64\www\eshopper\system\View\View.php(220): include('D:\\wamp64\\www\\e...')
#2 D:\wamp64\www\eshopper\system\View\View.php(222): CodeIgniter\View\View->CodeIgniter\View\{closure}()
#3 D:\wamp64\www\eshopper\system\Common.php(1217): CodeIgniter\View\View->render('admin/products/...', Array, true)
#4 D:\wamp64\www\eshopper\app\Views\admin\layout\app.php(115): view('admin/products/...', Array)
#5 D:\wamp64\www\eshopper\system\View\View.php(220): include('D:\\wamp64\\www\\e...')
#6 D:\wamp64\www\eshopper\system\View\View.php(222): CodeIgniter\View\View->CodeIgniter\View\{closure}()
#7 D:\wamp64\www\eshopper\system\Common.php(1217): CodeIgniter\View\View->render('admin/layout/ap...', Array, true)
#8 D:\wamp64\www\eshopper\app\Controllers\Admin\BaseController.php(95): view('admin/layout/ap...', Array)
#9 D:\wamp64\www\eshopper\app\Controllers\Admin\Products.php(186): App\Controllers\Admin\BaseController->loadView('products/add', 'add product')
#10 D:\wamp64\www\eshopper\system\CodeIgniter.php(936): App\Controllers\Admin\Products->add()
#11 D:\wamp64\www\eshopper\system\CodeIgniter.php(432): CodeIgniter\CodeIgniter->runController(Object(App\Controllers\Admin\Products))
#12 D:\wamp64\www\eshopper\system\CodeIgniter.php(333): CodeIgniter\CodeIgniter->handleRequest(NULL, Object(Config\Cache), false)
#13 D:\wamp64\www\eshopper\public\index.php(44): CodeIgniter\CodeIgniter->run()
#14 {main}
CRITICAL - 2021-04-27 10:26:05 --> Call to undefined method CodeIgniter\HTTP\Files\UploadedFile::isSubmitted()
#0 D:\wamp64\www\eshopper\system\CodeIgniter.php(936): App\Controllers\Admin\Products->add()
#1 D:\wamp64\www\eshopper\system\CodeIgniter.php(432): CodeIgniter\CodeIgniter->runController(Object(App\Controllers\Admin\Products))
#2 D:\wamp64\www\eshopper\system\CodeIgniter.php(333): CodeIgniter\CodeIgniter->handleRequest(NULL, Object(Config\Cache), false)
#3 D:\wamp64\www\eshopper\public\index.php(44): CodeIgniter\CodeIgniter->run()
#4 {main}
CRITICAL - 2021-04-27 10:32:14 --> Undefined variable: Name
#0 D:\wamp64\www\eshopper\app\Models\ProductsModel.php(85): CodeIgniter\Debug\Exceptions->errorHandler(8, 'Undefined varia...', 'D:\\wamp64\\www\\e...', 85, Array)
#1 D:\wamp64\www\eshopper\app\Controllers\Admin\Products.php(103): App\Models\ProductsModel->deleteRow('19')
#2 D:\wamp64\www\eshopper\system\CodeIgniter.php(936): App\Controllers\Admin\Products->deleteRow('19')
#3 D:\wamp64\www\eshopper\system\CodeIgniter.php(432): CodeIgniter\CodeIgniter->runController(Object(App\Controllers\Admin\Products))
#4 D:\wamp64\www\eshopper\system\CodeIgniter.php(333): CodeIgniter\CodeIgniter->handleRequest(NULL, Object(Config\Cache), false)
#5 D:\wamp64\www\eshopper\public\index.php(44): CodeIgniter\CodeIgniter->run()
#6 {main}
CRITICAL - 2021-04-27 14:00:49 --> Undefined variable: products
#0 D:\wamp64\www\eshopper\app\Views\site\filter.php(10): CodeIgniter\Debug\Exceptions->errorHandler(8, 'Undefined varia...', 'D:\\wamp64\\www\\e...', 10, Array)
#1 D:\wamp64\www\eshopper\system\View\View.php(220): include('D:\\wamp64\\www\\e...')
#2 D:\wamp64\www\eshopper\system\View\View.php(222): CodeIgniter\View\View->CodeIgniter\View\{closure}()
#3 D:\wamp64\www\eshopper\system\Common.php(1217): CodeIgniter\View\View->render('site/filter', Array, true)
#4 D:\wamp64\www\eshopper\app\Views\site\layout.php(126): view('site/filter', Array)
#5 D:\wamp64\www\eshopper\system\View\View.php(220): include('D:\\wamp64\\www\\e...')
#6 D:\wamp64\www\eshopper\system\View\View.php(222): CodeIgniter\View\View->CodeIgniter\View\{closure}()
#7 D:\wamp64\www\eshopper\system\Common.php(1217): CodeIgniter\View\View->render('site/layout', Array, true)
#8 D:\wamp64\www\eshopper\app\Controllers\BaseController.php(97): view('site/layout', Array)
#9 D:\wamp64\www\eshopper\app\Controllers\Home.php(41): App\Controllers\BaseController->loadView('filter', 'product', Array)
#10 D:\wamp64\www\eshopper\system\CodeIgniter.php(936): App\Controllers\Home->filter('16')
#11 D:\wamp64\www\eshopper\system\CodeIgniter.php(432): CodeIgniter\CodeIgniter->runController(Object(App\Controllers\Home))
#12 D:\wamp64\www\eshopper\system\CodeIgniter.php(333): CodeIgniter\CodeIgniter->handleRequest(NULL, Object(Config\Cache), false)
#13 D:\wamp64\www\eshopper\public\index.php(44): CodeIgniter\CodeIgniter->run()
#14 {main}
CRITICAL - 2021-04-27 14:49:08 --> Undefined variable: builder
#0 D:\wamp64\www\eshopper\app\Models\ProductsModel.php(165): CodeIgniter\Debug\Exceptions->errorHandler(8, 'Undefined varia...', 'D:\\wamp64\\www\\e...', 165, Array)
#1 D:\wamp64\www\eshopper\app\Controllers\Home.php(47): App\Models\ProductsModel->search('')
#2 D:\wamp64\www\eshopper\system\CodeIgniter.php(936): App\Controllers\Home->search()
#3 D:\wamp64\www\eshopper\system\CodeIgniter.php(432): CodeIgniter\CodeIgniter->runController(Object(App\Controllers\Home))
#4 D:\wamp64\www\eshopper\system\CodeIgniter.php(333): CodeIgniter\CodeIgniter->handleRequest(NULL, Object(Config\Cache), false)
#5 D:\wamp64\www\eshopper\public\index.php(44): CodeIgniter\CodeIgniter->run()
#6 {main}
CRITICAL - 2021-04-27 15:06:38 --> Undefined index: 'categorie_id
#0 D:\wamp64\www\eshopper\app\Views\site\product.php(26): CodeIgniter\Debug\Exceptions->errorHandler(8, 'Undefined index...', 'D:\\wamp64\\www\\e...', 26, Array)
#1 D:\wamp64\www\eshopper\system\View\View.php(220): include('D:\\wamp64\\www\\e...')
#2 D:\wamp64\www\eshopper\system\View\View.php(222): CodeIgniter\View\View->CodeIgniter\View\{closure}()
#3 D:\wamp64\www\eshopper\system\Common.php(1217): CodeIgniter\View\View->render('site/product', Array, true)
#4 D:\wamp64\www\eshopper\app\Views\site\layout.php(132): view('site/product', Array)
#5 D:\wamp64\www\eshopper\system\View\View.php(220): include('D:\\wamp64\\www\\e...')
#6 D:\wamp64\www\eshopper\system\View\View.php(222): CodeIgniter\View\View->CodeIgniter\View\{closure}()
#7 D:\wamp64\www\eshopper\system\Common.php(1217): CodeIgniter\View\View->render('site/layout', Array, true)
#8 D:\wamp64\www\eshopper\app\Controllers\BaseController.php(97): view('site/layout', Array)
#9 D:\wamp64\www\eshopper\app\Controllers\Home.php(27): App\Controllers\BaseController->loadView('product', 'product', Array)
#10 D:\wamp64\www\eshopper\system\CodeIgniter.php(936): App\Controllers\Home->product('19')
#11 D:\wamp64\www\eshopper\system\CodeIgniter.php(432): CodeIgniter\CodeIgniter->runController(Object(App\Controllers\Home))
#12 D:\wamp64\www\eshopper\system\CodeIgniter.php(333): CodeIgniter\CodeIgniter->handleRequest(NULL, Object(Config\Cache), false)
#13 D:\wamp64\www\eshopper\public\index.php(44): CodeIgniter\CodeIgniter->run()
#14 {main}
CRITICAL - 2021-04-27 16:20:07 --> Undefined property: App\Controllers\Admin\Admins::$Login_model
#0 D:\wamp64\www\eshopper\app\Controllers\Admin\Admins.php(17): CodeIgniter\Debug\Exceptions->errorHandler(8, 'Undefined prope...', 'D:\\wamp64\\www\\e...', 17, Array)
#1 D:\wamp64\www\eshopper\system\CodeIgniter.php(936): App\Controllers\Admin\Admins->index()
#2 D:\wamp64\www\eshopper\system\CodeIgniter.php(432): CodeIgniter\CodeIgniter->runController(Object(App\Controllers\Admin\Admins))
#3 D:\wamp64\www\eshopper\system\CodeIgniter.php(333): CodeIgniter\CodeIgniter->handleRequest(NULL, Object(Config\Cache), false)
#4 D:\wamp64\www\eshopper\public\index.php(44): CodeIgniter\CodeIgniter->run()
#5 {main}
CRITICAL - 2021-04-27 16:20:40 --> Undefined property: App\Controllers\Admin\Admins::$Login_model
#0 D:\wamp64\www\eshopper\app\Controllers\Admin\Admins.php(17): CodeIgniter\Debug\Exceptions->errorHandler(8, 'Undefined prope...', 'D:\\wamp64\\www\\e...', 17, Array)
#1 D:\wamp64\www\eshopper\system\CodeIgniter.php(936): App\Controllers\Admin\Admins->index()
#2 D:\wamp64\www\eshopper\system\CodeIgniter.php(432): CodeIgniter\CodeIgniter->runController(Object(App\Controllers\Admin\Admins))
#3 D:\wamp64\www\eshopper\system\CodeIgniter.php(333): CodeIgniter\CodeIgniter->handleRequest(NULL, Object(Config\Cache), false)
#4 D:\wamp64\www\eshopper\public\index.php(44): CodeIgniter\CodeIgniter->run()
#5 {main}
CRITICAL - 2021-04-27 16:20:49 --> Undefined property: App\Controllers\Admin\Admins::$Login_model
#0 D:\wamp64\www\eshopper\app\Controllers\Admin\Admins.php(17): CodeIgniter\Debug\Exceptions->errorHandler(8, 'Undefined prope...', 'D:\\wamp64\\www\\e...', 17, Array)
#1 D:\wamp64\www\eshopper\system\CodeIgniter.php(936): App\Controllers\Admin\Admins->index()
#2 D:\wamp64\www\eshopper\system\CodeIgniter.php(432): CodeIgniter\CodeIgniter->runController(Object(App\Controllers\Admin\Admins))
#3 D:\wamp64\www\eshopper\system\CodeIgniter.php(333): CodeIgniter\CodeIgniter->handleRequest(NULL, Object(Config\Cache), false)
#4 D:\wamp64\www\eshopper\public\index.php(44): CodeIgniter\CodeIgniter->run()
#5 {main}
CRITICAL - 2021-04-27 16:20:59 --> Undefined variable: users
#0 D:\wamp64\www\eshopper\app\Views\admin\users\index.php(20): CodeIgniter\Debug\Exceptions->errorHandler(8, 'Undefined varia...', 'D:\\wamp64\\www\\e...', 20, Array)
#1 D:\wamp64\www\eshopper\system\View\View.php(220): include('D:\\wamp64\\www\\e...')
#2 D:\wamp64\www\eshopper\system\View\View.php(222): CodeIgniter\View\View->CodeIgniter\View\{closure}()
#3 D:\wamp64\www\eshopper\system\Common.php(1217): CodeIgniter\View\View->render('admin/users/ind...', Array, true)
#4 D:\wamp64\www\eshopper\app\Views\admin\layout\app.php(115): view('admin/users/ind...', Array)
#5 D:\wamp64\www\eshopper\system\View\View.php(220): include('D:\\wamp64\\www\\e...')
#6 D:\wamp64\www\eshopper\system\View\View.php(222): CodeIgniter\View\View->CodeIgniter\View\{closure}()
#7 D:\wamp64\www\eshopper\system\Common.php(1217): CodeIgniter\View\View->render('admin/layout/ap...', Array, true)
#8 D:\wamp64\www\eshopper\app\Controllers\Admin\BaseController.php(95): view('admin/layout/ap...', Array)
#9 D:\wamp64\www\eshopper\app\Controllers\Admin\Admins.php(18): App\Controllers\Admin\BaseController->loadView('users/index', 'Admins')
#10 D:\wamp64\www\eshopper\system\CodeIgniter.php(936): App\Controllers\Admin\Admins->index()
#11 D:\wamp64\www\eshopper\system\CodeIgniter.php(432): CodeIgniter\CodeIgniter->runController(Object(App\Controllers\Admin\Admins))
#12 D:\wamp64\www\eshopper\system\CodeIgniter.php(333): CodeIgniter\CodeIgniter->handleRequest(NULL, Object(Config\Cache), false)
#13 D:\wamp64\www\eshopper\public\index.php(44): CodeIgniter\CodeIgniter->run()
#14 {main}
CRITICAL - 2021-04-27 16:22:06 --> Undefined index: enabled
#0 D:\wamp64\www\eshopper\app\Views\admin\users\index.php(26): CodeIgniter\Debug\Exceptions->errorHandler(8, 'Undefined index...', 'D:\\wamp64\\www\\e...', 26, Array)
#1 D:\wamp64\www\eshopper\system\View\View.php(220): include('D:\\wamp64\\www\\e...')
#2 D:\wamp64\www\eshopper\system\View\View.php(222): CodeIgniter\View\View->CodeIgniter\View\{closure}()
#3 D:\wamp64\www\eshopper\system\Common.php(1217): CodeIgniter\View\View->render('admin/users/ind...', Array, true)
#4 D:\wamp64\www\eshopper\app\Views\admin\layout\app.php(115): view('admin/users/ind...', Array)
#5 D:\wamp64\www\eshopper\system\View\View.php(220): include('D:\\wamp64\\www\\e...')
#6 D:\wamp64\www\eshopper\system\View\View.php(222): CodeIgniter\View\View->CodeIgniter\View\{closure}()
#7 D:\wamp64\www\eshopper\system\Common.php(1217): CodeIgniter\View\View->render('admin/layout/ap...', Array, true)
#8 D:\wamp64\www\eshopper\app\Controllers\Admin\BaseController.php(95): view('admin/layout/ap...', Array)
#9 D:\wamp64\www\eshopper\app\Controllers\Admin\Admins.php(18): App\Controllers\Admin\BaseController->loadView('users/index', 'Admins', Array)
#10 D:\wamp64\www\eshopper\system\CodeIgniter.php(936): App\Controllers\Admin\Admins->index()
#11 D:\wamp64\www\eshopper\system\CodeIgniter.php(432): CodeIgniter\CodeIgniter->runController(Object(App\Controllers\Admin\Admins))
#12 D:\wamp64\www\eshopper\system\CodeIgniter.php(333): CodeIgniter\CodeIgniter->handleRequest(NULL, Object(Config\Cache), false)
#13 D:\wamp64\www\eshopper\public\index.php(44): CodeIgniter\CodeIgniter->run()
#14 {main}
CRITICAL - 2021-04-27 16:22:09 --> Undefined index: enabled
#0 D:\wamp64\www\eshopper\app\Views\admin\users\index.php(26): CodeIgniter\Debug\Exceptions->errorHandler(8, 'Undefined index...', 'D:\\wamp64\\www\\e...', 26, Array)
#1 D:\wamp64\www\eshopper\system\View\View.php(220): include('D:\\wamp64\\www\\e...')
#2 D:\wamp64\www\eshopper\system\View\View.php(222): CodeIgniter\View\View->CodeIgniter\View\{closure}()
#3 D:\wamp64\www\eshopper\system\Common.php(1217): CodeIgniter\View\View->render('admin/users/ind...', Array, true)
#4 D:\wamp64\www\eshopper\app\Views\admin\layout\app.php(115): view('admin/users/ind...', Array)
#5 D:\wamp64\www\eshopper\system\View\View.php(220): include('D:\\wamp64\\www\\e...')
#6 D:\wamp64\www\eshopper\system\View\View.php(222): CodeIgniter\View\View->CodeIgniter\View\{closure}()
#7 D:\wamp64\www\eshopper\system\Common.php(1217): CodeIgniter\View\View->render('admin/layout/ap...', Array, true)
#8 D:\wamp64\www\eshopper\app\Controllers\Admin\BaseController.php(95): view('admin/layout/ap...', Array)
#9 D:\wamp64\www\eshopper\app\Controllers\Admin\Admins.php(18): App\Controllers\Admin\BaseController->loadView('users/index', 'Admins', Array)
#10 D:\wamp64\www\eshopper\system\CodeIgniter.php(936): App\Controllers\Admin\Admins->index()
#11 D:\wamp64\www\eshopper\system\CodeIgniter.php(432): CodeIgniter\CodeIgniter->runController(Object(App\Controllers\Admin\Admins))
#12 D:\wamp64\www\eshopper\system\CodeIgniter.php(333): CodeIgniter\CodeIgniter->handleRequest(NULL, Object(Config\Cache), false)
#13 D:\wamp64\www\eshopper\public\index.php(44): CodeIgniter\CodeIgniter->run()
#14 {main}
CRITICAL - 2021-04-27 16:22:12 --> Undefined index: enabled
#0 D:\wamp64\www\eshopper\app\Views\admin\users\index.php(26): CodeIgniter\Debug\Exceptions->errorHandler(8, 'Undefined index...', 'D:\\wamp64\\www\\e...', 26, Array)
#1 D:\wamp64\www\eshopper\system\View\View.php(220): include('D:\\wamp64\\www\\e...')
#2 D:\wamp64\www\eshopper\system\View\View.php(222): CodeIgniter\View\View->CodeIgniter\View\{closure}()
#3 D:\wamp64\www\eshopper\system\Common.php(1217): CodeIgniter\View\View->render('admin/users/ind...', Array, true)
#4 D:\wamp64\www\eshopper\app\Views\admin\layout\app.php(115): view('admin/users/ind...', Array)
#5 D:\wamp64\www\eshopper\system\View\View.php(220): include('D:\\wamp64\\www\\e...')
#6 D:\wamp64\www\eshopper\system\View\View.php(222): CodeIgniter\View\View->CodeIgniter\View\{closure}()
#7 D:\wamp64\www\eshopper\system\Common.php(1217): CodeIgniter\View\View->render('admin/layout/ap...', Array, true)
#8 D:\wamp64\www\eshopper\app\Controllers\Admin\BaseController.php(95): view('admin/layout/ap...', Array)
#9 D:\wamp64\www\eshopper\app\Controllers\Admin\Admins.php(18): App\Controllers\Admin\BaseController->loadView('users/index', 'Admins', Array)
#10 D:\wamp64\www\eshopper\system\CodeIgniter.php(936): App\Controllers\Admin\Admins->index()
#11 D:\wamp64\www\eshopper\system\CodeIgniter.php(432): CodeIgniter\CodeIgniter->runController(Object(App\Controllers\Admin\Admins))
#12 D:\wamp64\www\eshopper\system\CodeIgniter.php(333): CodeIgniter\CodeIgniter->handleRequest(NULL, Object(Config\Cache), false)
#13 D:\wamp64\www\eshopper\public\index.php(44): CodeIgniter\CodeIgniter->run()
#14 {main}
CRITICAL - 2021-04-27 16:29:18 --> Undefined property: App\Controllers\Admin\Admins::$categories_model
#0 D:\wamp64\www\eshopper\app\Controllers\Admin\Admins.php(25): CodeIgniter\Debug\Exceptions->errorHandler(8, 'Undefined prope...', 'D:\\wamp64\\www\\e...', 25, Array)
#1 D:\wamp64\www\eshopper\system\CodeIgniter.php(936): App\Controllers\Admin\Admins->deleteRow('2')
#2 D:\wamp64\www\eshopper\system\CodeIgniter.php(432): CodeIgniter\CodeIgniter->runController(Object(App\Controllers\Admin\Admins))
#3 D:\wamp64\www\eshopper\system\CodeIgniter.php(333): CodeIgniter\CodeIgniter->handleRequest(NULL, Object(Config\Cache), false)
#4 D:\wamp64\www\eshopper\public\index.php(44): CodeIgniter\CodeIgniter->run()
#5 {main}
CRITICAL - 2021-04-27 16:45:26 --> Call to undefined method App\Models\LoginModel::add
#0 D:\wamp64\www\eshopper\app\Controllers\Admin\Admins.php(46): CodeIgniter\Model->__call('add', Array)
#1 D:\wamp64\www\eshopper\system\CodeIgniter.php(936): App\Controllers\Admin\Admins->add()
#2 D:\wamp64\www\eshopper\system\CodeIgniter.php(432): CodeIgniter\CodeIgniter->runController(Object(App\Controllers\Admin\Admins))
#3 D:\wamp64\www\eshopper\system\CodeIgniter.php(333): CodeIgniter\CodeIgniter->handleRequest(NULL, Object(Config\Cache), false)
#4 D:\wamp64\www\eshopper\public\index.php(44): CodeIgniter\CodeIgniter->run()
#5 {main}
ERROR - 2021-04-27 16:46:02 --> mysqli_sql_exception: Unknown column 'susbend' in 'field list' in D:\wamp64\www\eshopper\system\Database\MySQLi\Connection.php:314
Stack trace:
#0 D:\wamp64\www\eshopper\system\Database\MySQLi\Connection.php(314): mysqli->query('INSERT INTO `us...')
#1 D:\wamp64\www\eshopper\system\Database\BaseConnection.php(713): CodeIgniter\Database\MySQLi\Connection->execute('INSERT INTO `us...')
#2 D:\wamp64\www\eshopper\system\Database\BaseConnection.php(641): CodeIgniter\Database\BaseConnection->simpleQuery('INSERT INTO `us...')
#3 D:\wamp64\www\eshopper\system\Database\BaseBuilder.php(2263): CodeIgniter\Database\BaseConnection->query('INSERT INTO `us...', Array, false)
#4 D:\wamp64\www\eshopper\app\Models\LoginModel.php(48): CodeIgniter\Database\BaseBuilder->insert(Array)
#5 D:\wamp64\www\eshopper\app\Controllers\Admin\Admins.php(46): App\Models\LoginModel->add(Array)
#6 D:\wamp64\www\eshopper\system\CodeIgniter.php(936): App\Controllers\Admin\Admins->add()
#7 D:\wamp64\www\eshopper\system\CodeIgniter.php(432): CodeIgniter\CodeIgniter->runController(Object(App\Controllers\Admin\Admins))
#8 D:\wamp64\www\eshopper\system\CodeIgniter.php(333): CodeIgniter\CodeIgniter->handleRequest(NULL, Object(Config\Cache), false)
#9 D:\wamp64\www\eshopper\public\index.php(44): CodeIgniter\CodeIgniter->run()
#10 {main}
CRITICAL - 2021-04-27 16:46:02 --> Unknown column 'susbend' in 'field list'
#0 D:\wamp64\www\eshopper\system\Database\MySQLi\Connection.php(314): mysqli->query('INSERT INTO `us...')
#1 D:\wamp64\www\eshopper\system\Database\BaseConnection.php(713): CodeIgniter\Database\MySQLi\Connection->execute('INSERT INTO `us...')
#2 D:\wamp64\www\eshopper\system\Database\BaseConnection.php(641): CodeIgniter\Database\BaseConnection->simpleQuery('INSERT INTO `us...')
#3 D:\wamp64\www\eshopper\system\Database\BaseBuilder.php(2263): CodeIgniter\Database\BaseConnection->query('INSERT INTO `us...', Array, false)
#4 D:\wamp64\www\eshopper\app\Models\LoginModel.php(48): CodeIgniter\Database\BaseBuilder->insert(Array)
#5 D:\wamp64\www\eshopper\app\Controllers\Admin\Admins.php(46): App\Models\LoginModel->add(Array)
#6 D:\wamp64\www\eshopper\system\CodeIgniter.php(936): App\Controllers\Admin\Admins->add()
#7 D:\wamp64\www\eshopper\system\CodeIgniter.php(432): CodeIgniter\CodeIgniter->runController(Object(App\Controllers\Admin\Admins))
#8 D:\wamp64\www\eshopper\system\CodeIgniter.php(333): CodeIgniter\CodeIgniter->handleRequest(NULL, Object(Config\Cache), false)
#9 D:\wamp64\www\eshopper\public\index.php(44): CodeIgniter\CodeIgniter->run()
#10 {main}
CRITICAL - 2021-04-27 17:04:29 --> Undefined variable: data
#0 D:\wamp64\www\eshopper\app\Controllers\Admin\Admins.php(51): CodeIgniter\Debug\Exceptions->errorHandler(8, 'Undefined varia...', 'D:\\wamp64\\www\\e...', 51, Array)
#1 D:\wamp64\www\eshopper\system\CodeIgniter.php(936): App\Controllers\Admin\Admins->add()
#2 D:\wamp64\www\eshopper\system\CodeIgniter.php(432): CodeIgniter\CodeIgniter->runController(Object(App\Controllers\Admin\Admins))
#3 D:\wamp64\www\eshopper\system\CodeIgniter.php(333): CodeIgniter\CodeIgniter->handleRequest(NULL, Object(Config\Cache), false)
#4 D:\wamp64\www\eshopper\public\index.php(44): CodeIgniter\CodeIgniter->run()
#5 {main}
CRITICAL - 2021-04-27 17:04:44 --> Undefined variable: categories
#0 D:\wamp64\www\eshopper\app\Views\admin\products\add.php(43): CodeIgniter\Debug\Exceptions->errorHandler(8, 'Undefined varia...', 'D:\\wamp64\\www\\e...', 43, Array)
#1 D:\wamp64\www\eshopper\system\View\View.php(220): include('D:\\wamp64\\www\\e...')
#2 D:\wamp64\www\eshopper\system\View\View.php(222): CodeIgniter\View\View->CodeIgniter\View\{closure}()
#3 D:\wamp64\www\eshopper\system\Common.php(1217): CodeIgniter\View\View->render('admin/products/...', Array, true)
#4 D:\wamp64\www\eshopper\app\Views\admin\layout\app.php(115): view('admin/products/...', Array)
#5 D:\wamp64\www\eshopper\system\View\View.php(220): include('D:\\wamp64\\www\\e...')
#6 D:\wamp64\www\eshopper\system\View\View.php(222): CodeIgniter\View\View->CodeIgniter\View\{closure}()
#7 D:\wamp64\www\eshopper\system\Common.php(1217): CodeIgniter\View\View->render('admin/layout/ap...', Array, true)
#8 D:\wamp64\www\eshopper\app\Controllers\Admin\BaseController.php(95): view('admin/layout/ap...', Array)
#9 D:\wamp64\www\eshopper\app\Controllers\Admin\Admins.php(51): App\Controllers\Admin\BaseController->loadView('products/add', 'add product')
#10 D:\wamp64\www\eshopper\system\CodeIgniter.php(936): App\Controllers\Admin\Admins->add()
#11 D:\wamp64\www\eshopper\system\CodeIgniter.php(432): CodeIgniter\CodeIgniter->runController(Object(App\Controllers\Admin\Admins))
#12 D:\wamp64\www\eshopper\system\CodeIgniter.php(333): CodeIgniter\CodeIgniter->handleRequest(NULL, Object(Config\Cache), false)
#13 D:\wamp64\www\eshopper\public\index.php(44): CodeIgniter\CodeIgniter->run()
#14 {main}
CRITICAL - 2021-04-27 17:30:00 --> Undefined property: App\Controllers\Admin\Admins::$categories_model
#0 D:\wamp64\www\eshopper\app\Controllers\Admin\Admins.php(133): CodeIgniter\Debug\Exceptions->errorHandler(8, 'Undefined prope...', 'D:\\wamp64\\www\\e...', 133, Array)
#1 D:\wamp64\www\eshopper\system\CodeIgniter.php(936): App\Controllers\Admin\Admins->edit('7')
#2 D:\wamp64\www\eshopper\system\CodeIgniter.php(432): CodeIgniter\CodeIgniter->runController(Object(App\Controllers\Admin\Admins))
#3 D:\wamp64\www\eshopper\system\CodeIgniter.php(333): CodeIgniter\CodeIgniter->handleRequest(NULL, Object(Config\Cache), false)
#4 D:\wamp64\www\eshopper\public\index.php(44): CodeIgniter\CodeIgniter->run()
#5 {main}
CRITICAL - 2021-04-27 17:30:28 --> Undefined property: App\Controllers\Admin\Admins::$ogin_model
#0 D:\wamp64\www\eshopper\app\Controllers\Admin\Admins.php(133): CodeIgniter\Debug\Exceptions->errorHandler(8, 'Undefined prope...', 'D:\\wamp64\\www\\e...', 133, Array)
#1 D:\wamp64\www\eshopper\system\CodeIgniter.php(936): App\Controllers\Admin\Admins->edit('7')
#2 D:\wamp64\www\eshopper\system\CodeIgniter.php(432): CodeIgniter\CodeIgniter->runController(Object(App\Controllers\Admin\Admins))
#3 D:\wamp64\www\eshopper\system\CodeIgniter.php(333): CodeIgniter\CodeIgniter->handleRequest(NULL, Object(Config\Cache), false)
#4 D:\wamp64\www\eshopper\public\index.php(44): CodeIgniter\CodeIgniter->run()
#5 {main}
CRITICAL - 2021-04-27 17:32:41 --> Undefined index: suspend
#0 D:\wamp64\www\eshopper\app\Views\admin\users\edit.php(19): CodeIgniter\Debug\Exceptions->errorHandler(8, 'Undefined index...', 'D:\\wamp64\\www\\e...', 19, Array)
#1 D:\wamp64\www\eshopper\system\View\View.php(220): include('D:\\wamp64\\www\\e...')
#2 D:\wamp64\www\eshopper\system\View\View.php(222): CodeIgniter\View\View->CodeIgniter\View\{closure}()
#3 D:\wamp64\www\eshopper\system\Common.php(1217): CodeIgniter\View\View->render('admin/users/edi...', Array, true)
#4 D:\wamp64\www\eshopper\app\Views\admin\layout\app.php(115): view('admin/users/edi...', Array)
#5 D:\wamp64\www\eshopper\system\View\View.php(220): include('D:\\wamp64\\www\\e...')
#6 D:\wamp64\www\eshopper\system\View\View.php(222): CodeIgniter\View\View->CodeIgniter\View\{closure}()
#7 D:\wamp64\www\eshopper\system\Common.php(1217): CodeIgniter\View\View->render('admin/layout/ap...', Array, true)
#8 D:\wamp64\www\eshopper\app\Controllers\Admin\BaseController.php(95): view('admin/layout/ap...', Array)
#9 D:\wamp64\www\eshopper\app\Controllers\Admin\Admins.php(135): App\Controllers\Admin\BaseController->loadView('users/edit', 'edit user', Array)
#10 D:\wamp64\www\eshopper\system\CodeIgniter.php(936): App\Controllers\Admin\Admins->edit('7')
#11 D:\wamp64\www\eshopper\system\CodeIgniter.php(432): CodeIgniter\CodeIgniter->runController(Object(App\Controllers\Admin\Admins))
#12 D:\wamp64\www\eshopper\system\CodeIgniter.php(333): CodeIgniter\CodeIgniter->handleRequest(NULL, Object(Config\Cache), false)
#13 D:\wamp64\www\eshopper\public\index.php(44): CodeIgniter\CodeIgniter->run()
#14 {main}
CRITICAL - 2021-04-27 17:33:30 --> Call to undefined method App\Models\LoginModel::edit
#0 D:\wamp64\www\eshopper\app\Controllers\Admin\Admins.php(125): CodeIgniter\Model->__call('edit', Array)
#1 D:\wamp64\www\eshopper\system\CodeIgniter.php(936): App\Controllers\Admin\Admins->edit('7')
#2 D:\wamp64\www\eshopper\system\CodeIgniter.php(432): CodeIgniter\CodeIgniter->runController(Object(App\Controllers\Admin\Admins))
#3 D:\wamp64\www\eshopper\system\CodeIgniter.php(333): CodeIgniter\CodeIgniter->handleRequest(NULL, Object(Config\Cache), false)
#4 D:\wamp64\www\eshopper\public\index.php(44): CodeIgniter\CodeIgniter->run()
#5 {main}
ERROR - 2021-04-27 17:34:21 --> mysqli_sql_exception: Unknown column 'enabled' in 'field list' in D:\wamp64\www\eshopper\system\Database\MySQLi\Connection.php:314
Stack trace:
#0 D:\wamp64\www\eshopper\system\Database\MySQLi\Connection.php(314): mysqli->query('UPDATE `users` ...')
#1 D:\wamp64\www\eshopper\system\Database\BaseConnection.php(713): CodeIgniter\Database\MySQLi\Connection->execute('UPDATE `users` ...')
#2 D:\wamp64\www\eshopper\system\Database\BaseConnection.php(641): CodeIgniter\Database\BaseConnection->simpleQuery('UPDATE `users` ...')
#3 D:\wamp64\www\eshopper\system\Database\BaseBuilder.php(2468): CodeIgniter\Database\BaseConnection->query('UPDATE `users` ...', Array, false)
#4 D:\wamp64\www\eshopper\app\Models\LoginModel.php(89): CodeIgniter\Database\BaseBuilder->update(Array)
#5 D:\wamp64\www\eshopper\app\Controllers\Admin\Admins.php(125): App\Models\LoginModel->edit(Array, '7')
#6 D:\wamp64\www\eshopper\system\CodeIgniter.php(936): App\Controllers\Admin\Admins->edit('7')
#7 D:\wamp64\www\eshopper\system\CodeIgniter.php(432): CodeIgniter\CodeIgniter->runController(Object(App\Controllers\Admin\Admins))
#8 D:\wamp64\www\eshopper\system\CodeIgniter.php(333): CodeIgniter\CodeIgniter->handleRequest(NULL, Object(Config\Cache), false)
#9 D:\wamp64\www\eshopper\public\index.php(44): CodeIgniter\CodeIgniter->run()
#10 {main}
CRITICAL - 2021-04-27 17:34:21 --> Unknown column 'enabled' in 'field list'
#0 D:\wamp64\www\eshopper\system\Database\MySQLi\Connection.php(314): mysqli->query('UPDATE `users` ...')
#1 D:\wamp64\www\eshopper\system\Database\BaseConnection.php(713): CodeIgniter\Database\MySQLi\Connection->execute('UPDATE `users` ...')
#2 D:\wamp64\www\eshopper\system\Database\BaseConnection.php(641): CodeIgniter\Database\BaseConnection->simpleQuery('UPDATE `users` ...')
#3 D:\wamp64\www\eshopper\system\Database\BaseBuilder.php(2468): CodeIgniter\Database\BaseConnection->query('UPDATE `users` ...', Array, false)
#4 D:\wamp64\www\eshopper\app\Models\LoginModel.php(89): CodeIgniter\Database\BaseBuilder->update(Array)
#5 D:\wamp64\www\eshopper\app\Controllers\Admin\Admins.php(125): App\Models\LoginModel->edit(Array, '7')
#6 D:\wamp64\www\eshopper\system\CodeIgniter.php(936): App\Controllers\Admin\Admins->edit('7')
#7 D:\wamp64\www\eshopper\system\CodeIgniter.php(432): CodeIgniter\CodeIgniter->runController(Object(App\Controllers\Admin\Admins))
#8 D:\wamp64\www\eshopper\system\CodeIgniter.php(333): CodeIgniter\CodeIgniter->handleRequest(NULL, Object(Config\Cache), false)
#9 D:\wamp64\www\eshopper\public\index.php(44): CodeIgniter\CodeIgniter->run()
#10 {main}
