CRITICAL - 2021-04-22 19:03:56 --> Class 'App\Models\CategoriesModel' not found
#0 D:\wamp64\www\eshopper\system\CodeIgniter.php(908): App\Controllers\Admin\Categories->__construct()
#1 D:\wamp64\www\eshopper\system\CodeIgniter.php(422): CodeIgniter\CodeIgniter->createController()
#2 D:\wamp64\www\eshopper\system\CodeIgniter.php(333): CodeIgniter\CodeIgniter->handleRequest(NULL, Object(Config\Cache), false)
#3 D:\wamp64\www\eshopper\public\index.php(44): CodeIgniter\CodeIgniter->run()
#4 {main}
CRITICAL - 2021-04-22 19:34:21 --> Undefined variable: categories
#0 D:\wamp64\www\eshopper\app\Views\admin\categories\index.php(20): CodeIgniter\Debug\Exceptions->errorHandler(8, 'Undefined varia...', 'D:\\wamp64\\www\\e...', 20, Array)
#1 D:\wamp64\www\eshopper\system\View\View.php(220): include('D:\\wamp64\\www\\e...')
#2 D:\wamp64\www\eshopper\system\View\View.php(222): CodeIgniter\View\View->CodeIgniter\View\{closure}()
#3 D:\wamp64\www\eshopper\system\Common.php(1217): CodeIgniter\View\View->render('admin/Categorie...', Array, true)
#4 D:\wamp64\www\eshopper\app\Views\admin\layout\app.php(115): view('admin/Categorie...', Array)
#5 D:\wamp64\www\eshopper\system\View\View.php(220): include('D:\\wamp64\\www\\e...')
#6 D:\wamp64\www\eshopper\system\View\View.php(222): CodeIgniter\View\View->CodeIgniter\View\{closure}()
#7 D:\wamp64\www\eshopper\system\Common.php(1217): CodeIgniter\View\View->render('admin/layout/ap...', Array, true)
#8 D:\wamp64\www\eshopper\app\Controllers\Admin\BaseController.php(95): view('admin/layout/ap...', Array)
#9 D:\wamp64\www\eshopper\app\Controllers\Admin\Categories.php(20): App\Controllers\Admin\BaseController->loadView('Categories/inde...', 'Categories')
#10 D:\wamp64\www\eshopper\system\CodeIgniter.php(936): App\Controllers\Admin\Categories->index()
#11 D:\wamp64\www\eshopper\system\CodeIgniter.php(432): CodeIgniter\CodeIgniter->runController(Object(App\Controllers\Admin\Categories))
#12 D:\wamp64\www\eshopper\system\CodeIgniter.php(333): CodeIgniter\CodeIgniter->handleRequest(NULL, Object(Config\Cache), false)
#13 D:\wamp64\www\eshopper\public\index.php(44): CodeIgniter\CodeIgniter->run()
#14 {main}
CRITICAL - 2021-04-22 19:37:16 --> Invalid file: admin/categories/edit/1.php
#0 D:\wamp64\www\eshopper\system\View\View.php(203): CodeIgniter\Exceptions\FrameworkException::forInvalidFile('admin/categorie...')
#1 D:\wamp64\www\eshopper\system\Common.php(1217): CodeIgniter\View\View->render('admin/categorie...', Array, true)
#2 D:\wamp64\www\eshopper\app\Views\admin\categories\index.php(35): view('admin/categorie...')
#3 D:\wamp64\www\eshopper\system\View\View.php(220): include('D:\\wamp64\\www\\e...')
#4 D:\wamp64\www\eshopper\system\View\View.php(222): CodeIgniter\View\View->CodeIgniter\View\{closure}()
#5 D:\wamp64\www\eshopper\system\Common.php(1217): CodeIgniter\View\View->render('admin/Categorie...', Array, true)
#6 D:\wamp64\www\eshopper\app\Views\admin\layout\app.php(115): view('admin/Categorie...', Array)
#7 D:\wamp64\www\eshopper\system\View\View.php(220): include('D:\\wamp64\\www\\e...')
#8 D:\wamp64\www\eshopper\system\View\View.php(222): CodeIgniter\View\View->CodeIgniter\View\{closure}()
#9 D:\wamp64\www\eshopper\system\Common.php(1217): CodeIgniter\View\View->render('admin/layout/ap...', Array, true)
#10 D:\wamp64\www\eshopper\app\Controllers\Admin\BaseController.php(95): view('admin/layout/ap...', Array)
#11 D:\wamp64\www\eshopper\app\Controllers\Admin\Categories.php(20): App\Controllers\Admin\BaseController->loadView('Categories/inde...', 'Categories', Array)
#12 D:\wamp64\www\eshopper\system\CodeIgniter.php(936): App\Controllers\Admin\Categories->index()
#13 D:\wamp64\www\eshopper\system\CodeIgniter.php(432): CodeIgniter\CodeIgniter->runController(Object(App\Controllers\Admin\Categories))
#14 D:\wamp64\www\eshopper\system\CodeIgniter.php(333): CodeIgniter\CodeIgniter->handleRequest(NULL, Object(Config\Cache), false)
#15 D:\wamp64\www\eshopper\public\index.php(44): CodeIgniter\CodeIgniter->run()
#16 {main}
CRITICAL - 2021-04-22 19:40:42 --> Invalid file: admin/categories/edit/1.php
#0 D:\wamp64\www\eshopper\system\View\View.php(203): CodeIgniter\Exceptions\FrameworkException::forInvalidFile('admin/categorie...')
#1 D:\wamp64\www\eshopper\system\Common.php(1217): CodeIgniter\View\View->render('admin/categorie...', Array, true)
#2 D:\wamp64\www\eshopper\app\Views\admin\categories\index.php(35): view('admin/categorie...')
#3 D:\wamp64\www\eshopper\system\View\View.php(220): include('D:\\wamp64\\www\\e...')
#4 D:\wamp64\www\eshopper\system\View\View.php(222): CodeIgniter\View\View->CodeIgniter\View\{closure}()
#5 D:\wamp64\www\eshopper\system\Common.php(1217): CodeIgniter\View\View->render('admin/Categorie...', Array, true)
#6 D:\wamp64\www\eshopper\app\Views\admin\layout\app.php(115): view('admin/Categorie...', Array)
#7 D:\wamp64\www\eshopper\system\View\View.php(220): include('D:\\wamp64\\www\\e...')
#8 D:\wamp64\www\eshopper\system\View\View.php(222): CodeIgniter\View\View->CodeIgniter\View\{closure}()
#9 D:\wamp64\www\eshopper\system\Common.php(1217): CodeIgniter\View\View->render('admin/layout/ap...', Array, true)
#10 D:\wamp64\www\eshopper\app\Controllers\Admin\BaseController.php(95): view('admin/layout/ap...', Array)
#11 D:\wamp64\www\eshopper\app\Controllers\Admin\Categories.php(20): App\Controllers\Admin\BaseController->loadView('Categories/inde...', 'Categories', Array)
#12 D:\wamp64\www\eshopper\system\CodeIgniter.php(936): App\Controllers\Admin\Categories->index()
#13 D:\wamp64\www\eshopper\system\CodeIgniter.php(432): CodeIgniter\CodeIgniter->runController(Object(App\Controllers\Admin\Categories))
#14 D:\wamp64\www\eshopper\system\CodeIgniter.php(333): CodeIgniter\CodeIgniter->handleRequest(NULL, Object(Config\Cache), false)
#15 D:\wamp64\www\eshopper\public\index.php(44): CodeIgniter\CodeIgniter->run()
#16 {main}
CRITICAL - 2021-04-22 19:40:44 --> Invalid file: admin/categories/edit/1.php
#0 D:\wamp64\www\eshopper\system\View\View.php(203): CodeIgniter\Exceptions\FrameworkException::forInvalidFile('admin/categorie...')
#1 D:\wamp64\www\eshopper\system\Common.php(1217): CodeIgniter\View\View->render('admin/categorie...', Array, true)
#2 D:\wamp64\www\eshopper\app\Views\admin\categories\index.php(35): view('admin/categorie...')
#3 D:\wamp64\www\eshopper\system\View\View.php(220): include('D:\\wamp64\\www\\e...')
#4 D:\wamp64\www\eshopper\system\View\View.php(222): CodeIgniter\View\View->CodeIgniter\View\{closure}()
#5 D:\wamp64\www\eshopper\system\Common.php(1217): CodeIgniter\View\View->render('admin/Categorie...', Array, true)
#6 D:\wamp64\www\eshopper\app\Views\admin\layout\app.php(115): view('admin/Categorie...', Array)
#7 D:\wamp64\www\eshopper\system\View\View.php(220): include('D:\\wamp64\\www\\e...')
#8 D:\wamp64\www\eshopper\system\View\View.php(222): CodeIgniter\View\View->CodeIgniter\View\{closure}()
#9 D:\wamp64\www\eshopper\system\Common.php(1217): CodeIgniter\View\View->render('admin/layout/ap...', Array, true)
#10 D:\wamp64\www\eshopper\app\Controllers\Admin\BaseController.php(95): view('admin/layout/ap...', Array)
#11 D:\wamp64\www\eshopper\app\Controllers\Admin\Categories.php(20): App\Controllers\Admin\BaseController->loadView('Categories/inde...', 'Categories', Array)
#12 D:\wamp64\www\eshopper\system\CodeIgniter.php(936): App\Controllers\Admin\Categories->index()
#13 D:\wamp64\www\eshopper\system\CodeIgniter.php(432): CodeIgniter\CodeIgniter->runController(Object(App\Controllers\Admin\Categories))
#14 D:\wamp64\www\eshopper\system\CodeIgniter.php(333): CodeIgniter\CodeIgniter->handleRequest(NULL, Object(Config\Cache), false)
#15 D:\wamp64\www\eshopper\public\index.php(44): CodeIgniter\CodeIgniter->run()
#16 {main}
CRITICAL - 2021-04-22 19:41:39 --> Invalid file: admin/categories/edit/1.php
#0 D:\wamp64\www\eshopper\system\View\View.php(203): CodeIgniter\Exceptions\FrameworkException::forInvalidFile('admin/categorie...')
#1 D:\wamp64\www\eshopper\system\Common.php(1217): CodeIgniter\View\View->render('admin/categorie...', Array, true)
#2 D:\wamp64\www\eshopper\app\Views\admin\categories\index.php(35): view('admin/categorie...')
#3 D:\wamp64\www\eshopper\system\View\View.php(220): include('D:\\wamp64\\www\\e...')
#4 D:\wamp64\www\eshopper\system\View\View.php(222): CodeIgniter\View\View->CodeIgniter\View\{closure}()
#5 D:\wamp64\www\eshopper\system\Common.php(1217): CodeIgniter\View\View->render('admin/Categorie...', Array, true)
#6 D:\wamp64\www\eshopper\app\Views\admin\layout\app.php(115): view('admin/Categorie...', Array)
#7 D:\wamp64\www\eshopper\system\View\View.php(220): include('D:\\wamp64\\www\\e...')
#8 D:\wamp64\www\eshopper\system\View\View.php(222): CodeIgniter\View\View->CodeIgniter\View\{closure}()
#9 D:\wamp64\www\eshopper\system\Common.php(1217): CodeIgniter\View\View->render('admin/layout/ap...', Array, true)
#10 D:\wamp64\www\eshopper\app\Controllers\Admin\BaseController.php(95): view('admin/layout/ap...', Array)
#11 D:\wamp64\www\eshopper\app\Controllers\Admin\Categories.php(21): App\Controllers\Admin\BaseController->loadView('Categories/inde...', 'Categories', Array)
#12 D:\wamp64\www\eshopper\system\CodeIgniter.php(936): App\Controllers\Admin\Categories->index()
#13 D:\wamp64\www\eshopper\system\CodeIgniter.php(432): CodeIgniter\CodeIgniter->runController(Object(App\Controllers\Admin\Categories))
#14 D:\wamp64\www\eshopper\system\CodeIgniter.php(333): CodeIgniter\CodeIgniter->handleRequest(NULL, Object(Config\Cache), false)
#15 D:\wamp64\www\eshopper\public\index.php(44): CodeIgniter\CodeIgniter->run()
#16 {main}
CRITICAL - 2021-04-22 19:41:41 --> Invalid file: admin/categories/edit/1.php
#0 D:\wamp64\www\eshopper\system\View\View.php(203): CodeIgniter\Exceptions\FrameworkException::forInvalidFile('admin/categorie...')
#1 D:\wamp64\www\eshopper\system\Common.php(1217): CodeIgniter\View\View->render('admin/categorie...', Array, true)
#2 D:\wamp64\www\eshopper\app\Views\admin\categories\index.php(35): view('admin/categorie...')
#3 D:\wamp64\www\eshopper\system\View\View.php(220): include('D:\\wamp64\\www\\e...')
#4 D:\wamp64\www\eshopper\system\View\View.php(222): CodeIgniter\View\View->CodeIgniter\View\{closure}()
#5 D:\wamp64\www\eshopper\system\Common.php(1217): CodeIgniter\View\View->render('admin/Categorie...', Array, true)
#6 D:\wamp64\www\eshopper\app\Views\admin\layout\app.php(115): view('admin/Categorie...', Array)
#7 D:\wamp64\www\eshopper\system\View\View.php(220): include('D:\\wamp64\\www\\e...')
#8 D:\wamp64\www\eshopper\system\View\View.php(222): CodeIgniter\View\View->CodeIgniter\View\{closure}()
#9 D:\wamp64\www\eshopper\system\Common.php(1217): CodeIgniter\View\View->render('admin/layout/ap...', Array, true)
#10 D:\wamp64\www\eshopper\app\Controllers\Admin\BaseController.php(95): view('admin/layout/ap...', Array)
#11 D:\wamp64\www\eshopper\app\Controllers\Admin\Categories.php(21): App\Controllers\Admin\BaseController->loadView('Categories/inde...', 'Categories', Array)
#12 D:\wamp64\www\eshopper\system\CodeIgniter.php(936): App\Controllers\Admin\Categories->index()
#13 D:\wamp64\www\eshopper\system\CodeIgniter.php(432): CodeIgniter\CodeIgniter->runController(Object(App\Controllers\Admin\Categories))
#14 D:\wamp64\www\eshopper\system\CodeIgniter.php(333): CodeIgniter\CodeIgniter->handleRequest(NULL, Object(Config\Cache), false)
#15 D:\wamp64\www\eshopper\public\index.php(44): CodeIgniter\CodeIgniter->run()
#16 {main}
CRITICAL - 2021-04-22 19:41:55 --> Invalid file: admin/categories/edit/1.php
#0 D:\wamp64\www\eshopper\system\View\View.php(203): CodeIgniter\Exceptions\FrameworkException::forInvalidFile('admin/categorie...')
#1 D:\wamp64\www\eshopper\system\Common.php(1217): CodeIgniter\View\View->render('admin/categorie...', Array, true)
#2 D:\wamp64\www\eshopper\app\Views\admin\categories\index.php(35): view('admin/categorie...')
#3 D:\wamp64\www\eshopper\system\View\View.php(220): include('D:\\wamp64\\www\\e...')
#4 D:\wamp64\www\eshopper\system\View\View.php(222): CodeIgniter\View\View->CodeIgniter\View\{closure}()
#5 D:\wamp64\www\eshopper\system\Common.php(1217): CodeIgniter\View\View->render('admin/Categorie...', Array, true)
#6 D:\wamp64\www\eshopper\app\Views\admin\layout\app.php(115): view('admin/Categorie...', Array)
#7 D:\wamp64\www\eshopper\system\View\View.php(220): include('D:\\wamp64\\www\\e...')
#8 D:\wamp64\www\eshopper\system\View\View.php(222): CodeIgniter\View\View->CodeIgniter\View\{closure}()
#9 D:\wamp64\www\eshopper\system\Common.php(1217): CodeIgniter\View\View->render('admin/layout/ap...', Array, true)
#10 D:\wamp64\www\eshopper\app\Controllers\Admin\BaseController.php(95): view('admin/layout/ap...', Array)
#11 D:\wamp64\www\eshopper\app\Controllers\Admin\Categories.php(21): App\Controllers\Admin\BaseController->loadView('Categories/inde...', 'Categories', Array)
#12 D:\wamp64\www\eshopper\system\CodeIgniter.php(936): App\Controllers\Admin\Categories->index()
#13 D:\wamp64\www\eshopper\system\CodeIgniter.php(432): CodeIgniter\CodeIgniter->runController(Object(App\Controllers\Admin\Categories))
#14 D:\wamp64\www\eshopper\system\CodeIgniter.php(333): CodeIgniter\CodeIgniter->handleRequest(NULL, Object(Config\Cache), false)
#15 D:\wamp64\www\eshopper\public\index.php(44): CodeIgniter\CodeIgniter->run()
#16 {main}
CRITICAL - 2021-04-22 19:41:55 --> Invalid file: admin/categories/edit/1.php
#0 D:\wamp64\www\eshopper\system\View\View.php(203): CodeIgniter\Exceptions\FrameworkException::forInvalidFile('admin/categorie...')
#1 D:\wamp64\www\eshopper\system\Common.php(1217): CodeIgniter\View\View->render('admin/categorie...', Array, true)
#2 D:\wamp64\www\eshopper\app\Views\admin\categories\index.php(35): view('admin/categorie...')
#3 D:\wamp64\www\eshopper\system\View\View.php(220): include('D:\\wamp64\\www\\e...')
#4 D:\wamp64\www\eshopper\system\View\View.php(222): CodeIgniter\View\View->CodeIgniter\View\{closure}()
#5 D:\wamp64\www\eshopper\system\Common.php(1217): CodeIgniter\View\View->render('admin/Categorie...', Array, true)
#6 D:\wamp64\www\eshopper\app\Views\admin\layout\app.php(115): view('admin/Categorie...', Array)
#7 D:\wamp64\www\eshopper\system\View\View.php(220): include('D:\\wamp64\\www\\e...')
#8 D:\wamp64\www\eshopper\system\View\View.php(222): CodeIgniter\View\View->CodeIgniter\View\{closure}()
#9 D:\wamp64\www\eshopper\system\Common.php(1217): CodeIgniter\View\View->render('admin/layout/ap...', Array, true)
#10 D:\wamp64\www\eshopper\app\Controllers\Admin\BaseController.php(95): view('admin/layout/ap...', Array)
#11 D:\wamp64\www\eshopper\app\Controllers\Admin\Categories.php(21): App\Controllers\Admin\BaseController->loadView('Categories/inde...', 'Categories', Array)
#12 D:\wamp64\www\eshopper\system\CodeIgniter.php(936): App\Controllers\Admin\Categories->index()
#13 D:\wamp64\www\eshopper\system\CodeIgniter.php(432): CodeIgniter\CodeIgniter->runController(Object(App\Controllers\Admin\Categories))
#14 D:\wamp64\www\eshopper\system\CodeIgniter.php(333): CodeIgniter\CodeIgniter->handleRequest(NULL, Object(Config\Cache), false)
#15 D:\wamp64\www\eshopper\public\index.php(44): CodeIgniter\CodeIgniter->run()
#16 {main}
CRITICAL - 2021-04-22 19:56:32 --> Undefined variable: content
#0 D:\wamp64\www\eshopper\app\Views\admin\categories\index.php(20): CodeIgniter\Debug\Exceptions->errorHandler(8, 'Undefined varia...', 'D:\\wamp64\\www\\e...', 20, Array)
#1 D:\wamp64\www\eshopper\system\View\View.php(220): include('D:\\wamp64\\www\\e...')
#2 D:\wamp64\www\eshopper\system\View\View.php(222): CodeIgniter\View\View->CodeIgniter\View\{closure}()
#3 D:\wamp64\www\eshopper\system\Common.php(1217): CodeIgniter\View\View->render('admin/Categorie...', Array, true)
#4 D:\wamp64\www\eshopper\app\Views\admin\layout\app.php(115): view('admin/Categorie...', Array)
#5 D:\wamp64\www\eshopper\system\View\View.php(220): include('D:\\wamp64\\www\\e...')
#6 D:\wamp64\www\eshopper\system\View\View.php(222): CodeIgniter\View\View->CodeIgniter\View\{closure}()
#7 D:\wamp64\www\eshopper\system\Common.php(1217): CodeIgniter\View\View->render('admin/layout/ap...', Array, true)
#8 D:\wamp64\www\eshopper\app\Controllers\Admin\BaseController.php(95): view('admin/layout/ap...', Array)
#9 D:\wamp64\www\eshopper\app\Controllers\Admin\Categories.php(21): App\Controllers\Admin\BaseController->loadView('Categories/inde...', 'Categories', Array)
#10 D:\wamp64\www\eshopper\system\CodeIgniter.php(936): App\Controllers\Admin\Categories->index()
#11 D:\wamp64\www\eshopper\system\CodeIgniter.php(432): CodeIgniter\CodeIgniter->runController(Object(App\Controllers\Admin\Categories))
#12 D:\wamp64\www\eshopper\system\CodeIgniter.php(333): CodeIgniter\CodeIgniter->handleRequest(NULL, Object(Config\Cache), false)
#13 D:\wamp64\www\eshopper\public\index.php(44): CodeIgniter\CodeIgniter->run()
#14 {main}
CRITICAL - 2021-04-22 19:57:05 --> Invalid file: admin/categories/edit/1.php
#0 D:\wamp64\www\eshopper\system\View\View.php(203): CodeIgniter\Exceptions\FrameworkException::forInvalidFile('admin/categorie...')
#1 D:\wamp64\www\eshopper\system\Common.php(1217): CodeIgniter\View\View->render('admin/categorie...', Array, true)
#2 D:\wamp64\www\eshopper\app\Views\admin\categories\index.php(35): view('admin/categorie...')
#3 D:\wamp64\www\eshopper\system\View\View.php(220): include('D:\\wamp64\\www\\e...')
#4 D:\wamp64\www\eshopper\system\View\View.php(222): CodeIgniter\View\View->CodeIgniter\View\{closure}()
#5 D:\wamp64\www\eshopper\system\Common.php(1217): CodeIgniter\View\View->render('admin/Categorie...', Array, true)
#6 D:\wamp64\www\eshopper\app\Views\admin\layout\app.php(115): view('admin/Categorie...', Array)
#7 D:\wamp64\www\eshopper\system\View\View.php(220): include('D:\\wamp64\\www\\e...')
#8 D:\wamp64\www\eshopper\system\View\View.php(222): CodeIgniter\View\View->CodeIgniter\View\{closure}()
#9 D:\wamp64\www\eshopper\system\Common.php(1217): CodeIgniter\View\View->render('admin/layout/ap...', Array, true)
#10 D:\wamp64\www\eshopper\app\Controllers\Admin\BaseController.php(95): view('admin/layout/ap...', Array)
#11 D:\wamp64\www\eshopper\app\Controllers\Admin\Categories.php(21): App\Controllers\Admin\BaseController->loadView('Categories/inde...', 'Categories', Array)
#12 D:\wamp64\www\eshopper\system\CodeIgniter.php(936): App\Controllers\Admin\Categories->index()
#13 D:\wamp64\www\eshopper\system\CodeIgniter.php(432): CodeIgniter\CodeIgniter->runController(Object(App\Controllers\Admin\Categories))
#14 D:\wamp64\www\eshopper\system\CodeIgniter.php(333): CodeIgniter\CodeIgniter->handleRequest(NULL, Object(Config\Cache), false)
#15 D:\wamp64\www\eshopper\public\index.php(44): CodeIgniter\CodeIgniter->run()
#16 {main}
CRITICAL - 2021-04-22 19:58:25 --> Invalid file: admin/categories/edit/1.php
#0 D:\wamp64\www\eshopper\system\View\View.php(203): CodeIgniter\Exceptions\FrameworkException::forInvalidFile('admin/categorie...')
#1 D:\wamp64\www\eshopper\system\Common.php(1217): CodeIgniter\View\View->render('admin/categorie...', Array, true)
#2 D:\wamp64\www\eshopper\app\Views\admin\categories\index.php(35): view('admin/categorie...')
#3 D:\wamp64\www\eshopper\system\View\View.php(220): include('D:\\wamp64\\www\\e...')
#4 D:\wamp64\www\eshopper\system\View\View.php(222): CodeIgniter\View\View->CodeIgniter\View\{closure}()
#5 D:\wamp64\www\eshopper\system\Common.php(1217): CodeIgniter\View\View->render('admin/Categorie...', Array, true)
#6 D:\wamp64\www\eshopper\app\Views\admin\layout\app.php(115): view('admin/Categorie...', Array)
#7 D:\wamp64\www\eshopper\system\View\View.php(220): include('D:\\wamp64\\www\\e...')
#8 D:\wamp64\www\eshopper\system\View\View.php(222): CodeIgniter\View\View->CodeIgniter\View\{closure}()
#9 D:\wamp64\www\eshopper\system\Common.php(1217): CodeIgniter\View\View->render('admin/layout/ap...', Array, true)
#10 D:\wamp64\www\eshopper\app\Controllers\Admin\BaseController.php(95): view('admin/layout/ap...', Array)
#11 D:\wamp64\www\eshopper\app\Controllers\Admin\Categories.php(21): App\Controllers\Admin\BaseController->loadView('Categories/inde...', 'Categories', Array)
#12 D:\wamp64\www\eshopper\system\CodeIgniter.php(936): App\Controllers\Admin\Categories->index()
#13 D:\wamp64\www\eshopper\system\CodeIgniter.php(432): CodeIgniter\CodeIgniter->runController(Object(App\Controllers\Admin\Categories))
#14 D:\wamp64\www\eshopper\system\CodeIgniter.php(333): CodeIgniter\CodeIgniter->handleRequest(NULL, Object(Config\Cache), false)
#15 D:\wamp64\www\eshopper\public\index.php(44): CodeIgniter\CodeIgniter->run()
#16 {main}
CRITICAL - 2021-04-22 19:59:55 --> Invalid file: admin/categories/edit/1.php
#0 D:\wamp64\www\eshopper\system\View\View.php(203): CodeIgniter\Exceptions\FrameworkException::forInvalidFile('admin/categorie...')
#1 D:\wamp64\www\eshopper\system\Common.php(1217): CodeIgniter\View\View->render('admin/categorie...', Array, true)
#2 D:\wamp64\www\eshopper\app\Views\admin\categories\index.php(35): view('admin/categorie...')
#3 D:\wamp64\www\eshopper\system\View\View.php(220): include('D:\\wamp64\\www\\e...')
#4 D:\wamp64\www\eshopper\system\View\View.php(222): CodeIgniter\View\View->CodeIgniter\View\{closure}()
#5 D:\wamp64\www\eshopper\system\Common.php(1217): CodeIgniter\View\View->render('admin/Categorie...', Array, true)
#6 D:\wamp64\www\eshopper\app\Views\admin\layout\app.php(115): view('admin/Categorie...', Array)
#7 D:\wamp64\www\eshopper\system\View\View.php(220): include('D:\\wamp64\\www\\e...')
#8 D:\wamp64\www\eshopper\system\View\View.php(222): CodeIgniter\View\View->CodeIgniter\View\{closure}()
#9 D:\wamp64\www\eshopper\system\Common.php(1217): CodeIgniter\View\View->render('admin/layout/ap...', Array, true)
#10 D:\wamp64\www\eshopper\app\Controllers\Admin\BaseController.php(95): view('admin/layout/ap...', Array)
#11 D:\wamp64\www\eshopper\app\Controllers\Admin\Categories.php(21): App\Controllers\Admin\BaseController->loadView('Categories/inde...', 'Categories', Array)
#12 D:\wamp64\www\eshopper\system\CodeIgniter.php(936): App\Controllers\Admin\Categories->index()
#13 D:\wamp64\www\eshopper\system\CodeIgniter.php(432): CodeIgniter\CodeIgniter->runController(Object(App\Controllers\Admin\Categories))
#14 D:\wamp64\www\eshopper\system\CodeIgniter.php(333): CodeIgniter\CodeIgniter->handleRequest(NULL, Object(Config\Cache), false)
#15 D:\wamp64\www\eshopper\public\index.php(44): CodeIgniter\CodeIgniter->run()
#16 {main}
CRITICAL - 2021-04-22 19:59:56 --> Invalid file: admin/categories/edit/1.php
#0 D:\wamp64\www\eshopper\system\View\View.php(203): CodeIgniter\Exceptions\FrameworkException::forInvalidFile('admin/categorie...')
#1 D:\wamp64\www\eshopper\system\Common.php(1217): CodeIgniter\View\View->render('admin/categorie...', Array, true)
#2 D:\wamp64\www\eshopper\app\Views\admin\categories\index.php(35): view('admin/categorie...')
#3 D:\wamp64\www\eshopper\system\View\View.php(220): include('D:\\wamp64\\www\\e...')
#4 D:\wamp64\www\eshopper\system\View\View.php(222): CodeIgniter\View\View->CodeIgniter\View\{closure}()
#5 D:\wamp64\www\eshopper\system\Common.php(1217): CodeIgniter\View\View->render('admin/Categorie...', Array, true)
#6 D:\wamp64\www\eshopper\app\Views\admin\layout\app.php(115): view('admin/Categorie...', Array)
#7 D:\wamp64\www\eshopper\system\View\View.php(220): include('D:\\wamp64\\www\\e...')
#8 D:\wamp64\www\eshopper\system\View\View.php(222): CodeIgniter\View\View->CodeIgniter\View\{closure}()
#9 D:\wamp64\www\eshopper\system\Common.php(1217): CodeIgniter\View\View->render('admin/layout/ap...', Array, true)
#10 D:\wamp64\www\eshopper\app\Controllers\Admin\BaseController.php(95): view('admin/layout/ap...', Array)
#11 D:\wamp64\www\eshopper\app\Controllers\Admin\Categories.php(21): App\Controllers\Admin\BaseController->loadView('Categories/inde...', 'Categories', Array)
#12 D:\wamp64\www\eshopper\system\CodeIgniter.php(936): App\Controllers\Admin\Categories->index()
#13 D:\wamp64\www\eshopper\system\CodeIgniter.php(432): CodeIgniter\CodeIgniter->runController(Object(App\Controllers\Admin\Categories))
#14 D:\wamp64\www\eshopper\system\CodeIgniter.php(333): CodeIgniter\CodeIgniter->handleRequest(NULL, Object(Config\Cache), false)
#15 D:\wamp64\www\eshopper\public\index.php(44): CodeIgniter\CodeIgniter->run()
#16 {main}
CRITICAL - 2021-04-22 19:59:56 --> Invalid file: admin/categories/edit/1.php
#0 D:\wamp64\www\eshopper\system\View\View.php(203): CodeIgniter\Exceptions\FrameworkException::forInvalidFile('admin/categorie...')
#1 D:\wamp64\www\eshopper\system\Common.php(1217): CodeIgniter\View\View->render('admin/categorie...', Array, true)
#2 D:\wamp64\www\eshopper\app\Views\admin\categories\index.php(35): view('admin/categorie...')
#3 D:\wamp64\www\eshopper\system\View\View.php(220): include('D:\\wamp64\\www\\e...')
#4 D:\wamp64\www\eshopper\system\View\View.php(222): CodeIgniter\View\View->CodeIgniter\View\{closure}()
#5 D:\wamp64\www\eshopper\system\Common.php(1217): CodeIgniter\View\View->render('admin/Categorie...', Array, true)
#6 D:\wamp64\www\eshopper\app\Views\admin\layout\app.php(115): view('admin/Categorie...', Array)
#7 D:\wamp64\www\eshopper\system\View\View.php(220): include('D:\\wamp64\\www\\e...')
#8 D:\wamp64\www\eshopper\system\View\View.php(222): CodeIgniter\View\View->CodeIgniter\View\{closure}()
#9 D:\wamp64\www\eshopper\system\Common.php(1217): CodeIgniter\View\View->render('admin/layout/ap...', Array, true)
#10 D:\wamp64\www\eshopper\app\Controllers\Admin\BaseController.php(95): view('admin/layout/ap...', Array)
#11 D:\wamp64\www\eshopper\app\Controllers\Admin\Categories.php(21): App\Controllers\Admin\BaseController->loadView('Categories/inde...', 'Categories', Array)
#12 D:\wamp64\www\eshopper\system\CodeIgniter.php(936): App\Controllers\Admin\Categories->index()
#13 D:\wamp64\www\eshopper\system\CodeIgniter.php(432): CodeIgniter\CodeIgniter->runController(Object(App\Controllers\Admin\Categories))
#14 D:\wamp64\www\eshopper\system\CodeIgniter.php(333): CodeIgniter\CodeIgniter->handleRequest(NULL, Object(Config\Cache), false)
#15 D:\wamp64\www\eshopper\public\index.php(44): CodeIgniter\CodeIgniter->run()
#16 {main}
CRITICAL - 2021-04-22 22:09:26 --> Invalid file: admin/categories/edit1.php
#0 D:\wamp64\www\eshopper\system\View\View.php(203): CodeIgniter\Exceptions\FrameworkException::forInvalidFile('admin/categorie...')
#1 D:\wamp64\www\eshopper\system\Common.php(1217): CodeIgniter\View\View->render('admin/categorie...', Array, true)
#2 D:\wamp64\www\eshopper\app\Views\admin\categories\index.php(35): view('admin/categorie...')
#3 D:\wamp64\www\eshopper\system\View\View.php(220): include('D:\\wamp64\\www\\e...')
#4 D:\wamp64\www\eshopper\system\View\View.php(222): CodeIgniter\View\View->CodeIgniter\View\{closure}()
#5 D:\wamp64\www\eshopper\system\Common.php(1217): CodeIgniter\View\View->render('admin/Categorie...', Array, true)
#6 D:\wamp64\www\eshopper\app\Views\admin\layout\app.php(115): view('admin/Categorie...', Array)
#7 D:\wamp64\www\eshopper\system\View\View.php(220): include('D:\\wamp64\\www\\e...')
#8 D:\wamp64\www\eshopper\system\View\View.php(222): CodeIgniter\View\View->CodeIgniter\View\{closure}()
#9 D:\wamp64\www\eshopper\system\Common.php(1217): CodeIgniter\View\View->render('admin/layout/ap...', Array, true)
#10 D:\wamp64\www\eshopper\app\Controllers\Admin\BaseController.php(95): view('admin/layout/ap...', Array)
#11 D:\wamp64\www\eshopper\app\Controllers\Admin\Categories.php(21): App\Controllers\Admin\BaseController->loadView('Categories/inde...', 'Categories', Array)
#12 D:\wamp64\www\eshopper\system\CodeIgniter.php(936): App\Controllers\Admin\Categories->index()
#13 D:\wamp64\www\eshopper\system\CodeIgniter.php(432): CodeIgniter\CodeIgniter->runController(Object(App\Controllers\Admin\Categories))
#14 D:\wamp64\www\eshopper\system\CodeIgniter.php(333): CodeIgniter\CodeIgniter->handleRequest(NULL, Object(Config\Cache), false)
#15 D:\wamp64\www\eshopper\public\index.php(44): CodeIgniter\CodeIgniter->run()
#16 {main}
CRITICAL - 2021-04-22 22:10:51 --> Invalid file: admin/categories/edit1.php
#0 D:\wamp64\www\eshopper\system\View\View.php(203): CodeIgniter\Exceptions\FrameworkException::forInvalidFile('admin/categorie...')
#1 D:\wamp64\www\eshopper\system\Common.php(1217): CodeIgniter\View\View->render('admin/categorie...', Array, true)
#2 D:\wamp64\www\eshopper\app\Views\admin\categories\index.php(35): view('admin/categorie...')
#3 D:\wamp64\www\eshopper\system\View\View.php(220): include('D:\\wamp64\\www\\e...')
#4 D:\wamp64\www\eshopper\system\View\View.php(222): CodeIgniter\View\View->CodeIgniter\View\{closure}()
#5 D:\wamp64\www\eshopper\system\Common.php(1217): CodeIgniter\View\View->render('admin/Categorie...', Array, true)
#6 D:\wamp64\www\eshopper\app\Views\admin\layout\app.php(115): view('admin/Categorie...', Array)
#7 D:\wamp64\www\eshopper\system\View\View.php(220): include('D:\\wamp64\\www\\e...')
#8 D:\wamp64\www\eshopper\system\View\View.php(222): CodeIgniter\View\View->CodeIgniter\View\{closure}()
#9 D:\wamp64\www\eshopper\system\Common.php(1217): CodeIgniter\View\View->render('admin/layout/ap...', Array, true)
#10 D:\wamp64\www\eshopper\app\Controllers\Admin\BaseController.php(95): view('admin/layout/ap...', Array)
#11 D:\wamp64\www\eshopper\app\Controllers\Admin\Categories.php(21): App\Controllers\Admin\BaseController->loadView('Categories/inde...', 'Categories', Array)
#12 D:\wamp64\www\eshopper\system\CodeIgniter.php(936): App\Controllers\Admin\Categories->index()
#13 D:\wamp64\www\eshopper\system\CodeIgniter.php(432): CodeIgniter\CodeIgniter->runController(Object(App\Controllers\Admin\Categories))
#14 D:\wamp64\www\eshopper\system\CodeIgniter.php(333): CodeIgniter\CodeIgniter->handleRequest(NULL, Object(Config\Cache), false)
#15 D:\wamp64\www\eshopper\public\index.php(44): CodeIgniter\CodeIgniter->run()
#16 {main}
CRITICAL - 2021-04-22 22:10:52 --> Invalid file: admin/categories/edit1.php
#0 D:\wamp64\www\eshopper\system\View\View.php(203): CodeIgniter\Exceptions\FrameworkException::forInvalidFile('admin/categorie...')
#1 D:\wamp64\www\eshopper\system\Common.php(1217): CodeIgniter\View\View->render('admin/categorie...', Array, true)
#2 D:\wamp64\www\eshopper\app\Views\admin\categories\index.php(35): view('admin/categorie...')
#3 D:\wamp64\www\eshopper\system\View\View.php(220): include('D:\\wamp64\\www\\e...')
#4 D:\wamp64\www\eshopper\system\View\View.php(222): CodeIgniter\View\View->CodeIgniter\View\{closure}()
#5 D:\wamp64\www\eshopper\system\Common.php(1217): CodeIgniter\View\View->render('admin/Categorie...', Array, true)
#6 D:\wamp64\www\eshopper\app\Views\admin\layout\app.php(115): view('admin/Categorie...', Array)
#7 D:\wamp64\www\eshopper\system\View\View.php(220): include('D:\\wamp64\\www\\e...')
#8 D:\wamp64\www\eshopper\system\View\View.php(222): CodeIgniter\View\View->CodeIgniter\View\{closure}()
#9 D:\wamp64\www\eshopper\system\Common.php(1217): CodeIgniter\View\View->render('admin/layout/ap...', Array, true)
#10 D:\wamp64\www\eshopper\app\Controllers\Admin\BaseController.php(95): view('admin/layout/ap...', Array)
#11 D:\wamp64\www\eshopper\app\Controllers\Admin\Categories.php(21): App\Controllers\Admin\BaseController->loadView('Categories/inde...', 'Categories', Array)
#12 D:\wamp64\www\eshopper\system\CodeIgniter.php(936): App\Controllers\Admin\Categories->index()
#13 D:\wamp64\www\eshopper\system\CodeIgniter.php(432): CodeIgniter\CodeIgniter->runController(Object(App\Controllers\Admin\Categories))
#14 D:\wamp64\www\eshopper\system\CodeIgniter.php(333): CodeIgniter\CodeIgniter->handleRequest(NULL, Object(Config\Cache), false)
#15 D:\wamp64\www\eshopper\public\index.php(44): CodeIgniter\CodeIgniter->run()
#16 {main}
CRITICAL - 2021-04-22 22:15:39 --> Invalid file: Admin/Categories/edit/1.php
#0 D:\wamp64\www\eshopper\system\View\View.php(203): CodeIgniter\Exceptions\FrameworkException::forInvalidFile('Admin/Categorie...')
#1 D:\wamp64\www\eshopper\system\Common.php(1217): CodeIgniter\View\View->render('Admin/Categorie...', Array, true)
#2 D:\wamp64\www\eshopper\app\Views\admin\categories\index.php(35): view('Admin/Categorie...')
#3 D:\wamp64\www\eshopper\system\View\View.php(220): include('D:\\wamp64\\www\\e...')
#4 D:\wamp64\www\eshopper\system\View\View.php(222): CodeIgniter\View\View->CodeIgniter\View\{closure}()
#5 D:\wamp64\www\eshopper\system\Common.php(1217): CodeIgniter\View\View->render('admin/Categorie...', Array, true)
#6 D:\wamp64\www\eshopper\app\Views\admin\layout\app.php(115): view('admin/Categorie...', Array)
#7 D:\wamp64\www\eshopper\system\View\View.php(220): include('D:\\wamp64\\www\\e...')
#8 D:\wamp64\www\eshopper\system\View\View.php(222): CodeIgniter\View\View->CodeIgniter\View\{closure}()
#9 D:\wamp64\www\eshopper\system\Common.php(1217): CodeIgniter\View\View->render('admin/layout/ap...', Array, true)
#10 D:\wamp64\www\eshopper\app\Controllers\Admin\BaseController.php(95): view('admin/layout/ap...', Array)
#11 D:\wamp64\www\eshopper\app\Controllers\Admin\Categories.php(21): App\Controllers\Admin\BaseController->loadView('Categories/inde...', 'Categories', Array)
#12 D:\wamp64\www\eshopper\system\CodeIgniter.php(936): App\Controllers\Admin\Categories->index()
#13 D:\wamp64\www\eshopper\system\CodeIgniter.php(432): CodeIgniter\CodeIgniter->runController(Object(App\Controllers\Admin\Categories))
#14 D:\wamp64\www\eshopper\system\CodeIgniter.php(333): CodeIgniter\CodeIgniter->handleRequest(NULL, Object(Config\Cache), false)
#15 D:\wamp64\www\eshopper\public\index.php(44): CodeIgniter\CodeIgniter->run()
#16 {main}
CRITICAL - 2021-04-22 22:16:39 --> Invalid file: Admin/Categories/edit/1.php
#0 D:\wamp64\www\eshopper\system\View\View.php(203): CodeIgniter\Exceptions\FrameworkException::forInvalidFile('Admin/Categorie...')
#1 D:\wamp64\www\eshopper\system\Common.php(1217): CodeIgniter\View\View->render('Admin/Categorie...', Array, true)
#2 D:\wamp64\www\eshopper\app\Views\admin\categories\index.php(35): view('Admin/Categorie...')
#3 D:\wamp64\www\eshopper\system\View\View.php(220): include('D:\\wamp64\\www\\e...')
#4 D:\wamp64\www\eshopper\system\View\View.php(222): CodeIgniter\View\View->CodeIgniter\View\{closure}()
#5 D:\wamp64\www\eshopper\system\Common.php(1217): CodeIgniter\View\View->render('admin/Categorie...', Array, true)
#6 D:\wamp64\www\eshopper\app\Views\admin\layout\app.php(115): view('admin/Categorie...', Array)
#7 D:\wamp64\www\eshopper\system\View\View.php(220): include('D:\\wamp64\\www\\e...')
#8 D:\wamp64\www\eshopper\system\View\View.php(222): CodeIgniter\View\View->CodeIgniter\View\{closure}()
#9 D:\wamp64\www\eshopper\system\Common.php(1217): CodeIgniter\View\View->render('admin/layout/ap...', Array, true)
#10 D:\wamp64\www\eshopper\app\Controllers\Admin\BaseController.php(95): view('admin/layout/ap...', Array)
#11 D:\wamp64\www\eshopper\app\Controllers\Admin\Categories.php(21): App\Controllers\Admin\BaseController->loadView('Categories/inde...', 'Categories', Array)
#12 D:\wamp64\www\eshopper\system\CodeIgniter.php(936): App\Controllers\Admin\Categories->index()
#13 D:\wamp64\www\eshopper\system\CodeIgniter.php(432): CodeIgniter\CodeIgniter->runController(Object(App\Controllers\Admin\Categories))
#14 D:\wamp64\www\eshopper\system\CodeIgniter.php(333): CodeIgniter\CodeIgniter->handleRequest(NULL, Object(Config\Cache), false)
#15 D:\wamp64\www\eshopper\public\index.php(44): CodeIgniter\CodeIgniter->run()
#16 {main}
CRITICAL - 2021-04-22 22:16:43 --> Invalid file: Admin/Categories/edit/1.php
#0 D:\wamp64\www\eshopper\system\View\View.php(203): CodeIgniter\Exceptions\FrameworkException::forInvalidFile('Admin/Categorie...')
#1 D:\wamp64\www\eshopper\system\Common.php(1217): CodeIgniter\View\View->render('Admin/Categorie...', Array, true)
#2 D:\wamp64\www\eshopper\app\Views\admin\categories\index.php(35): view('Admin/Categorie...')
#3 D:\wamp64\www\eshopper\system\View\View.php(220): include('D:\\wamp64\\www\\e...')
#4 D:\wamp64\www\eshopper\system\View\View.php(222): CodeIgniter\View\View->CodeIgniter\View\{closure}()
#5 D:\wamp64\www\eshopper\system\Common.php(1217): CodeIgniter\View\View->render('admin/Categorie...', Array, true)
#6 D:\wamp64\www\eshopper\app\Views\admin\layout\app.php(115): view('admin/Categorie...', Array)
#7 D:\wamp64\www\eshopper\system\View\View.php(220): include('D:\\wamp64\\www\\e...')
#8 D:\wamp64\www\eshopper\system\View\View.php(222): CodeIgniter\View\View->CodeIgniter\View\{closure}()
#9 D:\wamp64\www\eshopper\system\Common.php(1217): CodeIgniter\View\View->render('admin/layout/ap...', Array, true)
#10 D:\wamp64\www\eshopper\app\Controllers\Admin\BaseController.php(95): view('admin/layout/ap...', Array)
#11 D:\wamp64\www\eshopper\app\Controllers\Admin\Categories.php(21): App\Controllers\Admin\BaseController->loadView('Categories/inde...', 'Categories', Array)
#12 D:\wamp64\www\eshopper\system\CodeIgniter.php(936): App\Controllers\Admin\Categories->index()
#13 D:\wamp64\www\eshopper\system\CodeIgniter.php(432): CodeIgniter\CodeIgniter->runController(Object(App\Controllers\Admin\Categories))
#14 D:\wamp64\www\eshopper\system\CodeIgniter.php(333): CodeIgniter\CodeIgniter->handleRequest(NULL, Object(Config\Cache), false)
#15 D:\wamp64\www\eshopper\public\index.php(44): CodeIgniter\CodeIgniter->run()
#16 {main}
CRITICAL - 2021-04-22 22:17:03 --> Invalid file: Admin/Categories/edit/1.php
#0 D:\wamp64\www\eshopper\system\View\View.php(203): CodeIgniter\Exceptions\FrameworkException::forInvalidFile('Admin/Categorie...')
#1 D:\wamp64\www\eshopper\system\Common.php(1217): CodeIgniter\View\View->render('Admin/Categorie...', Array, true)
#2 D:\wamp64\www\eshopper\app\Views\admin\categories\index.php(35): view('Admin/Categorie...')
#3 D:\wamp64\www\eshopper\system\View\View.php(220): include('D:\\wamp64\\www\\e...')
#4 D:\wamp64\www\eshopper\system\View\View.php(222): CodeIgniter\View\View->CodeIgniter\View\{closure}()
#5 D:\wamp64\www\eshopper\system\Common.php(1217): CodeIgniter\View\View->render('admin/Categorie...', Array, true)
#6 D:\wamp64\www\eshopper\app\Views\admin\layout\app.php(115): view('admin/Categorie...', Array)
#7 D:\wamp64\www\eshopper\system\View\View.php(220): include('D:\\wamp64\\www\\e...')
#8 D:\wamp64\www\eshopper\system\View\View.php(222): CodeIgniter\View\View->CodeIgniter\View\{closure}()
#9 D:\wamp64\www\eshopper\system\Common.php(1217): CodeIgniter\View\View->render('admin/layout/ap...', Array, true)
#10 D:\wamp64\www\eshopper\app\Controllers\Admin\BaseController.php(95): view('admin/layout/ap...', Array)
#11 D:\wamp64\www\eshopper\app\Controllers\Admin\Categories.php(21): App\Controllers\Admin\BaseController->loadView('Categories/inde...', 'Categories', Array)
#12 D:\wamp64\www\eshopper\system\CodeIgniter.php(936): App\Controllers\Admin\Categories->index()
#13 D:\wamp64\www\eshopper\system\CodeIgniter.php(432): CodeIgniter\CodeIgniter->runController(Object(App\Controllers\Admin\Categories))
#14 D:\wamp64\www\eshopper\system\CodeIgniter.php(333): CodeIgniter\CodeIgniter->handleRequest(NULL, Object(Config\Cache), false)
#15 D:\wamp64\www\eshopper\public\index.php(44): CodeIgniter\CodeIgniter->run()
#16 {main}
CRITICAL - 2021-04-22 22:17:04 --> Invalid file: Admin/Categories/edit/1.php
#0 D:\wamp64\www\eshopper\system\View\View.php(203): CodeIgniter\Exceptions\FrameworkException::forInvalidFile('Admin/Categorie...')
#1 D:\wamp64\www\eshopper\system\Common.php(1217): CodeIgniter\View\View->render('Admin/Categorie...', Array, true)
#2 D:\wamp64\www\eshopper\app\Views\admin\categories\index.php(35): view('Admin/Categorie...')
#3 D:\wamp64\www\eshopper\system\View\View.php(220): include('D:\\wamp64\\www\\e...')
#4 D:\wamp64\www\eshopper\system\View\View.php(222): CodeIgniter\View\View->CodeIgniter\View\{closure}()
#5 D:\wamp64\www\eshopper\system\Common.php(1217): CodeIgniter\View\View->render('admin/Categorie...', Array, true)
#6 D:\wamp64\www\eshopper\app\Views\admin\layout\app.php(115): view('admin/Categorie...', Array)
#7 D:\wamp64\www\eshopper\system\View\View.php(220): include('D:\\wamp64\\www\\e...')
#8 D:\wamp64\www\eshopper\system\View\View.php(222): CodeIgniter\View\View->CodeIgniter\View\{closure}()
#9 D:\wamp64\www\eshopper\system\Common.php(1217): CodeIgniter\View\View->render('admin/layout/ap...', Array, true)
#10 D:\wamp64\www\eshopper\app\Controllers\Admin\BaseController.php(95): view('admin/layout/ap...', Array)
#11 D:\wamp64\www\eshopper\app\Controllers\Admin\Categories.php(21): App\Controllers\Admin\BaseController->loadView('Categories/inde...', 'Categories', Array)
#12 D:\wamp64\www\eshopper\system\CodeIgniter.php(936): App\Controllers\Admin\Categories->index()
#13 D:\wamp64\www\eshopper\system\CodeIgniter.php(432): CodeIgniter\CodeIgniter->runController(Object(App\Controllers\Admin\Categories))
#14 D:\wamp64\www\eshopper\system\CodeIgniter.php(333): CodeIgniter\CodeIgniter->handleRequest(NULL, Object(Config\Cache), false)
#15 D:\wamp64\www\eshopper\public\index.php(44): CodeIgniter\CodeIgniter->run()
#16 {main}
CRITICAL - 2021-04-22 22:17:04 --> Invalid file: Admin/Categories/edit/1.php
#0 D:\wamp64\www\eshopper\system\View\View.php(203): CodeIgniter\Exceptions\FrameworkException::forInvalidFile('Admin/Categorie...')
#1 D:\wamp64\www\eshopper\system\Common.php(1217): CodeIgniter\View\View->render('Admin/Categorie...', Array, true)
#2 D:\wamp64\www\eshopper\app\Views\admin\categories\index.php(35): view('Admin/Categorie...')
#3 D:\wamp64\www\eshopper\system\View\View.php(220): include('D:\\wamp64\\www\\e...')
#4 D:\wamp64\www\eshopper\system\View\View.php(222): CodeIgniter\View\View->CodeIgniter\View\{closure}()
#5 D:\wamp64\www\eshopper\system\Common.php(1217): CodeIgniter\View\View->render('admin/Categorie...', Array, true)
#6 D:\wamp64\www\eshopper\app\Views\admin\layout\app.php(115): view('admin/Categorie...', Array)
#7 D:\wamp64\www\eshopper\system\View\View.php(220): include('D:\\wamp64\\www\\e...')
#8 D:\wamp64\www\eshopper\system\View\View.php(222): CodeIgniter\View\View->CodeIgniter\View\{closure}()
#9 D:\wamp64\www\eshopper\system\Common.php(1217): CodeIgniter\View\View->render('admin/layout/ap...', Array, true)
#10 D:\wamp64\www\eshopper\app\Controllers\Admin\BaseController.php(95): view('admin/layout/ap...', Array)
#11 D:\wamp64\www\eshopper\app\Controllers\Admin\Categories.php(21): App\Controllers\Admin\BaseController->loadView('Categories/inde...', 'Categories', Array)
#12 D:\wamp64\www\eshopper\system\CodeIgniter.php(936): App\Controllers\Admin\Categories->index()
#13 D:\wamp64\www\eshopper\system\CodeIgniter.php(432): CodeIgniter\CodeIgniter->runController(Object(App\Controllers\Admin\Categories))
#14 D:\wamp64\www\eshopper\system\CodeIgniter.php(333): CodeIgniter\CodeIgniter->handleRequest(NULL, Object(Config\Cache), false)
#15 D:\wamp64\www\eshopper\public\index.php(44): CodeIgniter\CodeIgniter->run()
#16 {main}
CRITICAL - 2021-04-22 22:17:45 --> Invalid file: Admin/Categories/edit/1.php
#0 D:\wamp64\www\eshopper\system\View\View.php(203): CodeIgniter\Exceptions\FrameworkException::forInvalidFile('Admin/Categorie...')
#1 D:\wamp64\www\eshopper\system\Common.php(1217): CodeIgniter\View\View->render('Admin/Categorie...', Array, true)
#2 D:\wamp64\www\eshopper\app\Views\admin\categories\index.php(35): view('Admin/Categorie...')
#3 D:\wamp64\www\eshopper\system\View\View.php(220): include('D:\\wamp64\\www\\e...')
#4 D:\wamp64\www\eshopper\system\View\View.php(222): CodeIgniter\View\View->CodeIgniter\View\{closure}()
#5 D:\wamp64\www\eshopper\system\Common.php(1217): CodeIgniter\View\View->render('admin/Categorie...', Array, true)
#6 D:\wamp64\www\eshopper\app\Views\admin\layout\app.php(115): view('admin/Categorie...', Array)
#7 D:\wamp64\www\eshopper\system\View\View.php(220): include('D:\\wamp64\\www\\e...')
#8 D:\wamp64\www\eshopper\system\View\View.php(222): CodeIgniter\View\View->CodeIgniter\View\{closure}()
#9 D:\wamp64\www\eshopper\system\Common.php(1217): CodeIgniter\View\View->render('admin/layout/ap...', Array, true)
#10 D:\wamp64\www\eshopper\app\Controllers\Admin\BaseController.php(95): view('admin/layout/ap...', Array)
#11 D:\wamp64\www\eshopper\app\Controllers\Admin\Categories.php(21): App\Controllers\Admin\BaseController->loadView('Categories/inde...', 'Categories', Array)
#12 D:\wamp64\www\eshopper\system\CodeIgniter.php(936): App\Controllers\Admin\Categories->index()
#13 D:\wamp64\www\eshopper\system\CodeIgniter.php(432): CodeIgniter\CodeIgniter->runController(Object(App\Controllers\Admin\Categories))
#14 D:\wamp64\www\eshopper\system\CodeIgniter.php(333): CodeIgniter\CodeIgniter->handleRequest(NULL, Object(Config\Cache), false)
#15 D:\wamp64\www\eshopper\public\index.php(44): CodeIgniter\CodeIgniter->run()
#16 {main}
CRITICAL - 2021-04-22 22:22:55 --> Call to undefined method App\Controllers\Admin\Categories::view()
#0 D:\wamp64\www\eshopper\system\CodeIgniter.php(936): App\Controllers\Admin\Categories->edit('1')
#1 D:\wamp64\www\eshopper\system\CodeIgniter.php(432): CodeIgniter\CodeIgniter->runController(Object(App\Controllers\Admin\Categories))
#2 D:\wamp64\www\eshopper\system\CodeIgniter.php(333): CodeIgniter\CodeIgniter->handleRequest(NULL, Object(Config\Cache), false)
#3 D:\wamp64\www\eshopper\public\index.php(44): CodeIgniter\CodeIgniter->run()
#4 {main}
CRITICAL - 2021-04-22 22:23:55 --> Call to undefined method App\Controllers\Admin\Categories::view()
#0 D:\wamp64\www\eshopper\system\CodeIgniter.php(936): App\Controllers\Admin\Categories->edit('1')
#1 D:\wamp64\www\eshopper\system\CodeIgniter.php(432): CodeIgniter\CodeIgniter->runController(Object(App\Controllers\Admin\Categories))
#2 D:\wamp64\www\eshopper\system\CodeIgniter.php(333): CodeIgniter\CodeIgniter->handleRequest(NULL, Object(Config\Cache), false)
#3 D:\wamp64\www\eshopper\public\index.php(44): CodeIgniter\CodeIgniter->run()
#4 {main}
CRITICAL - 2021-04-22 22:23:56 --> Call to undefined method App\Controllers\Admin\Categories::view()
#0 D:\wamp64\www\eshopper\system\CodeIgniter.php(936): App\Controllers\Admin\Categories->edit('1')
#1 D:\wamp64\www\eshopper\system\CodeIgniter.php(432): CodeIgniter\CodeIgniter->runController(Object(App\Controllers\Admin\Categories))
#2 D:\wamp64\www\eshopper\system\CodeIgniter.php(333): CodeIgniter\CodeIgniter->handleRequest(NULL, Object(Config\Cache), false)
#3 D:\wamp64\www\eshopper\public\index.php(44): CodeIgniter\CodeIgniter->run()
#4 {main}
