CRITICAL - 2021-04-23 10:42:54 --> Call to undefined method App\Controllers\Admin\Categories::addisvaild()
#0 D:\wamp64\www\eshopper\system\CodeIgniter.php(936): App\Controllers\Admin\Categories->add()
#1 D:\wamp64\www\eshopper\system\CodeIgniter.php(432): CodeIgniter\CodeIgniter->runController(Object(App\Controllers\Admin\Categories))
#2 D:\wamp64\www\eshopper\system\CodeIgniter.php(333): CodeIgniter\CodeIgniter->handleRequest(NULL, Object(Config\Cache), false)
#3 D:\wamp64\www\eshopper\public\index.php(44): CodeIgniter\CodeIgniter->run()
#4 {main}
CRITICAL - 2021-04-23 10:43:18 --> Call to undefined method App\Controllers\Admin\Categories::addIsvaild()
#0 D:\wamp64\www\eshopper\system\CodeIgniter.php(936): App\Controllers\Admin\Categories->add()
#1 D:\wamp64\www\eshopper\system\CodeIgniter.php(432): CodeIgniter\CodeIgniter->runController(Object(App\Controllers\Admin\Categories))
#2 D:\wamp64\www\eshopper\system\CodeIgniter.php(333): CodeIgniter\CodeIgniter->handleRequest(NULL, Object(Config\Cache), false)
#3 D:\wamp64\www\eshopper\public\index.php(44): CodeIgniter\CodeIgniter->run()
#4 {main}
CRITICAL - 2021-04-23 10:43:36 --> Call to undefined method App\Controllers\Admin\Categories::addIsvaild()
#0 D:\wamp64\www\eshopper\system\CodeIgniter.php(936): App\Controllers\Admin\Categories->add()
#1 D:\wamp64\www\eshopper\system\CodeIgniter.php(432): CodeIgniter\CodeIgniter->runController(Object(App\Controllers\Admin\Categories))
#2 D:\wamp64\www\eshopper\system\CodeIgniter.php(333): CodeIgniter\CodeIgniter->handleRequest(NULL, Object(Config\Cache), false)
#3 D:\wamp64\www\eshopper\public\index.php(44): CodeIgniter\CodeIgniter->run()
#4 {main}
ERROR - 2021-04-23 10:44:50 --> mysqli_sql_exception: Duplicate entry '0' for key 'PRIMARY' in D:\wamp64\www\eshopper\system\Database\MySQLi\Connection.php:314
Stack trace:
#0 D:\wamp64\www\eshopper\system\Database\MySQLi\Connection.php(314): mysqli->query('INSERT INTO `ca...')
#1 D:\wamp64\www\eshopper\system\Database\BaseConnection.php(713): CodeIgniter\Database\MySQLi\Connection->execute('INSERT INTO `ca...')
#2 D:\wamp64\www\eshopper\system\Database\BaseConnection.php(641): CodeIgniter\Database\BaseConnection->simpleQuery('INSERT INTO `ca...')
#3 D:\wamp64\www\eshopper\system\Database\BaseBuilder.php(2263): CodeIgniter\Database\BaseConnection->query('INSERT INTO `ca...', Array, false)
#4 D:\wamp64\www\eshopper\app\Models\CategoriesModel.php(58): CodeIgniter\Database\BaseBuilder->insert(Array)
#5 D:\wamp64\www\eshopper\app\Controllers\Admin\Categories.php(106): App\Models\CategoriesModel->add(Array)
#6 D:\wamp64\www\eshopper\system\CodeIgniter.php(936): App\Controllers\Admin\Categories->add()
#7 D:\wamp64\www\eshopper\system\CodeIgniter.php(432): CodeIgniter\CodeIgniter->runController(Object(App\Controllers\Admin\Categories))
#8 D:\wamp64\www\eshopper\system\CodeIgniter.php(333): CodeIgniter\CodeIgniter->handleRequest(NULL, Object(Config\Cache), false)
#9 D:\wamp64\www\eshopper\public\index.php(44): CodeIgniter\CodeIgniter->run()
#10 {main}
CRITICAL - 2021-04-23 10:44:50 --> Duplicate entry '0' for key 'PRIMARY'
#0 D:\wamp64\www\eshopper\system\Database\MySQLi\Connection.php(314): mysqli->query('INSERT INTO `ca...')
#1 D:\wamp64\www\eshopper\system\Database\BaseConnection.php(713): CodeIgniter\Database\MySQLi\Connection->execute('INSERT INTO `ca...')
#2 D:\wamp64\www\eshopper\system\Database\BaseConnection.php(641): CodeIgniter\Database\BaseConnection->simpleQuery('INSERT INTO `ca...')
#3 D:\wamp64\www\eshopper\system\Database\BaseBuilder.php(2263): CodeIgniter\Database\BaseConnection->query('INSERT INTO `ca...', Array, false)
#4 D:\wamp64\www\eshopper\app\Models\CategoriesModel.php(58): CodeIgniter\Database\BaseBuilder->insert(Array)
#5 D:\wamp64\www\eshopper\app\Controllers\Admin\Categories.php(106): App\Models\CategoriesModel->add(Array)
#6 D:\wamp64\www\eshopper\system\CodeIgniter.php(936): App\Controllers\Admin\Categories->add()
#7 D:\wamp64\www\eshopper\system\CodeIgniter.php(432): CodeIgniter\CodeIgniter->runController(Object(App\Controllers\Admin\Categories))
#8 D:\wamp64\www\eshopper\system\CodeIgniter.php(333): CodeIgniter\CodeIgniter->handleRequest(NULL, Object(Config\Cache), false)
#9 D:\wamp64\www\eshopper\public\index.php(44): CodeIgniter\CodeIgniter->run()
#10 {main}
ERROR - 2021-04-23 10:47:48 --> mysqli_sql_exception: Duplicate entry '0' for key 'PRIMARY' in D:\wamp64\www\eshopper\system\Database\MySQLi\Connection.php:314
Stack trace:
#0 D:\wamp64\www\eshopper\system\Database\MySQLi\Connection.php(314): mysqli->query('INSERT INTO `ca...')
#1 D:\wamp64\www\eshopper\system\Database\BaseConnection.php(713): CodeIgniter\Database\MySQLi\Connection->execute('INSERT INTO `ca...')
#2 D:\wamp64\www\eshopper\system\Database\BaseConnection.php(641): CodeIgniter\Database\BaseConnection->simpleQuery('INSERT INTO `ca...')
#3 D:\wamp64\www\eshopper\system\Database\BaseBuilder.php(2263): CodeIgniter\Database\BaseConnection->query('INSERT INTO `ca...', Array, false)
#4 D:\wamp64\www\eshopper\app\Models\CategoriesModel.php(58): CodeIgniter\Database\BaseBuilder->insert(Array)
#5 D:\wamp64\www\eshopper\app\Controllers\Admin\Categories.php(106): App\Models\CategoriesModel->add(Array)
#6 D:\wamp64\www\eshopper\system\CodeIgniter.php(936): App\Controllers\Admin\Categories->add()
#7 D:\wamp64\www\eshopper\system\CodeIgniter.php(432): CodeIgniter\CodeIgniter->runController(Object(App\Controllers\Admin\Categories))
#8 D:\wamp64\www\eshopper\system\CodeIgniter.php(333): CodeIgniter\CodeIgniter->handleRequest(NULL, Object(Config\Cache), false)
#9 D:\wamp64\www\eshopper\public\index.php(44): CodeIgniter\CodeIgniter->run()
#10 {main}
CRITICAL - 2021-04-23 10:47:48 --> Duplicate entry '0' for key 'PRIMARY'
#0 D:\wamp64\www\eshopper\system\Database\MySQLi\Connection.php(314): mysqli->query('INSERT INTO `ca...')
#1 D:\wamp64\www\eshopper\system\Database\BaseConnection.php(713): CodeIgniter\Database\MySQLi\Connection->execute('INSERT INTO `ca...')
#2 D:\wamp64\www\eshopper\system\Database\BaseConnection.php(641): CodeIgniter\Database\BaseConnection->simpleQuery('INSERT INTO `ca...')
#3 D:\wamp64\www\eshopper\system\Database\BaseBuilder.php(2263): CodeIgniter\Database\BaseConnection->query('INSERT INTO `ca...', Array, false)
#4 D:\wamp64\www\eshopper\app\Models\CategoriesModel.php(58): CodeIgniter\Database\BaseBuilder->insert(Array)
#5 D:\wamp64\www\eshopper\app\Controllers\Admin\Categories.php(106): App\Models\CategoriesModel->add(Array)
#6 D:\wamp64\www\eshopper\system\CodeIgniter.php(936): App\Controllers\Admin\Categories->add()
#7 D:\wamp64\www\eshopper\system\CodeIgniter.php(432): CodeIgniter\CodeIgniter->runController(Object(App\Controllers\Admin\Categories))
#8 D:\wamp64\www\eshopper\system\CodeIgniter.php(333): CodeIgniter\CodeIgniter->handleRequest(NULL, Object(Config\Cache), false)
#9 D:\wamp64\www\eshopper\public\index.php(44): CodeIgniter\CodeIgniter->run()
#10 {main}
ERROR - 2021-04-23 10:48:16 --> mysqli_sql_exception: Duplicate entry '0' for key 'PRIMARY' in D:\wamp64\www\eshopper\system\Database\MySQLi\Connection.php:314
Stack trace:
#0 D:\wamp64\www\eshopper\system\Database\MySQLi\Connection.php(314): mysqli->query('INSERT INTO `ca...')
#1 D:\wamp64\www\eshopper\system\Database\BaseConnection.php(713): CodeIgniter\Database\MySQLi\Connection->execute('INSERT INTO `ca...')
#2 D:\wamp64\www\eshopper\system\Database\BaseConnection.php(641): CodeIgniter\Database\BaseConnection->simpleQuery('INSERT INTO `ca...')
#3 D:\wamp64\www\eshopper\system\Database\BaseBuilder.php(2263): CodeIgniter\Database\BaseConnection->query('INSERT INTO `ca...', Array, false)
#4 D:\wamp64\www\eshopper\app\Models\CategoriesModel.php(58): CodeIgniter\Database\BaseBuilder->insert(Array)
#5 D:\wamp64\www\eshopper\app\Controllers\Admin\Categories.php(106): App\Models\CategoriesModel->add(Array)
#6 D:\wamp64\www\eshopper\system\CodeIgniter.php(936): App\Controllers\Admin\Categories->add()
#7 D:\wamp64\www\eshopper\system\CodeIgniter.php(432): CodeIgniter\CodeIgniter->runController(Object(App\Controllers\Admin\Categories))
#8 D:\wamp64\www\eshopper\system\CodeIgniter.php(333): CodeIgniter\CodeIgniter->handleRequest(NULL, Object(Config\Cache), false)
#9 D:\wamp64\www\eshopper\public\index.php(44): CodeIgniter\CodeIgniter->run()
#10 {main}
CRITICAL - 2021-04-23 10:48:16 --> Duplicate entry '0' for key 'PRIMARY'
#0 D:\wamp64\www\eshopper\system\Database\MySQLi\Connection.php(314): mysqli->query('INSERT INTO `ca...')
#1 D:\wamp64\www\eshopper\system\Database\BaseConnection.php(713): CodeIgniter\Database\MySQLi\Connection->execute('INSERT INTO `ca...')
#2 D:\wamp64\www\eshopper\system\Database\BaseConnection.php(641): CodeIgniter\Database\BaseConnection->simpleQuery('INSERT INTO `ca...')
#3 D:\wamp64\www\eshopper\system\Database\BaseBuilder.php(2263): CodeIgniter\Database\BaseConnection->query('INSERT INTO `ca...', Array, false)
#4 D:\wamp64\www\eshopper\app\Models\CategoriesModel.php(58): CodeIgniter\Database\BaseBuilder->insert(Array)
#5 D:\wamp64\www\eshopper\app\Controllers\Admin\Categories.php(106): App\Models\CategoriesModel->add(Array)
#6 D:\wamp64\www\eshopper\system\CodeIgniter.php(936): App\Controllers\Admin\Categories->add()
#7 D:\wamp64\www\eshopper\system\CodeIgniter.php(432): CodeIgniter\CodeIgniter->runController(Object(App\Controllers\Admin\Categories))
#8 D:\wamp64\www\eshopper\system\CodeIgniter.php(333): CodeIgniter\CodeIgniter->handleRequest(NULL, Object(Config\Cache), false)
#9 D:\wamp64\www\eshopper\public\index.php(44): CodeIgniter\CodeIgniter->run()
#10 {main}
ERROR - 2021-04-23 10:49:06 --> mysqli_sql_exception: Duplicate entry '0' for key 'PRIMARY' in D:\wamp64\www\eshopper\system\Database\MySQLi\Connection.php:314
Stack trace:
#0 D:\wamp64\www\eshopper\system\Database\MySQLi\Connection.php(314): mysqli->query('INSERT INTO `ca...')
#1 D:\wamp64\www\eshopper\system\Database\BaseConnection.php(713): CodeIgniter\Database\MySQLi\Connection->execute('INSERT INTO `ca...')
#2 D:\wamp64\www\eshopper\system\Database\BaseConnection.php(641): CodeIgniter\Database\BaseConnection->simpleQuery('INSERT INTO `ca...')
#3 D:\wamp64\www\eshopper\system\Database\BaseBuilder.php(2263): CodeIgniter\Database\BaseConnection->query('INSERT INTO `ca...', Array, false)
#4 D:\wamp64\www\eshopper\app\Models\CategoriesModel.php(58): CodeIgniter\Database\BaseBuilder->insert(Array)
#5 D:\wamp64\www\eshopper\app\Controllers\Admin\Categories.php(106): App\Models\CategoriesModel->add(Array)
#6 D:\wamp64\www\eshopper\system\CodeIgniter.php(936): App\Controllers\Admin\Categories->add()
#7 D:\wamp64\www\eshopper\system\CodeIgniter.php(432): CodeIgniter\CodeIgniter->runController(Object(App\Controllers\Admin\Categories))
#8 D:\wamp64\www\eshopper\system\CodeIgniter.php(333): CodeIgniter\CodeIgniter->handleRequest(NULL, Object(Config\Cache), false)
#9 D:\wamp64\www\eshopper\public\index.php(44): CodeIgniter\CodeIgniter->run()
#10 {main}
CRITICAL - 2021-04-23 10:49:06 --> Duplicate entry '0' for key 'PRIMARY'
#0 D:\wamp64\www\eshopper\system\Database\MySQLi\Connection.php(314): mysqli->query('INSERT INTO `ca...')
#1 D:\wamp64\www\eshopper\system\Database\BaseConnection.php(713): CodeIgniter\Database\MySQLi\Connection->execute('INSERT INTO `ca...')
#2 D:\wamp64\www\eshopper\system\Database\BaseConnection.php(641): CodeIgniter\Database\BaseConnection->simpleQuery('INSERT INTO `ca...')
#3 D:\wamp64\www\eshopper\system\Database\BaseBuilder.php(2263): CodeIgniter\Database\BaseConnection->query('INSERT INTO `ca...', Array, false)
#4 D:\wamp64\www\eshopper\app\Models\CategoriesModel.php(58): CodeIgniter\Database\BaseBuilder->insert(Array)
#5 D:\wamp64\www\eshopper\app\Controllers\Admin\Categories.php(106): App\Models\CategoriesModel->add(Array)
#6 D:\wamp64\www\eshopper\system\CodeIgniter.php(936): App\Controllers\Admin\Categories->add()
#7 D:\wamp64\www\eshopper\system\CodeIgniter.php(432): CodeIgniter\CodeIgniter->runController(Object(App\Controllers\Admin\Categories))
#8 D:\wamp64\www\eshopper\system\CodeIgniter.php(333): CodeIgniter\CodeIgniter->handleRequest(NULL, Object(Config\Cache), false)
#9 D:\wamp64\www\eshopper\public\index.php(44): CodeIgniter\CodeIgniter->run()
#10 {main}
ERROR - 2021-04-23 10:49:16 --> mysqli_sql_exception: Duplicate entry '0' for key 'PRIMARY' in D:\wamp64\www\eshopper\system\Database\MySQLi\Connection.php:314
Stack trace:
#0 D:\wamp64\www\eshopper\system\Database\MySQLi\Connection.php(314): mysqli->query('INSERT INTO `ca...')
#1 D:\wamp64\www\eshopper\system\Database\BaseConnection.php(713): CodeIgniter\Database\MySQLi\Connection->execute('INSERT INTO `ca...')
#2 D:\wamp64\www\eshopper\system\Database\BaseConnection.php(641): CodeIgniter\Database\BaseConnection->simpleQuery('INSERT INTO `ca...')
#3 D:\wamp64\www\eshopper\system\Database\BaseBuilder.php(2263): CodeIgniter\Database\BaseConnection->query('INSERT INTO `ca...', Array, false)
#4 D:\wamp64\www\eshopper\app\Models\CategoriesModel.php(58): CodeIgniter\Database\BaseBuilder->insert(Array)
#5 D:\wamp64\www\eshopper\app\Controllers\Admin\Categories.php(106): App\Models\CategoriesModel->add(Array)
#6 D:\wamp64\www\eshopper\system\CodeIgniter.php(936): App\Controllers\Admin\Categories->add()
#7 D:\wamp64\www\eshopper\system\CodeIgniter.php(432): CodeIgniter\CodeIgniter->runController(Object(App\Controllers\Admin\Categories))
#8 D:\wamp64\www\eshopper\system\CodeIgniter.php(333): CodeIgniter\CodeIgniter->handleRequest(NULL, Object(Config\Cache), false)
#9 D:\wamp64\www\eshopper\public\index.php(44): CodeIgniter\CodeIgniter->run()
#10 {main}
CRITICAL - 2021-04-23 10:49:16 --> Duplicate entry '0' for key 'PRIMARY'
#0 D:\wamp64\www\eshopper\system\Database\MySQLi\Connection.php(314): mysqli->query('INSERT INTO `ca...')
#1 D:\wamp64\www\eshopper\system\Database\BaseConnection.php(713): CodeIgniter\Database\MySQLi\Connection->execute('INSERT INTO `ca...')
#2 D:\wamp64\www\eshopper\system\Database\BaseConnection.php(641): CodeIgniter\Database\BaseConnection->simpleQuery('INSERT INTO `ca...')
#3 D:\wamp64\www\eshopper\system\Database\BaseBuilder.php(2263): CodeIgniter\Database\BaseConnection->query('INSERT INTO `ca...', Array, false)
#4 D:\wamp64\www\eshopper\app\Models\CategoriesModel.php(58): CodeIgniter\Database\BaseBuilder->insert(Array)
#5 D:\wamp64\www\eshopper\app\Controllers\Admin\Categories.php(106): App\Models\CategoriesModel->add(Array)
#6 D:\wamp64\www\eshopper\system\CodeIgniter.php(936): App\Controllers\Admin\Categories->add()
#7 D:\wamp64\www\eshopper\system\CodeIgniter.php(432): CodeIgniter\CodeIgniter->runController(Object(App\Controllers\Admin\Categories))
#8 D:\wamp64\www\eshopper\system\CodeIgniter.php(333): CodeIgniter\CodeIgniter->handleRequest(NULL, Object(Config\Cache), false)
#9 D:\wamp64\www\eshopper\public\index.php(44): CodeIgniter\CodeIgniter->run()
#10 {main}
ERROR - 2021-04-23 10:50:16 --> mysqli_sql_exception: Column 'enabled' cannot be null in D:\wamp64\www\eshopper\system\Database\MySQLi\Connection.php:314
Stack trace:
#0 D:\wamp64\www\eshopper\system\Database\MySQLi\Connection.php(314): mysqli->query('INSERT INTO `ca...')
#1 D:\wamp64\www\eshopper\system\Database\BaseConnection.php(713): CodeIgniter\Database\MySQLi\Connection->execute('INSERT INTO `ca...')
#2 D:\wamp64\www\eshopper\system\Database\BaseConnection.php(641): CodeIgniter\Database\BaseConnection->simpleQuery('INSERT INTO `ca...')
#3 D:\wamp64\www\eshopper\system\Database\BaseBuilder.php(2263): CodeIgniter\Database\BaseConnection->query('INSERT INTO `ca...', Array, false)
#4 D:\wamp64\www\eshopper\app\Models\CategoriesModel.php(58): CodeIgniter\Database\BaseBuilder->insert(Array)
#5 D:\wamp64\www\eshopper\app\Controllers\Admin\Categories.php(106): App\Models\CategoriesModel->add(Array)
#6 D:\wamp64\www\eshopper\system\CodeIgniter.php(936): App\Controllers\Admin\Categories->add()
#7 D:\wamp64\www\eshopper\system\CodeIgniter.php(432): CodeIgniter\CodeIgniter->runController(Object(App\Controllers\Admin\Categories))
#8 D:\wamp64\www\eshopper\system\CodeIgniter.php(333): CodeIgniter\CodeIgniter->handleRequest(NULL, Object(Config\Cache), false)
#9 D:\wamp64\www\eshopper\public\index.php(44): CodeIgniter\CodeIgniter->run()
#10 {main}
CRITICAL - 2021-04-23 10:50:16 --> Column 'enabled' cannot be null
#0 D:\wamp64\www\eshopper\system\Database\MySQLi\Connection.php(314): mysqli->query('INSERT INTO `ca...')
#1 D:\wamp64\www\eshopper\system\Database\BaseConnection.php(713): CodeIgniter\Database\MySQLi\Connection->execute('INSERT INTO `ca...')
#2 D:\wamp64\www\eshopper\system\Database\BaseConnection.php(641): CodeIgniter\Database\BaseConnection->simpleQuery('INSERT INTO `ca...')
#3 D:\wamp64\www\eshopper\system\Database\BaseBuilder.php(2263): CodeIgniter\Database\BaseConnection->query('INSERT INTO `ca...', Array, false)
#4 D:\wamp64\www\eshopper\app\Models\CategoriesModel.php(58): CodeIgniter\Database\BaseBuilder->insert(Array)
#5 D:\wamp64\www\eshopper\app\Controllers\Admin\Categories.php(106): App\Models\CategoriesModel->add(Array)
#6 D:\wamp64\www\eshopper\system\CodeIgniter.php(936): App\Controllers\Admin\Categories->add()
#7 D:\wamp64\www\eshopper\system\CodeIgniter.php(432): CodeIgniter\CodeIgniter->runController(Object(App\Controllers\Admin\Categories))
#8 D:\wamp64\www\eshopper\system\CodeIgniter.php(333): CodeIgniter\CodeIgniter->handleRequest(NULL, Object(Config\Cache), false)
#9 D:\wamp64\www\eshopper\public\index.php(44): CodeIgniter\CodeIgniter->run()
#10 {main}
CRITICAL - 2021-04-23 10:53:03 --> Call to undefined function App\Controllers\Admin\getPost()
#0 D:\wamp64\www\eshopper\system\CodeIgniter.php(936): App\Controllers\Admin\Categories->add()
#1 D:\wamp64\www\eshopper\system\CodeIgniter.php(432): CodeIgniter\CodeIgniter->runController(Object(App\Controllers\Admin\Categories))
#2 D:\wamp64\www\eshopper\system\CodeIgniter.php(333): CodeIgniter\CodeIgniter->handleRequest(NULL, Object(Config\Cache), false)
#3 D:\wamp64\www\eshopper\public\index.php(44): CodeIgniter\CodeIgniter->run()
#4 {main}
CRITICAL - 2021-04-23 10:53:27 --> Call to undefined function App\Controllers\Admin\getPost()
#0 D:\wamp64\www\eshopper\system\CodeIgniter.php(936): App\Controllers\Admin\Categories->add()
#1 D:\wamp64\www\eshopper\system\CodeIgniter.php(432): CodeIgniter\CodeIgniter->runController(Object(App\Controllers\Admin\Categories))
#2 D:\wamp64\www\eshopper\system\CodeIgniter.php(333): CodeIgniter\CodeIgniter->handleRequest(NULL, Object(Config\Cache), false)
#3 D:\wamp64\www\eshopper\public\index.php(44): CodeIgniter\CodeIgniter->run()
#4 {main}
CRITICAL - 2021-04-23 10:53:42 --> Call to undefined function App\Controllers\Admin\getPost()
#0 D:\wamp64\www\eshopper\system\CodeIgniter.php(936): App\Controllers\Admin\Categories->add()
#1 D:\wamp64\www\eshopper\system\CodeIgniter.php(432): CodeIgniter\CodeIgniter->runController(Object(App\Controllers\Admin\Categories))
#2 D:\wamp64\www\eshopper\system\CodeIgniter.php(333): CodeIgniter\CodeIgniter->handleRequest(NULL, Object(Config\Cache), false)
#3 D:\wamp64\www\eshopper\public\index.php(44): CodeIgniter\CodeIgniter->run()
#4 {main}
CRITICAL - 2021-04-23 10:53:45 --> Call to undefined function App\Controllers\Admin\getPost()
#0 D:\wamp64\www\eshopper\system\CodeIgniter.php(936): App\Controllers\Admin\Categories->add()
#1 D:\wamp64\www\eshopper\system\CodeIgniter.php(432): CodeIgniter\CodeIgniter->runController(Object(App\Controllers\Admin\Categories))
#2 D:\wamp64\www\eshopper\system\CodeIgniter.php(333): CodeIgniter\CodeIgniter->handleRequest(NULL, Object(Config\Cache), false)
#3 D:\wamp64\www\eshopper\public\index.php(44): CodeIgniter\CodeIgniter->run()
#4 {main}
CRITICAL - 2021-04-23 13:19:31 --> syntax error, unexpected 'public' (T_PUBLIC)
#0 D:\wamp64\www\eshopper\system\Router\Router.php(170): CodeIgniter\Router\Router->autoRoute('admin/categorie...')
#1 D:\wamp64\www\eshopper\system\CodeIgniter.php(816): CodeIgniter\Router\Router->handle('admin/categorie...')
#2 D:\wamp64\www\eshopper\system\CodeIgniter.php(385): CodeIgniter\CodeIgniter->tryToRouteIt(Object(CodeIgniter\Router\RouteCollection))
#3 D:\wamp64\www\eshopper\system\CodeIgniter.php(333): CodeIgniter\CodeIgniter->handleRequest(NULL, Object(Config\Cache), false)
#4 D:\wamp64\www\eshopper\public\index.php(44): CodeIgniter\CodeIgniter->run()
#5 {main}
CRITICAL - 2021-04-23 13:37:00 --> Undefined variable: admin_id
#0 D:\wamp64\www\eshopper\app\Controllers\Admin\Categories.php(120): CodeIgniter\Debug\Exceptions->errorHandler(8, 'Undefined varia...', 'D:\\wamp64\\www\\e...', 120, Array)
#1 D:\wamp64\www\eshopper\system\CodeIgniter.php(936): App\Controllers\Admin\Categories->edit('7')
#2 D:\wamp64\www\eshopper\system\CodeIgniter.php(432): CodeIgniter\CodeIgniter->runController(Object(App\Controllers\Admin\Categories))
#3 D:\wamp64\www\eshopper\system\CodeIgniter.php(333): CodeIgniter\CodeIgniter->handleRequest(NULL, Object(Config\Cache), false)
#4 D:\wamp64\www\eshopper\public\index.php(44): CodeIgniter\CodeIgniter->run()
#5 {main}
CRITICAL - 2021-04-23 13:45:27 --> Too few arguments to function App\Models\CategoriesModel::edit(), 1 passed in D:\wamp64\www\eshopper\app\Controllers\Admin\Categories.php on line 117 and exactly 2 expected
#0 D:\wamp64\www\eshopper\app\Controllers\Admin\Categories.php(117): App\Models\CategoriesModel->edit(Array)
#1 D:\wamp64\www\eshopper\system\CodeIgniter.php(936): App\Controllers\Admin\Categories->edit('8')
#2 D:\wamp64\www\eshopper\system\CodeIgniter.php(432): CodeIgniter\CodeIgniter->runController(Object(App\Controllers\Admin\Categories))
#3 D:\wamp64\www\eshopper\system\CodeIgniter.php(333): CodeIgniter\CodeIgniter->handleRequest(NULL, Object(Config\Cache), false)
#4 D:\wamp64\www\eshopper\public\index.php(44): CodeIgniter\CodeIgniter->run()
#5 {main}
ERROR - 2021-04-23 13:48:54 --> mysqli_sql_exception: Duplicate entry 'vb' for key 'name' in D:\wamp64\www\eshopper\system\Database\MySQLi\Connection.php:314
Stack trace:
#0 D:\wamp64\www\eshopper\system\Database\MySQLi\Connection.php(314): mysqli->query('INSERT INTO `ca...')
#1 D:\wamp64\www\eshopper\system\Database\BaseConnection.php(713): CodeIgniter\Database\MySQLi\Connection->execute('INSERT INTO `ca...')
#2 D:\wamp64\www\eshopper\system\Database\BaseConnection.php(641): CodeIgniter\Database\BaseConnection->simpleQuery('INSERT INTO `ca...')
#3 D:\wamp64\www\eshopper\system\Database\BaseBuilder.php(2263): CodeIgniter\Database\BaseConnection->query('INSERT INTO `ca...', Array, false)
#4 D:\wamp64\www\eshopper\app\Models\CategoriesModel.php(58): CodeIgniter\Database\BaseBuilder->insert(Array)
#5 D:\wamp64\www\eshopper\app\Controllers\Admin\Categories.php(143): App\Models\CategoriesModel->add(Array)
#6 D:\wamp64\www\eshopper\system\CodeIgniter.php(936): App\Controllers\Admin\Categories->add()
#7 D:\wamp64\www\eshopper\system\CodeIgniter.php(432): CodeIgniter\CodeIgniter->runController(Object(App\Controllers\Admin\Categories))
#8 D:\wamp64\www\eshopper\system\CodeIgniter.php(333): CodeIgniter\CodeIgniter->handleRequest(NULL, Object(Config\Cache), false)
#9 D:\wamp64\www\eshopper\public\index.php(44): CodeIgniter\CodeIgniter->run()
#10 {main}
CRITICAL - 2021-04-23 13:48:54 --> Duplicate entry 'vb' for key 'name'
#0 D:\wamp64\www\eshopper\system\Database\MySQLi\Connection.php(314): mysqli->query('INSERT INTO `ca...')
#1 D:\wamp64\www\eshopper\system\Database\BaseConnection.php(713): CodeIgniter\Database\MySQLi\Connection->execute('INSERT INTO `ca...')
#2 D:\wamp64\www\eshopper\system\Database\BaseConnection.php(641): CodeIgniter\Database\BaseConnection->simpleQuery('INSERT INTO `ca...')
#3 D:\wamp64\www\eshopper\system\Database\BaseBuilder.php(2263): CodeIgniter\Database\BaseConnection->query('INSERT INTO `ca...', Array, false)
#4 D:\wamp64\www\eshopper\app\Models\CategoriesModel.php(58): CodeIgniter\Database\BaseBuilder->insert(Array)
#5 D:\wamp64\www\eshopper\app\Controllers\Admin\Categories.php(143): App\Models\CategoriesModel->add(Array)
#6 D:\wamp64\www\eshopper\system\CodeIgniter.php(936): App\Controllers\Admin\Categories->add()
#7 D:\wamp64\www\eshopper\system\CodeIgniter.php(432): CodeIgniter\CodeIgniter->runController(Object(App\Controllers\Admin\Categories))
#8 D:\wamp64\www\eshopper\system\CodeIgniter.php(333): CodeIgniter\CodeIgniter->handleRequest(NULL, Object(Config\Cache), false)
#9 D:\wamp64\www\eshopper\public\index.php(44): CodeIgniter\CodeIgniter->run()
#10 {main}
ERROR - 2021-04-23 14:33:05 --> mysqli_sql_exception: Unknown column 'categorie' in 'field list' in D:\wamp64\www\eshopper\system\Database\MySQLi\Connection.php:314
Stack trace:
#0 D:\wamp64\www\eshopper\system\Database\MySQLi\Connection.php(314): mysqli->query('SELECT `id`, `n...')
#1 D:\wamp64\www\eshopper\system\Database\BaseConnection.php(713): CodeIgniter\Database\MySQLi\Connection->execute('SELECT `id`, `n...')
#2 D:\wamp64\www\eshopper\system\Database\BaseConnection.php(641): CodeIgniter\Database\BaseConnection->simpleQuery('SELECT `id`, `n...')
#3 D:\wamp64\www\eshopper\system\Database\BaseBuilder.php(1866): CodeIgniter\Database\BaseConnection->query('SELECT `id`, `n...', Array, false)
#4 D:\wamp64\www\eshopper\app\Models\ProductsModel.php(31): CodeIgniter\Database\BaseBuilder->get()
#5 D:\wamp64\www\eshopper\app\Controllers\Admin\Products.php(17): App\Models\ProductsModel->list()
#6 D:\wamp64\www\eshopper\system\CodeIgniter.php(936): App\Controllers\Admin\Products->index()
#7 D:\wamp64\www\eshopper\system\CodeIgniter.php(432): CodeIgniter\CodeIgniter->runController(Object(App\Controllers\Admin\Products))
#8 D:\wamp64\www\eshopper\system\CodeIgniter.php(333): CodeIgniter\CodeIgniter->handleRequest(NULL, Object(Config\Cache), false)
#9 D:\wamp64\www\eshopper\public\index.php(44): CodeIgniter\CodeIgniter->run()
#10 {main}
CRITICAL - 2021-04-23 14:33:05 --> Unknown column 'categorie' in 'field list'
#0 D:\wamp64\www\eshopper\system\Database\MySQLi\Connection.php(314): mysqli->query('SELECT `id`, `n...')
#1 D:\wamp64\www\eshopper\system\Database\BaseConnection.php(713): CodeIgniter\Database\MySQLi\Connection->execute('SELECT `id`, `n...')
#2 D:\wamp64\www\eshopper\system\Database\BaseConnection.php(641): CodeIgniter\Database\BaseConnection->simpleQuery('SELECT `id`, `n...')
#3 D:\wamp64\www\eshopper\system\Database\BaseBuilder.php(1866): CodeIgniter\Database\BaseConnection->query('SELECT `id`, `n...', Array, false)
#4 D:\wamp64\www\eshopper\app\Models\ProductsModel.php(31): CodeIgniter\Database\BaseBuilder->get()
#5 D:\wamp64\www\eshopper\app\Controllers\Admin\Products.php(17): App\Models\ProductsModel->list()
#6 D:\wamp64\www\eshopper\system\CodeIgniter.php(936): App\Controllers\Admin\Products->index()
#7 D:\wamp64\www\eshopper\system\CodeIgniter.php(432): CodeIgniter\CodeIgniter->runController(Object(App\Controllers\Admin\Products))
#8 D:\wamp64\www\eshopper\system\CodeIgniter.php(333): CodeIgniter\CodeIgniter->handleRequest(NULL, Object(Config\Cache), false)
#9 D:\wamp64\www\eshopper\public\index.php(44): CodeIgniter\CodeIgniter->run()
#10 {main}
CRITICAL - 2021-04-23 15:30:21 --> Undefined variable: categorie_id
#0 D:\wamp64\www\eshopper\app\Models\ProductsModel.php(21): CodeIgniter\Debug\Exceptions->errorHandler(8, 'Undefined varia...', 'D:\\wamp64\\www\\e...', 21, Array)
#1 D:\wamp64\www\eshopper\app\Controllers\Admin\Products.php(19): App\Models\ProductsModel->list()
#2 D:\wamp64\www\eshopper\system\CodeIgniter.php(936): App\Controllers\Admin\Products->index()
#3 D:\wamp64\www\eshopper\system\CodeIgniter.php(432): CodeIgniter\CodeIgniter->runController(Object(App\Controllers\Admin\Products))
#4 D:\wamp64\www\eshopper\system\CodeIgniter.php(333): CodeIgniter\CodeIgniter->handleRequest(NULL, Object(Config\Cache), false)
#5 D:\wamp64\www\eshopper\public\index.php(44): CodeIgniter\CodeIgniter->run()
#6 {main}
ERROR - 2021-04-23 15:30:36 --> mysqli_sql_exception: Not unique table/alias: 'products' in D:\wamp64\www\eshopper\system\Database\MySQLi\Connection.php:314
Stack trace:
#0 D:\wamp64\www\eshopper\system\Database\MySQLi\Connection.php(314): mysqli->query('SELECT `id`, `n...')
#1 D:\wamp64\www\eshopper\system\Database\BaseConnection.php(713): CodeIgniter\Database\MySQLi\Connection->execute('SELECT `id`, `n...')
#2 D:\wamp64\www\eshopper\system\Database\BaseConnection.php(641): CodeIgniter\Database\BaseConnection->simpleQuery('SELECT `id`, `n...')
#3 D:\wamp64\www\eshopper\system\Database\BaseBuilder.php(1866): CodeIgniter\Database\BaseConnection->query('SELECT `id`, `n...', Array, false)
#4 D:\wamp64\www\eshopper\app\Models\ProductsModel.php(32): CodeIgniter\Database\BaseBuilder->get()
#5 D:\wamp64\www\eshopper\app\Controllers\Admin\Products.php(19): App\Models\ProductsModel->list()
#6 D:\wamp64\www\eshopper\system\CodeIgniter.php(936): App\Controllers\Admin\Products->index()
#7 D:\wamp64\www\eshopper\system\CodeIgniter.php(432): CodeIgniter\CodeIgniter->runController(Object(App\Controllers\Admin\Products))
#8 D:\wamp64\www\eshopper\system\CodeIgniter.php(333): CodeIgniter\CodeIgniter->handleRequest(NULL, Object(Config\Cache), false)
#9 D:\wamp64\www\eshopper\public\index.php(44): CodeIgniter\CodeIgniter->run()
#10 {main}
CRITICAL - 2021-04-23 15:30:36 --> Not unique table/alias: 'products'
#0 D:\wamp64\www\eshopper\system\Database\MySQLi\Connection.php(314): mysqli->query('SELECT `id`, `n...')
#1 D:\wamp64\www\eshopper\system\Database\BaseConnection.php(713): CodeIgniter\Database\MySQLi\Connection->execute('SELECT `id`, `n...')
#2 D:\wamp64\www\eshopper\system\Database\BaseConnection.php(641): CodeIgniter\Database\BaseConnection->simpleQuery('SELECT `id`, `n...')
#3 D:\wamp64\www\eshopper\system\Database\BaseBuilder.php(1866): CodeIgniter\Database\BaseConnection->query('SELECT `id`, `n...', Array, false)
#4 D:\wamp64\www\eshopper\app\Models\ProductsModel.php(32): CodeIgniter\Database\BaseBuilder->get()
#5 D:\wamp64\www\eshopper\app\Controllers\Admin\Products.php(19): App\Models\ProductsModel->list()
#6 D:\wamp64\www\eshopper\system\CodeIgniter.php(936): App\Controllers\Admin\Products->index()
#7 D:\wamp64\www\eshopper\system\CodeIgniter.php(432): CodeIgniter\CodeIgniter->runController(Object(App\Controllers\Admin\Products))
#8 D:\wamp64\www\eshopper\system\CodeIgniter.php(333): CodeIgniter\CodeIgniter->handleRequest(NULL, Object(Config\Cache), false)
#9 D:\wamp64\www\eshopper\public\index.php(44): CodeIgniter\CodeIgniter->run()
#10 {main}
ERROR - 2021-04-23 15:32:39 --> mysqli_sql_exception: Not unique table/alias: 'products' in D:\wamp64\www\eshopper\system\Database\MySQLi\Connection.php:314
Stack trace:
#0 D:\wamp64\www\eshopper\system\Database\MySQLi\Connection.php(314): mysqli->query('SELECT `id`, `n...')
#1 D:\wamp64\www\eshopper\system\Database\BaseConnection.php(713): CodeIgniter\Database\MySQLi\Connection->execute('SELECT `id`, `n...')
#2 D:\wamp64\www\eshopper\system\Database\BaseConnection.php(641): CodeIgniter\Database\BaseConnection->simpleQuery('SELECT `id`, `n...')
#3 D:\wamp64\www\eshopper\system\Database\BaseBuilder.php(1866): CodeIgniter\Database\BaseConnection->query('SELECT `id`, `n...', Array, false)
#4 D:\wamp64\www\eshopper\app\Models\ProductsModel.php(32): CodeIgniter\Database\BaseBuilder->get()
#5 D:\wamp64\www\eshopper\app\Controllers\Admin\Products.php(19): App\Models\ProductsModel->list()
#6 D:\wamp64\www\eshopper\system\CodeIgniter.php(936): App\Controllers\Admin\Products->index()
#7 D:\wamp64\www\eshopper\system\CodeIgniter.php(432): CodeIgniter\CodeIgniter->runController(Object(App\Controllers\Admin\Products))
#8 D:\wamp64\www\eshopper\system\CodeIgniter.php(333): CodeIgniter\CodeIgniter->handleRequest(NULL, Object(Config\Cache), false)
#9 D:\wamp64\www\eshopper\public\index.php(44): CodeIgniter\CodeIgniter->run()
#10 {main}
CRITICAL - 2021-04-23 15:32:39 --> Not unique table/alias: 'products'
#0 D:\wamp64\www\eshopper\system\Database\MySQLi\Connection.php(314): mysqli->query('SELECT `id`, `n...')
#1 D:\wamp64\www\eshopper\system\Database\BaseConnection.php(713): CodeIgniter\Database\MySQLi\Connection->execute('SELECT `id`, `n...')
#2 D:\wamp64\www\eshopper\system\Database\BaseConnection.php(641): CodeIgniter\Database\BaseConnection->simpleQuery('SELECT `id`, `n...')
#3 D:\wamp64\www\eshopper\system\Database\BaseBuilder.php(1866): CodeIgniter\Database\BaseConnection->query('SELECT `id`, `n...', Array, false)
#4 D:\wamp64\www\eshopper\app\Models\ProductsModel.php(32): CodeIgniter\Database\BaseBuilder->get()
#5 D:\wamp64\www\eshopper\app\Controllers\Admin\Products.php(19): App\Models\ProductsModel->list()
#6 D:\wamp64\www\eshopper\system\CodeIgniter.php(936): App\Controllers\Admin\Products->index()
#7 D:\wamp64\www\eshopper\system\CodeIgniter.php(432): CodeIgniter\CodeIgniter->runController(Object(App\Controllers\Admin\Products))
#8 D:\wamp64\www\eshopper\system\CodeIgniter.php(333): CodeIgniter\CodeIgniter->handleRequest(NULL, Object(Config\Cache), false)
#9 D:\wamp64\www\eshopper\public\index.php(44): CodeIgniter\CodeIgniter->run()
#10 {main}
ERROR - 2021-04-23 15:32:41 --> mysqli_sql_exception: Not unique table/alias: 'products' in D:\wamp64\www\eshopper\system\Database\MySQLi\Connection.php:314
Stack trace:
#0 D:\wamp64\www\eshopper\system\Database\MySQLi\Connection.php(314): mysqli->query('SELECT `id`, `n...')
#1 D:\wamp64\www\eshopper\system\Database\BaseConnection.php(713): CodeIgniter\Database\MySQLi\Connection->execute('SELECT `id`, `n...')
#2 D:\wamp64\www\eshopper\system\Database\BaseConnection.php(641): CodeIgniter\Database\BaseConnection->simpleQuery('SELECT `id`, `n...')
#3 D:\wamp64\www\eshopper\system\Database\BaseBuilder.php(1866): CodeIgniter\Database\BaseConnection->query('SELECT `id`, `n...', Array, false)
#4 D:\wamp64\www\eshopper\app\Models\ProductsModel.php(32): CodeIgniter\Database\BaseBuilder->get()
#5 D:\wamp64\www\eshopper\app\Controllers\Admin\Products.php(19): App\Models\ProductsModel->list()
#6 D:\wamp64\www\eshopper\system\CodeIgniter.php(936): App\Controllers\Admin\Products->index()
#7 D:\wamp64\www\eshopper\system\CodeIgniter.php(432): CodeIgniter\CodeIgniter->runController(Object(App\Controllers\Admin\Products))
#8 D:\wamp64\www\eshopper\system\CodeIgniter.php(333): CodeIgniter\CodeIgniter->handleRequest(NULL, Object(Config\Cache), false)
#9 D:\wamp64\www\eshopper\public\index.php(44): CodeIgniter\CodeIgniter->run()
#10 {main}
CRITICAL - 2021-04-23 15:32:41 --> Not unique table/alias: 'products'
#0 D:\wamp64\www\eshopper\system\Database\MySQLi\Connection.php(314): mysqli->query('SELECT `id`, `n...')
#1 D:\wamp64\www\eshopper\system\Database\BaseConnection.php(713): CodeIgniter\Database\MySQLi\Connection->execute('SELECT `id`, `n...')
#2 D:\wamp64\www\eshopper\system\Database\BaseConnection.php(641): CodeIgniter\Database\BaseConnection->simpleQuery('SELECT `id`, `n...')
#3 D:\wamp64\www\eshopper\system\Database\BaseBuilder.php(1866): CodeIgniter\Database\BaseConnection->query('SELECT `id`, `n...', Array, false)
#4 D:\wamp64\www\eshopper\app\Models\ProductsModel.php(32): CodeIgniter\Database\BaseBuilder->get()
#5 D:\wamp64\www\eshopper\app\Controllers\Admin\Products.php(19): App\Models\ProductsModel->list()
#6 D:\wamp64\www\eshopper\system\CodeIgniter.php(936): App\Controllers\Admin\Products->index()
#7 D:\wamp64\www\eshopper\system\CodeIgniter.php(432): CodeIgniter\CodeIgniter->runController(Object(App\Controllers\Admin\Products))
#8 D:\wamp64\www\eshopper\system\CodeIgniter.php(333): CodeIgniter\CodeIgniter->handleRequest(NULL, Object(Config\Cache), false)
#9 D:\wamp64\www\eshopper\public\index.php(44): CodeIgniter\CodeIgniter->run()
#10 {main}
ERROR - 2021-04-23 15:33:13 --> mysqli_sql_exception: Not unique table/alias: 'products' in D:\wamp64\www\eshopper\system\Database\MySQLi\Connection.php:314
Stack trace:
#0 D:\wamp64\www\eshopper\system\Database\MySQLi\Connection.php(314): mysqli->query('SELECT `id`, `n...')
#1 D:\wamp64\www\eshopper\system\Database\BaseConnection.php(713): CodeIgniter\Database\MySQLi\Connection->execute('SELECT `id`, `n...')
#2 D:\wamp64\www\eshopper\system\Database\BaseConnection.php(641): CodeIgniter\Database\BaseConnection->simpleQuery('SELECT `id`, `n...')
#3 D:\wamp64\www\eshopper\system\Database\BaseBuilder.php(1866): CodeIgniter\Database\BaseConnection->query('SELECT `id`, `n...', Array, false)
#4 D:\wamp64\www\eshopper\app\Models\ProductsModel.php(32): CodeIgniter\Database\BaseBuilder->get()
#5 D:\wamp64\www\eshopper\app\Controllers\Admin\Products.php(19): App\Models\ProductsModel->list()
#6 D:\wamp64\www\eshopper\system\CodeIgniter.php(936): App\Controllers\Admin\Products->index()
#7 D:\wamp64\www\eshopper\system\CodeIgniter.php(432): CodeIgniter\CodeIgniter->runController(Object(App\Controllers\Admin\Products))
#8 D:\wamp64\www\eshopper\system\CodeIgniter.php(333): CodeIgniter\CodeIgniter->handleRequest(NULL, Object(Config\Cache), false)
#9 D:\wamp64\www\eshopper\public\index.php(44): CodeIgniter\CodeIgniter->run()
#10 {main}
CRITICAL - 2021-04-23 15:33:13 --> Not unique table/alias: 'products'
#0 D:\wamp64\www\eshopper\system\Database\MySQLi\Connection.php(314): mysqli->query('SELECT `id`, `n...')
#1 D:\wamp64\www\eshopper\system\Database\BaseConnection.php(713): CodeIgniter\Database\MySQLi\Connection->execute('SELECT `id`, `n...')
#2 D:\wamp64\www\eshopper\system\Database\BaseConnection.php(641): CodeIgniter\Database\BaseConnection->simpleQuery('SELECT `id`, `n...')
#3 D:\wamp64\www\eshopper\system\Database\BaseBuilder.php(1866): CodeIgniter\Database\BaseConnection->query('SELECT `id`, `n...', Array, false)
#4 D:\wamp64\www\eshopper\app\Models\ProductsModel.php(32): CodeIgniter\Database\BaseBuilder->get()
#5 D:\wamp64\www\eshopper\app\Controllers\Admin\Products.php(19): App\Models\ProductsModel->list()
#6 D:\wamp64\www\eshopper\system\CodeIgniter.php(936): App\Controllers\Admin\Products->index()
#7 D:\wamp64\www\eshopper\system\CodeIgniter.php(432): CodeIgniter\CodeIgniter->runController(Object(App\Controllers\Admin\Products))
#8 D:\wamp64\www\eshopper\system\CodeIgniter.php(333): CodeIgniter\CodeIgniter->handleRequest(NULL, Object(Config\Cache), false)
#9 D:\wamp64\www\eshopper\public\index.php(44): CodeIgniter\CodeIgniter->run()
#10 {main}
ERROR - 2021-04-23 15:41:09 --> mysqli_sql_exception: Column 'id' in field list is ambiguous in D:\wamp64\www\eshopper\system\Database\MySQLi\Connection.php:314
Stack trace:
#0 D:\wamp64\www\eshopper\system\Database\MySQLi\Connection.php(314): mysqli->query('SELECT `id`, `n...')
#1 D:\wamp64\www\eshopper\system\Database\BaseConnection.php(713): CodeIgniter\Database\MySQLi\Connection->execute('SELECT `id`, `n...')
#2 D:\wamp64\www\eshopper\system\Database\BaseConnection.php(641): CodeIgniter\Database\BaseConnection->simpleQuery('SELECT `id`, `n...')
#3 D:\wamp64\www\eshopper\system\Database\BaseBuilder.php(1866): CodeIgniter\Database\BaseConnection->query('SELECT `id`, `n...', Array, false)
#4 D:\wamp64\www\eshopper\app\Models\ProductsModel.php(32): CodeIgniter\Database\BaseBuilder->get()
#5 D:\wamp64\www\eshopper\app\Controllers\Admin\Products.php(19): App\Models\ProductsModel->list()
#6 D:\wamp64\www\eshopper\system\CodeIgniter.php(936): App\Controllers\Admin\Products->index()
#7 D:\wamp64\www\eshopper\system\CodeIgniter.php(432): CodeIgniter\CodeIgniter->runController(Object(App\Controllers\Admin\Products))
#8 D:\wamp64\www\eshopper\system\CodeIgniter.php(333): CodeIgniter\CodeIgniter->handleRequest(NULL, Object(Config\Cache), false)
#9 D:\wamp64\www\eshopper\public\index.php(44): CodeIgniter\CodeIgniter->run()
#10 {main}
CRITICAL - 2021-04-23 15:41:09 --> Column 'id' in field list is ambiguous
#0 D:\wamp64\www\eshopper\system\Database\MySQLi\Connection.php(314): mysqli->query('SELECT `id`, `n...')
#1 D:\wamp64\www\eshopper\system\Database\BaseConnection.php(713): CodeIgniter\Database\MySQLi\Connection->execute('SELECT `id`, `n...')
#2 D:\wamp64\www\eshopper\system\Database\BaseConnection.php(641): CodeIgniter\Database\BaseConnection->simpleQuery('SELECT `id`, `n...')
#3 D:\wamp64\www\eshopper\system\Database\BaseBuilder.php(1866): CodeIgniter\Database\BaseConnection->query('SELECT `id`, `n...', Array, false)
#4 D:\wamp64\www\eshopper\app\Models\ProductsModel.php(32): CodeIgniter\Database\BaseBuilder->get()
#5 D:\wamp64\www\eshopper\app\Controllers\Admin\Products.php(19): App\Models\ProductsModel->list()
#6 D:\wamp64\www\eshopper\system\CodeIgniter.php(936): App\Controllers\Admin\Products->index()
#7 D:\wamp64\www\eshopper\system\CodeIgniter.php(432): CodeIgniter\CodeIgniter->runController(Object(App\Controllers\Admin\Products))
#8 D:\wamp64\www\eshopper\system\CodeIgniter.php(333): CodeIgniter\CodeIgniter->handleRequest(NULL, Object(Config\Cache), false)
#9 D:\wamp64\www\eshopper\public\index.php(44): CodeIgniter\CodeIgniter->run()
#10 {main}
ERROR - 2021-04-23 15:44:26 --> mysqli_sql_exception: Column 'id' in field list is ambiguous in D:\wamp64\www\eshopper\system\Database\MySQLi\Connection.php:314
Stack trace:
#0 D:\wamp64\www\eshopper\system\Database\MySQLi\Connection.php(314): mysqli->query('SELECT `id`, `n...')
#1 D:\wamp64\www\eshopper\system\Database\BaseConnection.php(713): CodeIgniter\Database\MySQLi\Connection->execute('SELECT `id`, `n...')
#2 D:\wamp64\www\eshopper\system\Database\BaseConnection.php(641): CodeIgniter\Database\BaseConnection->simpleQuery('SELECT `id`, `n...')
#3 D:\wamp64\www\eshopper\system\Database\BaseBuilder.php(1866): CodeIgniter\Database\BaseConnection->query('SELECT `id`, `n...', Array, false)
#4 D:\wamp64\www\eshopper\app\Models\ProductsModel.php(32): CodeIgniter\Database\BaseBuilder->get()
#5 D:\wamp64\www\eshopper\app\Controllers\Admin\Products.php(19): App\Models\ProductsModel->list()
#6 D:\wamp64\www\eshopper\system\CodeIgniter.php(936): App\Controllers\Admin\Products->index()
#7 D:\wamp64\www\eshopper\system\CodeIgniter.php(432): CodeIgniter\CodeIgniter->runController(Object(App\Controllers\Admin\Products))
#8 D:\wamp64\www\eshopper\system\CodeIgniter.php(333): CodeIgniter\CodeIgniter->handleRequest(NULL, Object(Config\Cache), false)
#9 D:\wamp64\www\eshopper\public\index.php(44): CodeIgniter\CodeIgniter->run()
#10 {main}
CRITICAL - 2021-04-23 15:44:26 --> Column 'id' in field list is ambiguous
#0 D:\wamp64\www\eshopper\system\Database\MySQLi\Connection.php(314): mysqli->query('SELECT `id`, `n...')
#1 D:\wamp64\www\eshopper\system\Database\BaseConnection.php(713): CodeIgniter\Database\MySQLi\Connection->execute('SELECT `id`, `n...')
#2 D:\wamp64\www\eshopper\system\Database\BaseConnection.php(641): CodeIgniter\Database\BaseConnection->simpleQuery('SELECT `id`, `n...')
#3 D:\wamp64\www\eshopper\system\Database\BaseBuilder.php(1866): CodeIgniter\Database\BaseConnection->query('SELECT `id`, `n...', Array, false)
#4 D:\wamp64\www\eshopper\app\Models\ProductsModel.php(32): CodeIgniter\Database\BaseBuilder->get()
#5 D:\wamp64\www\eshopper\app\Controllers\Admin\Products.php(19): App\Models\ProductsModel->list()
#6 D:\wamp64\www\eshopper\system\CodeIgniter.php(936): App\Controllers\Admin\Products->index()
#7 D:\wamp64\www\eshopper\system\CodeIgniter.php(432): CodeIgniter\CodeIgniter->runController(Object(App\Controllers\Admin\Products))
#8 D:\wamp64\www\eshopper\system\CodeIgniter.php(333): CodeIgniter\CodeIgniter->handleRequest(NULL, Object(Config\Cache), false)
#9 D:\wamp64\www\eshopper\public\index.php(44): CodeIgniter\CodeIgniter->run()
#10 {main}
ERROR - 2021-04-23 15:44:53 --> mysqli_sql_exception: Column 'id' in field list is ambiguous in D:\wamp64\www\eshopper\system\Database\MySQLi\Connection.php:314
Stack trace:
#0 D:\wamp64\www\eshopper\system\Database\MySQLi\Connection.php(314): mysqli->query('SELECT `id`, `n...')
#1 D:\wamp64\www\eshopper\system\Database\BaseConnection.php(713): CodeIgniter\Database\MySQLi\Connection->execute('SELECT `id`, `n...')
#2 D:\wamp64\www\eshopper\system\Database\BaseConnection.php(641): CodeIgniter\Database\BaseConnection->simpleQuery('SELECT `id`, `n...')
#3 D:\wamp64\www\eshopper\system\Database\BaseBuilder.php(1866): CodeIgniter\Database\BaseConnection->query('SELECT `id`, `n...', Array, false)
#4 D:\wamp64\www\eshopper\app\Models\ProductsModel.php(32): CodeIgniter\Database\BaseBuilder->get()
#5 D:\wamp64\www\eshopper\app\Controllers\Admin\Products.php(19): App\Models\ProductsModel->list()
#6 D:\wamp64\www\eshopper\system\CodeIgniter.php(936): App\Controllers\Admin\Products->index()
#7 D:\wamp64\www\eshopper\system\CodeIgniter.php(432): CodeIgniter\CodeIgniter->runController(Object(App\Controllers\Admin\Products))
#8 D:\wamp64\www\eshopper\system\CodeIgniter.php(333): CodeIgniter\CodeIgniter->handleRequest(NULL, Object(Config\Cache), false)
#9 D:\wamp64\www\eshopper\public\index.php(44): CodeIgniter\CodeIgniter->run()
#10 {main}
CRITICAL - 2021-04-23 15:44:53 --> Column 'id' in field list is ambiguous
#0 D:\wamp64\www\eshopper\system\Database\MySQLi\Connection.php(314): mysqli->query('SELECT `id`, `n...')
#1 D:\wamp64\www\eshopper\system\Database\BaseConnection.php(713): CodeIgniter\Database\MySQLi\Connection->execute('SELECT `id`, `n...')
#2 D:\wamp64\www\eshopper\system\Database\BaseConnection.php(641): CodeIgniter\Database\BaseConnection->simpleQuery('SELECT `id`, `n...')
#3 D:\wamp64\www\eshopper\system\Database\BaseBuilder.php(1866): CodeIgniter\Database\BaseConnection->query('SELECT `id`, `n...', Array, false)
#4 D:\wamp64\www\eshopper\app\Models\ProductsModel.php(32): CodeIgniter\Database\BaseBuilder->get()
#5 D:\wamp64\www\eshopper\app\Controllers\Admin\Products.php(19): App\Models\ProductsModel->list()
#6 D:\wamp64\www\eshopper\system\CodeIgniter.php(936): App\Controllers\Admin\Products->index()
#7 D:\wamp64\www\eshopper\system\CodeIgniter.php(432): CodeIgniter\CodeIgniter->runController(Object(App\Controllers\Admin\Products))
#8 D:\wamp64\www\eshopper\system\CodeIgniter.php(333): CodeIgniter\CodeIgniter->handleRequest(NULL, Object(Config\Cache), false)
#9 D:\wamp64\www\eshopper\public\index.php(44): CodeIgniter\CodeIgniter->run()
#10 {main}
CRITICAL - 2021-04-23 15:47:00 --> Call to a member function where() on null
#0 D:\wamp64\www\eshopper\app\Controllers\Admin\Products.php(19): App\Models\ProductsModel->list()
#1 D:\wamp64\www\eshopper\system\CodeIgniter.php(936): App\Controllers\Admin\Products->index()
#2 D:\wamp64\www\eshopper\system\CodeIgniter.php(432): CodeIgniter\CodeIgniter->runController(Object(App\Controllers\Admin\Products))
#3 D:\wamp64\www\eshopper\system\CodeIgniter.php(333): CodeIgniter\CodeIgniter->handleRequest(NULL, Object(Config\Cache), false)
#4 D:\wamp64\www\eshopper\public\index.php(44): CodeIgniter\CodeIgniter->run()
#5 {main}
CRITICAL - 2021-04-23 15:47:01 --> Call to a member function where() on null
#0 D:\wamp64\www\eshopper\app\Controllers\Admin\Products.php(19): App\Models\ProductsModel->list()
#1 D:\wamp64\www\eshopper\system\CodeIgniter.php(936): App\Controllers\Admin\Products->index()
#2 D:\wamp64\www\eshopper\system\CodeIgniter.php(432): CodeIgniter\CodeIgniter->runController(Object(App\Controllers\Admin\Products))
#3 D:\wamp64\www\eshopper\system\CodeIgniter.php(333): CodeIgniter\CodeIgniter->handleRequest(NULL, Object(Config\Cache), false)
#4 D:\wamp64\www\eshopper\public\index.php(44): CodeIgniter\CodeIgniter->run()
#5 {main}
CRITICAL - 2021-04-23 15:47:02 --> Call to a member function where() on null
#0 D:\wamp64\www\eshopper\app\Controllers\Admin\Products.php(19): App\Models\ProductsModel->list()
#1 D:\wamp64\www\eshopper\system\CodeIgniter.php(936): App\Controllers\Admin\Products->index()
#2 D:\wamp64\www\eshopper\system\CodeIgniter.php(432): CodeIgniter\CodeIgniter->runController(Object(App\Controllers\Admin\Products))
#3 D:\wamp64\www\eshopper\system\CodeIgniter.php(333): CodeIgniter\CodeIgniter->handleRequest(NULL, Object(Config\Cache), false)
#4 D:\wamp64\www\eshopper\public\index.php(44): CodeIgniter\CodeIgniter->run()
#5 {main}
CRITICAL - 2021-04-23 15:47:02 --> Call to a member function where() on null
#0 D:\wamp64\www\eshopper\app\Controllers\Admin\Products.php(19): App\Models\ProductsModel->list()
#1 D:\wamp64\www\eshopper\system\CodeIgniter.php(936): App\Controllers\Admin\Products->index()
#2 D:\wamp64\www\eshopper\system\CodeIgniter.php(432): CodeIgniter\CodeIgniter->runController(Object(App\Controllers\Admin\Products))
#3 D:\wamp64\www\eshopper\system\CodeIgniter.php(333): CodeIgniter\CodeIgniter->handleRequest(NULL, Object(Config\Cache), false)
#4 D:\wamp64\www\eshopper\public\index.php(44): CodeIgniter\CodeIgniter->run()
#5 {main}
CRITICAL - 2021-04-23 15:47:02 --> Call to a member function where() on null
#0 D:\wamp64\www\eshopper\app\Controllers\Admin\Products.php(19): App\Models\ProductsModel->list()
#1 D:\wamp64\www\eshopper\system\CodeIgniter.php(936): App\Controllers\Admin\Products->index()
#2 D:\wamp64\www\eshopper\system\CodeIgniter.php(432): CodeIgniter\CodeIgniter->runController(Object(App\Controllers\Admin\Products))
#3 D:\wamp64\www\eshopper\system\CodeIgniter.php(333): CodeIgniter\CodeIgniter->handleRequest(NULL, Object(Config\Cache), false)
#4 D:\wamp64\www\eshopper\public\index.php(44): CodeIgniter\CodeIgniter->run()
#5 {main}
CRITICAL - 2021-04-23 15:47:02 --> Call to a member function where() on null
#0 D:\wamp64\www\eshopper\app\Controllers\Admin\Products.php(19): App\Models\ProductsModel->list()
#1 D:\wamp64\www\eshopper\system\CodeIgniter.php(936): App\Controllers\Admin\Products->index()
#2 D:\wamp64\www\eshopper\system\CodeIgniter.php(432): CodeIgniter\CodeIgniter->runController(Object(App\Controllers\Admin\Products))
#3 D:\wamp64\www\eshopper\system\CodeIgniter.php(333): CodeIgniter\CodeIgniter->handleRequest(NULL, Object(Config\Cache), false)
#4 D:\wamp64\www\eshopper\public\index.php(44): CodeIgniter\CodeIgniter->run()
#5 {main}
ERROR - 2021-04-23 15:47:28 --> mysqli_sql_exception: Column 'id' in field list is ambiguous in D:\wamp64\www\eshopper\system\Database\MySQLi\Connection.php:314
Stack trace:
#0 D:\wamp64\www\eshopper\system\Database\MySQLi\Connection.php(314): mysqli->query('SELECT `id`, `n...')
#1 D:\wamp64\www\eshopper\system\Database\BaseConnection.php(713): CodeIgniter\Database\MySQLi\Connection->execute('SELECT `id`, `n...')
#2 D:\wamp64\www\eshopper\system\Database\BaseConnection.php(641): CodeIgniter\Database\BaseConnection->simpleQuery('SELECT `id`, `n...')
#3 D:\wamp64\www\eshopper\system\Database\BaseBuilder.php(1866): CodeIgniter\Database\BaseConnection->query('SELECT `id`, `n...', Array, false)
#4 D:\wamp64\www\eshopper\app\Models\ProductsModel.php(32): CodeIgniter\Database\BaseBuilder->get()
#5 D:\wamp64\www\eshopper\app\Controllers\Admin\Products.php(19): App\Models\ProductsModel->list()
#6 D:\wamp64\www\eshopper\system\CodeIgniter.php(936): App\Controllers\Admin\Products->index()
#7 D:\wamp64\www\eshopper\system\CodeIgniter.php(432): CodeIgniter\CodeIgniter->runController(Object(App\Controllers\Admin\Products))
#8 D:\wamp64\www\eshopper\system\CodeIgniter.php(333): CodeIgniter\CodeIgniter->handleRequest(NULL, Object(Config\Cache), false)
#9 D:\wamp64\www\eshopper\public\index.php(44): CodeIgniter\CodeIgniter->run()
#10 {main}
CRITICAL - 2021-04-23 15:47:28 --> Column 'id' in field list is ambiguous
#0 D:\wamp64\www\eshopper\system\Database\MySQLi\Connection.php(314): mysqli->query('SELECT `id`, `n...')
#1 D:\wamp64\www\eshopper\system\Database\BaseConnection.php(713): CodeIgniter\Database\MySQLi\Connection->execute('SELECT `id`, `n...')
#2 D:\wamp64\www\eshopper\system\Database\BaseConnection.php(641): CodeIgniter\Database\BaseConnection->simpleQuery('SELECT `id`, `n...')
#3 D:\wamp64\www\eshopper\system\Database\BaseBuilder.php(1866): CodeIgniter\Database\BaseConnection->query('SELECT `id`, `n...', Array, false)
#4 D:\wamp64\www\eshopper\app\Models\ProductsModel.php(32): CodeIgniter\Database\BaseBuilder->get()
#5 D:\wamp64\www\eshopper\app\Controllers\Admin\Products.php(19): App\Models\ProductsModel->list()
#6 D:\wamp64\www\eshopper\system\CodeIgniter.php(936): App\Controllers\Admin\Products->index()
#7 D:\wamp64\www\eshopper\system\CodeIgniter.php(432): CodeIgniter\CodeIgniter->runController(Object(App\Controllers\Admin\Products))
#8 D:\wamp64\www\eshopper\system\CodeIgniter.php(333): CodeIgniter\CodeIgniter->handleRequest(NULL, Object(Config\Cache), false)
#9 D:\wamp64\www\eshopper\public\index.php(44): CodeIgniter\CodeIgniter->run()
#10 {main}
ERROR - 2021-04-23 15:48:16 --> mysqli_sql_exception: Column 'id' in field list is ambiguous in D:\wamp64\www\eshopper\system\Database\MySQLi\Connection.php:314
Stack trace:
#0 D:\wamp64\www\eshopper\system\Database\MySQLi\Connection.php(314): mysqli->query('SELECT `id`, `n...')
#1 D:\wamp64\www\eshopper\system\Database\BaseConnection.php(713): CodeIgniter\Database\MySQLi\Connection->execute('SELECT `id`, `n...')
#2 D:\wamp64\www\eshopper\system\Database\BaseConnection.php(641): CodeIgniter\Database\BaseConnection->simpleQuery('SELECT `id`, `n...')
#3 D:\wamp64\www\eshopper\system\Database\BaseBuilder.php(1866): CodeIgniter\Database\BaseConnection->query('SELECT `id`, `n...', Array, false)
#4 D:\wamp64\www\eshopper\app\Models\ProductsModel.php(31): CodeIgniter\Database\BaseBuilder->get()
#5 D:\wamp64\www\eshopper\app\Controllers\Admin\Products.php(19): App\Models\ProductsModel->list()
#6 D:\wamp64\www\eshopper\system\CodeIgniter.php(936): App\Controllers\Admin\Products->index()
#7 D:\wamp64\www\eshopper\system\CodeIgniter.php(432): CodeIgniter\CodeIgniter->runController(Object(App\Controllers\Admin\Products))
#8 D:\wamp64\www\eshopper\system\CodeIgniter.php(333): CodeIgniter\CodeIgniter->handleRequest(NULL, Object(Config\Cache), false)
#9 D:\wamp64\www\eshopper\public\index.php(44): CodeIgniter\CodeIgniter->run()
#10 {main}
CRITICAL - 2021-04-23 15:48:16 --> Column 'id' in field list is ambiguous
#0 D:\wamp64\www\eshopper\system\Database\MySQLi\Connection.php(314): mysqli->query('SELECT `id`, `n...')
#1 D:\wamp64\www\eshopper\system\Database\BaseConnection.php(713): CodeIgniter\Database\MySQLi\Connection->execute('SELECT `id`, `n...')
#2 D:\wamp64\www\eshopper\system\Database\BaseConnection.php(641): CodeIgniter\Database\BaseConnection->simpleQuery('SELECT `id`, `n...')
#3 D:\wamp64\www\eshopper\system\Database\BaseBuilder.php(1866): CodeIgniter\Database\BaseConnection->query('SELECT `id`, `n...', Array, false)
#4 D:\wamp64\www\eshopper\app\Models\ProductsModel.php(31): CodeIgniter\Database\BaseBuilder->get()
#5 D:\wamp64\www\eshopper\app\Controllers\Admin\Products.php(19): App\Models\ProductsModel->list()
#6 D:\wamp64\www\eshopper\system\CodeIgniter.php(936): App\Controllers\Admin\Products->index()
#7 D:\wamp64\www\eshopper\system\CodeIgniter.php(432): CodeIgniter\CodeIgniter->runController(Object(App\Controllers\Admin\Products))
#8 D:\wamp64\www\eshopper\system\CodeIgniter.php(333): CodeIgniter\CodeIgniter->handleRequest(NULL, Object(Config\Cache), false)
#9 D:\wamp64\www\eshopper\public\index.php(44): CodeIgniter\CodeIgniter->run()
#10 {main}
ERROR - 2021-04-23 15:48:17 --> mysqli_sql_exception: Column 'id' in field list is ambiguous in D:\wamp64\www\eshopper\system\Database\MySQLi\Connection.php:314
Stack trace:
#0 D:\wamp64\www\eshopper\system\Database\MySQLi\Connection.php(314): mysqli->query('SELECT `id`, `n...')
#1 D:\wamp64\www\eshopper\system\Database\BaseConnection.php(713): CodeIgniter\Database\MySQLi\Connection->execute('SELECT `id`, `n...')
#2 D:\wamp64\www\eshopper\system\Database\BaseConnection.php(641): CodeIgniter\Database\BaseConnection->simpleQuery('SELECT `id`, `n...')
#3 D:\wamp64\www\eshopper\system\Database\BaseBuilder.php(1866): CodeIgniter\Database\BaseConnection->query('SELECT `id`, `n...', Array, false)
#4 D:\wamp64\www\eshopper\app\Models\ProductsModel.php(31): CodeIgniter\Database\BaseBuilder->get()
#5 D:\wamp64\www\eshopper\app\Controllers\Admin\Products.php(19): App\Models\ProductsModel->list()
#6 D:\wamp64\www\eshopper\system\CodeIgniter.php(936): App\Controllers\Admin\Products->index()
#7 D:\wamp64\www\eshopper\system\CodeIgniter.php(432): CodeIgniter\CodeIgniter->runController(Object(App\Controllers\Admin\Products))
#8 D:\wamp64\www\eshopper\system\CodeIgniter.php(333): CodeIgniter\CodeIgniter->handleRequest(NULL, Object(Config\Cache), false)
#9 D:\wamp64\www\eshopper\public\index.php(44): CodeIgniter\CodeIgniter->run()
#10 {main}
CRITICAL - 2021-04-23 15:48:17 --> Column 'id' in field list is ambiguous
#0 D:\wamp64\www\eshopper\system\Database\MySQLi\Connection.php(314): mysqli->query('SELECT `id`, `n...')
#1 D:\wamp64\www\eshopper\system\Database\BaseConnection.php(713): CodeIgniter\Database\MySQLi\Connection->execute('SELECT `id`, `n...')
#2 D:\wamp64\www\eshopper\system\Database\BaseConnection.php(641): CodeIgniter\Database\BaseConnection->simpleQuery('SELECT `id`, `n...')
#3 D:\wamp64\www\eshopper\system\Database\BaseBuilder.php(1866): CodeIgniter\Database\BaseConnection->query('SELECT `id`, `n...', Array, false)
#4 D:\wamp64\www\eshopper\app\Models\ProductsModel.php(31): CodeIgniter\Database\BaseBuilder->get()
#5 D:\wamp64\www\eshopper\app\Controllers\Admin\Products.php(19): App\Models\ProductsModel->list()
#6 D:\wamp64\www\eshopper\system\CodeIgniter.php(936): App\Controllers\Admin\Products->index()
#7 D:\wamp64\www\eshopper\system\CodeIgniter.php(432): CodeIgniter\CodeIgniter->runController(Object(App\Controllers\Admin\Products))
#8 D:\wamp64\www\eshopper\system\CodeIgniter.php(333): CodeIgniter\CodeIgniter->handleRequest(NULL, Object(Config\Cache), false)
#9 D:\wamp64\www\eshopper\public\index.php(44): CodeIgniter\CodeIgniter->run()
#10 {main}
ERROR - 2021-04-23 15:48:17 --> mysqli_sql_exception: Column 'id' in field list is ambiguous in D:\wamp64\www\eshopper\system\Database\MySQLi\Connection.php:314
Stack trace:
#0 D:\wamp64\www\eshopper\system\Database\MySQLi\Connection.php(314): mysqli->query('SELECT `id`, `n...')
#1 D:\wamp64\www\eshopper\system\Database\BaseConnection.php(713): CodeIgniter\Database\MySQLi\Connection->execute('SELECT `id`, `n...')
#2 D:\wamp64\www\eshopper\system\Database\BaseConnection.php(641): CodeIgniter\Database\BaseConnection->simpleQuery('SELECT `id`, `n...')
#3 D:\wamp64\www\eshopper\system\Database\BaseBuilder.php(1866): CodeIgniter\Database\BaseConnection->query('SELECT `id`, `n...', Array, false)
#4 D:\wamp64\www\eshopper\app\Models\ProductsModel.php(31): CodeIgniter\Database\BaseBuilder->get()
#5 D:\wamp64\www\eshopper\app\Controllers\Admin\Products.php(19): App\Models\ProductsModel->list()
#6 D:\wamp64\www\eshopper\system\CodeIgniter.php(936): App\Controllers\Admin\Products->index()
#7 D:\wamp64\www\eshopper\system\CodeIgniter.php(432): CodeIgniter\CodeIgniter->runController(Object(App\Controllers\Admin\Products))
#8 D:\wamp64\www\eshopper\system\CodeIgniter.php(333): CodeIgniter\CodeIgniter->handleRequest(NULL, Object(Config\Cache), false)
#9 D:\wamp64\www\eshopper\public\index.php(44): CodeIgniter\CodeIgniter->run()
#10 {main}
CRITICAL - 2021-04-23 15:48:17 --> Column 'id' in field list is ambiguous
#0 D:\wamp64\www\eshopper\system\Database\MySQLi\Connection.php(314): mysqli->query('SELECT `id`, `n...')
#1 D:\wamp64\www\eshopper\system\Database\BaseConnection.php(713): CodeIgniter\Database\MySQLi\Connection->execute('SELECT `id`, `n...')
#2 D:\wamp64\www\eshopper\system\Database\BaseConnection.php(641): CodeIgniter\Database\BaseConnection->simpleQuery('SELECT `id`, `n...')
#3 D:\wamp64\www\eshopper\system\Database\BaseBuilder.php(1866): CodeIgniter\Database\BaseConnection->query('SELECT `id`, `n...', Array, false)
#4 D:\wamp64\www\eshopper\app\Models\ProductsModel.php(31): CodeIgniter\Database\BaseBuilder->get()
#5 D:\wamp64\www\eshopper\app\Controllers\Admin\Products.php(19): App\Models\ProductsModel->list()
#6 D:\wamp64\www\eshopper\system\CodeIgniter.php(936): App\Controllers\Admin\Products->index()
#7 D:\wamp64\www\eshopper\system\CodeIgniter.php(432): CodeIgniter\CodeIgniter->runController(Object(App\Controllers\Admin\Products))
#8 D:\wamp64\www\eshopper\system\CodeIgniter.php(333): CodeIgniter\CodeIgniter->handleRequest(NULL, Object(Config\Cache), false)
#9 D:\wamp64\www\eshopper\public\index.php(44): CodeIgniter\CodeIgniter->run()
#10 {main}
ERROR - 2021-04-23 15:48:17 --> mysqli_sql_exception: Column 'id' in field list is ambiguous in D:\wamp64\www\eshopper\system\Database\MySQLi\Connection.php:314
Stack trace:
#0 D:\wamp64\www\eshopper\system\Database\MySQLi\Connection.php(314): mysqli->query('SELECT `id`, `n...')
#1 D:\wamp64\www\eshopper\system\Database\BaseConnection.php(713): CodeIgniter\Database\MySQLi\Connection->execute('SELECT `id`, `n...')
#2 D:\wamp64\www\eshopper\system\Database\BaseConnection.php(641): CodeIgniter\Database\BaseConnection->simpleQuery('SELECT `id`, `n...')
#3 D:\wamp64\www\eshopper\system\Database\BaseBuilder.php(1866): CodeIgniter\Database\BaseConnection->query('SELECT `id`, `n...', Array, false)
#4 D:\wamp64\www\eshopper\app\Models\ProductsModel.php(31): CodeIgniter\Database\BaseBuilder->get()
#5 D:\wamp64\www\eshopper\app\Controllers\Admin\Products.php(19): App\Models\ProductsModel->list()
#6 D:\wamp64\www\eshopper\system\CodeIgniter.php(936): App\Controllers\Admin\Products->index()
#7 D:\wamp64\www\eshopper\system\CodeIgniter.php(432): CodeIgniter\CodeIgniter->runController(Object(App\Controllers\Admin\Products))
#8 D:\wamp64\www\eshopper\system\CodeIgniter.php(333): CodeIgniter\CodeIgniter->handleRequest(NULL, Object(Config\Cache), false)
#9 D:\wamp64\www\eshopper\public\index.php(44): CodeIgniter\CodeIgniter->run()
#10 {main}
CRITICAL - 2021-04-23 15:48:17 --> Column 'id' in field list is ambiguous
#0 D:\wamp64\www\eshopper\system\Database\MySQLi\Connection.php(314): mysqli->query('SELECT `id`, `n...')
#1 D:\wamp64\www\eshopper\system\Database\BaseConnection.php(713): CodeIgniter\Database\MySQLi\Connection->execute('SELECT `id`, `n...')
#2 D:\wamp64\www\eshopper\system\Database\BaseConnection.php(641): CodeIgniter\Database\BaseConnection->simpleQuery('SELECT `id`, `n...')
#3 D:\wamp64\www\eshopper\system\Database\BaseBuilder.php(1866): CodeIgniter\Database\BaseConnection->query('SELECT `id`, `n...', Array, false)
#4 D:\wamp64\www\eshopper\app\Models\ProductsModel.php(31): CodeIgniter\Database\BaseBuilder->get()
#5 D:\wamp64\www\eshopper\app\Controllers\Admin\Products.php(19): App\Models\ProductsModel->list()
#6 D:\wamp64\www\eshopper\system\CodeIgniter.php(936): App\Controllers\Admin\Products->index()
#7 D:\wamp64\www\eshopper\system\CodeIgniter.php(432): CodeIgniter\CodeIgniter->runController(Object(App\Controllers\Admin\Products))
#8 D:\wamp64\www\eshopper\system\CodeIgniter.php(333): CodeIgniter\CodeIgniter->handleRequest(NULL, Object(Config\Cache), false)
#9 D:\wamp64\www\eshopper\public\index.php(44): CodeIgniter\CodeIgniter->run()
#10 {main}
ERROR - 2021-04-23 15:53:09 --> mysqli_sql_exception: Column 'id' in field list is ambiguous in D:\wamp64\www\eshopper\system\Database\MySQLi\Connection.php:314
Stack trace:
#0 D:\wamp64\www\eshopper\system\Database\MySQLi\Connection.php(314): mysqli->query('SELECT `id`, `n...')
#1 D:\wamp64\www\eshopper\system\Database\BaseConnection.php(713): CodeIgniter\Database\MySQLi\Connection->execute('SELECT `id`, `n...')
#2 D:\wamp64\www\eshopper\system\Database\BaseConnection.php(641): CodeIgniter\Database\BaseConnection->simpleQuery('SELECT `id`, `n...')
#3 D:\wamp64\www\eshopper\system\Database\BaseBuilder.php(1866): CodeIgniter\Database\BaseConnection->query('SELECT `id`, `n...', Array, false)
#4 D:\wamp64\www\eshopper\app\Models\ProductsModel.php(31): CodeIgniter\Database\BaseBuilder->get()
#5 D:\wamp64\www\eshopper\app\Controllers\Admin\Products.php(19): App\Models\ProductsModel->list()
#6 D:\wamp64\www\eshopper\system\CodeIgniter.php(936): App\Controllers\Admin\Products->index()
#7 D:\wamp64\www\eshopper\system\CodeIgniter.php(432): CodeIgniter\CodeIgniter->runController(Object(App\Controllers\Admin\Products))
#8 D:\wamp64\www\eshopper\system\CodeIgniter.php(333): CodeIgniter\CodeIgniter->handleRequest(NULL, Object(Config\Cache), false)
#9 D:\wamp64\www\eshopper\public\index.php(44): CodeIgniter\CodeIgniter->run()
#10 {main}
CRITICAL - 2021-04-23 15:53:09 --> Column 'id' in field list is ambiguous
#0 D:\wamp64\www\eshopper\system\Database\MySQLi\Connection.php(314): mysqli->query('SELECT `id`, `n...')
#1 D:\wamp64\www\eshopper\system\Database\BaseConnection.php(713): CodeIgniter\Database\MySQLi\Connection->execute('SELECT `id`, `n...')
#2 D:\wamp64\www\eshopper\system\Database\BaseConnection.php(641): CodeIgniter\Database\BaseConnection->simpleQuery('SELECT `id`, `n...')
#3 D:\wamp64\www\eshopper\system\Database\BaseBuilder.php(1866): CodeIgniter\Database\BaseConnection->query('SELECT `id`, `n...', Array, false)
#4 D:\wamp64\www\eshopper\app\Models\ProductsModel.php(31): CodeIgniter\Database\BaseBuilder->get()
#5 D:\wamp64\www\eshopper\app\Controllers\Admin\Products.php(19): App\Models\ProductsModel->list()
#6 D:\wamp64\www\eshopper\system\CodeIgniter.php(936): App\Controllers\Admin\Products->index()
#7 D:\wamp64\www\eshopper\system\CodeIgniter.php(432): CodeIgniter\CodeIgniter->runController(Object(App\Controllers\Admin\Products))
#8 D:\wamp64\www\eshopper\system\CodeIgniter.php(333): CodeIgniter\CodeIgniter->handleRequest(NULL, Object(Config\Cache), false)
#9 D:\wamp64\www\eshopper\public\index.php(44): CodeIgniter\CodeIgniter->run()
#10 {main}
CRITICAL - 2021-04-23 16:00:21 --> You must set the database table to be used with your query.
#0 D:\wamp64\www\eshopper\system\Model.php(615): CodeIgniter\Database\BaseConnection->table(NULL)
#1 D:\wamp64\www\eshopper\system\Model.php(791): CodeIgniter\Model->builder()
#2 D:\wamp64\www\eshopper\app\Models\ProductsModel.php(13): CodeIgniter\Model->__get('spotgame')
#3 D:\wamp64\www\eshopper\app\Controllers\Admin\Products.php(10): App\Models\ProductsModel->__construct()
#4 D:\wamp64\www\eshopper\system\CodeIgniter.php(908): App\Controllers\Admin\Products->__construct()
#5 D:\wamp64\www\eshopper\system\CodeIgniter.php(422): CodeIgniter\CodeIgniter->createController()
#6 D:\wamp64\www\eshopper\system\CodeIgniter.php(333): CodeIgniter\CodeIgniter->handleRequest(NULL, Object(Config\Cache), false)
#7 D:\wamp64\www\eshopper\public\index.php(44): CodeIgniter\CodeIgniter->run()
#8 {main}
ERROR - 2021-04-23 16:02:39 --> mysqli_sql_exception: Column 'id' in field list is ambiguous in D:\wamp64\www\eshopper\system\Database\MySQLi\Connection.php:314
Stack trace:
#0 D:\wamp64\www\eshopper\system\Database\MySQLi\Connection.php(314): mysqli->query('SELECT `id`, `n...')
#1 D:\wamp64\www\eshopper\system\Database\BaseConnection.php(713): CodeIgniter\Database\MySQLi\Connection->execute('SELECT `id`, `n...')
#2 D:\wamp64\www\eshopper\system\Database\BaseConnection.php(641): CodeIgniter\Database\BaseConnection->simpleQuery('SELECT `id`, `n...')
#3 D:\wamp64\www\eshopper\system\Database\BaseBuilder.php(1866): CodeIgniter\Database\BaseConnection->query('SELECT `id`, `n...', Array, false)
#4 D:\wamp64\www\eshopper\app\Models\ProductsModel.php(32): CodeIgniter\Database\BaseBuilder->get()
#5 D:\wamp64\www\eshopper\app\Controllers\Admin\Products.php(19): App\Models\ProductsModel->list()
#6 D:\wamp64\www\eshopper\system\CodeIgniter.php(936): App\Controllers\Admin\Products->index()
#7 D:\wamp64\www\eshopper\system\CodeIgniter.php(432): CodeIgniter\CodeIgniter->runController(Object(App\Controllers\Admin\Products))
#8 D:\wamp64\www\eshopper\system\CodeIgniter.php(333): CodeIgniter\CodeIgniter->handleRequest(NULL, Object(Config\Cache), false)
#9 D:\wamp64\www\eshopper\public\index.php(44): CodeIgniter\CodeIgniter->run()
#10 {main}
CRITICAL - 2021-04-23 16:02:39 --> Column 'id' in field list is ambiguous
#0 D:\wamp64\www\eshopper\system\Database\MySQLi\Connection.php(314): mysqli->query('SELECT `id`, `n...')
#1 D:\wamp64\www\eshopper\system\Database\BaseConnection.php(713): CodeIgniter\Database\MySQLi\Connection->execute('SELECT `id`, `n...')
#2 D:\wamp64\www\eshopper\system\Database\BaseConnection.php(641): CodeIgniter\Database\BaseConnection->simpleQuery('SELECT `id`, `n...')
#3 D:\wamp64\www\eshopper\system\Database\BaseBuilder.php(1866): CodeIgniter\Database\BaseConnection->query('SELECT `id`, `n...', Array, false)
#4 D:\wamp64\www\eshopper\app\Models\ProductsModel.php(32): CodeIgniter\Database\BaseBuilder->get()
#5 D:\wamp64\www\eshopper\app\Controllers\Admin\Products.php(19): App\Models\ProductsModel->list()
#6 D:\wamp64\www\eshopper\system\CodeIgniter.php(936): App\Controllers\Admin\Products->index()
#7 D:\wamp64\www\eshopper\system\CodeIgniter.php(432): CodeIgniter\CodeIgniter->runController(Object(App\Controllers\Admin\Products))
#8 D:\wamp64\www\eshopper\system\CodeIgniter.php(333): CodeIgniter\CodeIgniter->handleRequest(NULL, Object(Config\Cache), false)
#9 D:\wamp64\www\eshopper\public\index.php(44): CodeIgniter\CodeIgniter->run()
#10 {main}
CRITICAL - 2021-04-23 16:28:10 --> Use of undefined constant product - assumed 'product' (this will throw an Error in a future version of PHP)
#0 D:\wamp64\www\eshopper\app\Views\admin\products\index.php(28): CodeIgniter\Debug\Exceptions->errorHandler(2, 'Use of undefine...', 'D:\\wamp64\\www\\e...', 28, Array)
#1 D:\wamp64\www\eshopper\system\View\View.php(220): include('D:\\wamp64\\www\\e...')
#2 D:\wamp64\www\eshopper\system\View\View.php(222): CodeIgniter\View\View->CodeIgniter\View\{closure}()
#3 D:\wamp64\www\eshopper\system\Common.php(1217): CodeIgniter\View\View->render('admin/Products/...', Array, true)
#4 D:\wamp64\www\eshopper\app\Views\admin\layout\app.php(115): view('admin/Products/...', Array)
#5 D:\wamp64\www\eshopper\system\View\View.php(220): include('D:\\wamp64\\www\\e...')
#6 D:\wamp64\www\eshopper\system\View\View.php(222): CodeIgniter\View\View->CodeIgniter\View\{closure}()
#7 D:\wamp64\www\eshopper\system\Common.php(1217): CodeIgniter\View\View->render('admin/layout/ap...', Array, true)
#8 D:\wamp64\www\eshopper\app\Controllers\Admin\BaseController.php(95): view('admin/layout/ap...', Array)
#9 D:\wamp64\www\eshopper\app\Controllers\Admin\Products.php(21): App\Controllers\Admin\BaseController->loadView('Products/index', 'Products', Array)
#10 D:\wamp64\www\eshopper\system\CodeIgniter.php(936): App\Controllers\Admin\Products->index()
#11 D:\wamp64\www\eshopper\system\CodeIgniter.php(432): CodeIgniter\CodeIgniter->runController(Object(App\Controllers\Admin\Products))
#12 D:\wamp64\www\eshopper\system\CodeIgniter.php(333): CodeIgniter\CodeIgniter->handleRequest(NULL, Object(Config\Cache), false)
#13 D:\wamp64\www\eshopper\public\index.php(44): CodeIgniter\CodeIgniter->run()
#14 {main}
CRITICAL - 2021-04-23 16:28:29 --> A non-numeric value encountered
#0 D:\wamp64\www\eshopper\app\Views\admin\products\index.php(28): CodeIgniter\Debug\Exceptions->errorHandler(2, 'A non-numeric v...', 'D:\\wamp64\\www\\e...', 28, Array)
#1 D:\wamp64\www\eshopper\system\View\View.php(220): include('D:\\wamp64\\www\\e...')
#2 D:\wamp64\www\eshopper\system\View\View.php(222): CodeIgniter\View\View->CodeIgniter\View\{closure}()
#3 D:\wamp64\www\eshopper\system\Common.php(1217): CodeIgniter\View\View->render('admin/Products/...', Array, true)
#4 D:\wamp64\www\eshopper\app\Views\admin\layout\app.php(115): view('admin/Products/...', Array)
#5 D:\wamp64\www\eshopper\system\View\View.php(220): include('D:\\wamp64\\www\\e...')
#6 D:\wamp64\www\eshopper\system\View\View.php(222): CodeIgniter\View\View->CodeIgniter\View\{closure}()
#7 D:\wamp64\www\eshopper\system\Common.php(1217): CodeIgniter\View\View->render('admin/layout/ap...', Array, true)
#8 D:\wamp64\www\eshopper\app\Controllers\Admin\BaseController.php(95): view('admin/layout/ap...', Array)
#9 D:\wamp64\www\eshopper\app\Controllers\Admin\Products.php(21): App\Controllers\Admin\BaseController->loadView('Products/index', 'Products', Array)
#10 D:\wamp64\www\eshopper\system\CodeIgniter.php(936): App\Controllers\Admin\Products->index()
#11 D:\wamp64\www\eshopper\system\CodeIgniter.php(432): CodeIgniter\CodeIgniter->runController(Object(App\Controllers\Admin\Products))
#12 D:\wamp64\www\eshopper\system\CodeIgniter.php(333): CodeIgniter\CodeIgniter->handleRequest(NULL, Object(Config\Cache), false)
#13 D:\wamp64\www\eshopper\public\index.php(44): CodeIgniter\CodeIgniter->run()
#14 {main}
CRITICAL - 2021-04-23 16:29:16 --> A non-numeric value encountered
#0 D:\wamp64\www\eshopper\app\Views\admin\products\index.php(28): CodeIgniter\Debug\Exceptions->errorHandler(2, 'A non-numeric v...', 'D:\\wamp64\\www\\e...', 28, Array)
#1 D:\wamp64\www\eshopper\system\View\View.php(220): include('D:\\wamp64\\www\\e...')
#2 D:\wamp64\www\eshopper\system\View\View.php(222): CodeIgniter\View\View->CodeIgniter\View\{closure}()
#3 D:\wamp64\www\eshopper\system\Common.php(1217): CodeIgniter\View\View->render('admin/Products/...', Array, true)
#4 D:\wamp64\www\eshopper\app\Views\admin\layout\app.php(115): view('admin/Products/...', Array)
#5 D:\wamp64\www\eshopper\system\View\View.php(220): include('D:\\wamp64\\www\\e...')
#6 D:\wamp64\www\eshopper\system\View\View.php(222): CodeIgniter\View\View->CodeIgniter\View\{closure}()
#7 D:\wamp64\www\eshopper\system\Common.php(1217): CodeIgniter\View\View->render('admin/layout/ap...', Array, true)
#8 D:\wamp64\www\eshopper\app\Controllers\Admin\BaseController.php(95): view('admin/layout/ap...', Array)
#9 D:\wamp64\www\eshopper\app\Controllers\Admin\Products.php(21): App\Controllers\Admin\BaseController->loadView('Products/index', 'Products', Array)
#10 D:\wamp64\www\eshopper\system\CodeIgniter.php(936): App\Controllers\Admin\Products->index()
#11 D:\wamp64\www\eshopper\system\CodeIgniter.php(432): CodeIgniter\CodeIgniter->runController(Object(App\Controllers\Admin\Products))
#12 D:\wamp64\www\eshopper\system\CodeIgniter.php(333): CodeIgniter\CodeIgniter->handleRequest(NULL, Object(Config\Cache), false)
#13 D:\wamp64\www\eshopper\public\index.php(44): CodeIgniter\CodeIgniter->run()
#14 {main}
CRITICAL - 2021-04-23 16:29:17 --> A non-numeric value encountered
#0 D:\wamp64\www\eshopper\app\Views\admin\products\index.php(28): CodeIgniter\Debug\Exceptions->errorHandler(2, 'A non-numeric v...', 'D:\\wamp64\\www\\e...', 28, Array)
#1 D:\wamp64\www\eshopper\system\View\View.php(220): include('D:\\wamp64\\www\\e...')
#2 D:\wamp64\www\eshopper\system\View\View.php(222): CodeIgniter\View\View->CodeIgniter\View\{closure}()
#3 D:\wamp64\www\eshopper\system\Common.php(1217): CodeIgniter\View\View->render('admin/Products/...', Array, true)
#4 D:\wamp64\www\eshopper\app\Views\admin\layout\app.php(115): view('admin/Products/...', Array)
#5 D:\wamp64\www\eshopper\system\View\View.php(220): include('D:\\wamp64\\www\\e...')
#6 D:\wamp64\www\eshopper\system\View\View.php(222): CodeIgniter\View\View->CodeIgniter\View\{closure}()
#7 D:\wamp64\www\eshopper\system\Common.php(1217): CodeIgniter\View\View->render('admin/layout/ap...', Array, true)
#8 D:\wamp64\www\eshopper\app\Controllers\Admin\BaseController.php(95): view('admin/layout/ap...', Array)
#9 D:\wamp64\www\eshopper\app\Controllers\Admin\Products.php(21): App\Controllers\Admin\BaseController->loadView('Products/index', 'Products', Array)
#10 D:\wamp64\www\eshopper\system\CodeIgniter.php(936): App\Controllers\Admin\Products->index()
#11 D:\wamp64\www\eshopper\system\CodeIgniter.php(432): CodeIgniter\CodeIgniter->runController(Object(App\Controllers\Admin\Products))
#12 D:\wamp64\www\eshopper\system\CodeIgniter.php(333): CodeIgniter\CodeIgniter->handleRequest(NULL, Object(Config\Cache), false)
#13 D:\wamp64\www\eshopper\public\index.php(44): CodeIgniter\CodeIgniter->run()
#14 {main}
CRITICAL - 2021-04-23 17:49:35 --> Undefined property: App\Controllers\Admin\Products::$categories_model
#0 D:\wamp64\www\eshopper\app\Controllers\Admin\Products.php(119): CodeIgniter\Debug\Exceptions->errorHandler(8, 'Undefined prope...', 'D:\\wamp64\\www\\e...', 119, Array)
#1 D:\wamp64\www\eshopper\system\CodeIgniter.php(936): App\Controllers\Admin\Products->edit('1')
#2 D:\wamp64\www\eshopper\system\CodeIgniter.php(432): CodeIgniter\CodeIgniter->runController(Object(App\Controllers\Admin\Products))
#3 D:\wamp64\www\eshopper\system\CodeIgniter.php(333): CodeIgniter\CodeIgniter->handleRequest(NULL, Object(Config\Cache), false)
#4 D:\wamp64\www\eshopper\public\index.php(44): CodeIgniter\CodeIgniter->run()
#5 {main}
