CRITICAL - 2021-04-21 11:09:42 --> Maximum function nesting level of '256' reached, aborting!
#0 D:\wamp64\www\eshopper\system\HTTP\URI.php(1170): explode('/', 'assets/images/f...')
#1 D:\wamp64\www\eshopper\system\HTTP\URI.php(953): CodeIgniter\HTTP\URI->removeDotSegments('assets/images/f...')
#2 D:\wamp64\www\eshopper\system\HTTP\URI.php(994): CodeIgniter\HTTP\URI->filterPath('assets/images/f...')
#3 D:\wamp64\www\eshopper\system\HTTP\URI.php(219): CodeIgniter\HTTP\URI->applyParts(Array)
#4 D:\wamp64\www\eshopper\system\HTTP\URI.php(1059): CodeIgniter\HTTP\URI->setURI('assets/images/f...')
#5 D:\wamp64\www\eshopper\system\Helpers\url_helper.php(104): CodeIgniter\HTTP\URI->resolveRelativeURI('assets/images/f...')
#6 D:\wamp64\www\eshopper\app\Views\site\layout.php(9): base_url('assets/images/f...')
#7 D:\wamp64\www\eshopper\system\View\View.php(220): include('D:\\wamp64\\www\\e...')
#8 D:\wamp64\www\eshopper\system\View\View.php(222): CodeIgniter\View\View->CodeIgniter\View\{closure}()
#9 D:\wamp64\www\eshopper\system\Common.php(1217): CodeIgniter\View\View->render('site/layout', Array, true)
#10 D:\wamp64\www\eshopper\app\Views\site\layout.php(125): view('site/layout')
#11 D:\wamp64\www\eshopper\system\View\View.php(220): include('D:\\wamp64\\www\\e...')
#12 D:\wamp64\www\eshopper\system\View\View.php(222): CodeIgniter\View\View->CodeIgniter\View\{closure}()
#13 D:\wamp64\www\eshopper\system\Common.php(1217): CodeIgniter\View\View->render('site/layout', Array, true)
#14 D:\wamp64\www\eshopper\app\Views\site\layout.php(125): view('site/layout')
#15 D:\wamp64\www\eshopper\system\View\View.php(220): include('D:\\wamp64\\www\\e...')
#16 D:\wamp64\www\eshopper\system\View\View.php(222): CodeIgniter\View\View->CodeIgniter\View\{closure}()
#17 D:\wamp64\www\eshopper\system\Common.php(1217): CodeIgniter\View\View->render('site/layout', Array, true)
#18 D:\wamp64\www\eshopper\app\Views\site\layout.php(125): view('site/layout')
#19 D:\wamp64\www\eshopper\system\View\View.php(220): include('D:\\wamp64\\www\\e...')
#20 D:\wamp64\www\eshopper\system\View\View.php(222): CodeIgniter\View\View->CodeIgniter\View\{closure}()
#21 D:\wamp64\www\eshopper\system\Common.php(1217): CodeIgniter\View\View->render('site/layout', Array, true)
#22 D:\wamp64\www\eshopper\app\Views\site\layout.php(125): view('site/layout')
#23 D:\wamp64\www\eshopper\system\View\View.php(220): include('D:\\wamp64\\www\\e...')
#24 D:\wamp64\www\eshopper\system\View\View.php(222): CodeIgniter\View\View->CodeIgniter\View\{closure}()
#25 D:\wamp64\www\eshopper\system\Common.php(1217): CodeIgniter\View\View->render('site/layout', Array, true)
#26 D:\wamp64\www\eshopper\app\Views\site\layout.php(125): view('site/layout')
#27 D:\wamp64\www\eshopper\system\View\View.php(220): include('D:\\wamp64\\www\\e...')
#28 D:\wamp64\www\eshopper\system\View\View.php(222): CodeIgniter\View\View->CodeIgniter\View\{closure}()
#29 D:\wamp64\www\eshopper\system\Common.php(1217): CodeIgniter\View\View->render('site/layout', Array, true)
#30 D:\wamp64\www\eshopper\app\Views\site\layout.php(125): view('site/layout')
#31 D:\wamp64\www\eshopper\system\View\View.php(220): include('D:\\wamp64\\www\\e...')
#32 D:\wamp64\www\eshopper\system\View\View.php(222): CodeIgniter\View\View->CodeIgniter\View\{closure}()
#33 D:\wamp64\www\eshopper\system\Common.php(1217): CodeIgniter\View\View->render('site/layout', Array, true)
#34 D:\wamp64\www\eshopper\app\Views\site\layout.php(125): view('site/layout')
#35 D:\wamp64\www\eshopper\system\View\View.php(220): include('D:\\wamp64\\www\\e...')
#36 D:\wamp64\www\eshopper\system\View\View.php(222): CodeIgniter\View\View->CodeIgniter\View\{closure}()
#37 D:\wamp64\www\eshopper\system\Common.php(1217): CodeIgniter\View\View->render('site/layout', Array, true)
#38 D:\wamp64\www\eshopper\app\Views\site\layout.php(125): view('site/layout')
#39 D:\wamp64\www\eshopper\system\View\View.php(220): include('D:\\wamp64\\www\\e...')
#40 D:\wamp64\www\eshopper\system\View\View.php(222): CodeIgniter\View\View->CodeIgniter\View\{closure}()
#41 D:\wamp64\www\eshopper\system\Common.php(1217): CodeIgniter\View\View->render('site/layout', Array, true)
#42 D:\wamp64\www\eshopper\app\Views\site\layout.php(125): view('site/layout')
#43 D:\wamp64\www\eshopper\system\View\View.php(220): include('D:\\wamp64\\www\\e...')
#44 D:\wamp64\www\eshopper\system\View\View.php(222): CodeIgniter\View\View->CodeIgniter\View\{closure}()
#45 D:\wamp64\www\eshopper\system\Common.php(1217): CodeIgniter\View\View->render('site/layout', Array, true)
#46 D:\wamp64\www\eshopper\app\Views\site\layout.php(125): view('site/layout')
#47 D:\wamp64\www\eshopper\system\View\View.php(220): include('D:\\wamp64\\www\\e...')
#48 D:\wamp64\www\eshopper\system\View\View.php(222): CodeIgniter\View\View->CodeIgniter\View\{closure}()
#49 D:\wamp64\www\eshopper\system\Common.php(1217): CodeIgniter\View\View->render('site/layout', Array, true)
#50 D:\wamp64\www\eshopper\app\Views\site\layout.php(125): view('site/layout')
#51 D:\wamp64\www\eshopper\system\View\View.php(220): include('D:\\wamp64\\www\\e...')
#52 D:\wamp64\www\eshopper\system\View\View.php(222): CodeIgniter\View\View->CodeIgniter\View\{closure}()
#53 D:\wamp64\www\eshopper\system\Common.php(1217): CodeIgniter\View\View->render('site/layout', Array, true)
#54 D:\wamp64\www\eshopper\app\Views\site\layout.php(125): view('site/layout')
#55 D:\wamp64\www\eshopper\system\View\View.php(220): include('D:\\wamp64\\www\\e...')
#56 D:\wamp64\www\eshopper\system\View\View.php(222): CodeIgniter\View\View->CodeIgniter\View\{closure}()
#57 D:\wamp64\www\eshopper\system\Common.php(1217): CodeIgniter\View\View->render('site/layout', Array, true)
#58 D:\wamp64\www\eshopper\app\Views\site\layout.php(125): view('site/layout')
#59 D:\wamp64\www\eshopper\system\View\View.php(220): include('D:\\wamp64\\www\\e...')
#60 D:\wamp64\www\eshopper\system\View\View.php(222): CodeIgniter\View\View->CodeIgniter\View\{closure}()
#61 D:\wamp64\www\eshopper\system\Common.php(1217): CodeIgniter\View\View->render('site/layout', Array, true)
#62 D:\wamp64\www\eshopper\app\Views\site\layout.php(125): view('site/layout')
#63 D:\wamp64\www\eshopper\system\View\View.php(220): include('D:\\wamp64\\www\\e...')
#64 D:\wamp64\www\eshopper\system\View\View.php(222): CodeIgniter\View\View->CodeIgniter\View\{closure}()
#65 D:\wamp64\www\eshopper\system\Common.php(1217): CodeIgniter\View\View->render('site/layout', Array, true)
#66 D:\wamp64\www\eshopper\app\Views\site\layout.php(125): view('site/layout')
#67 D:\wamp64\www\eshopper\system\View\View.php(220): include('D:\\wamp64\\www\\e...')
#68 D:\wamp64\www\eshopper\system\View\View.php(222): CodeIgniter\View\View->CodeIgniter\View\{closure}()
#69 D:\wamp64\www\eshopper\system\Common.php(1217): CodeIgniter\View\View->render('site/layout', Array, true)
#70 D:\wamp64\www\eshopper\app\Views\site\layout.php(125): view('site/layout')
#71 D:\wamp64\www\eshopper\system\View\View.php(220): include('D:\\wamp64\\www\\e...')
#72 D:\wamp64\www\eshopper\system\View\View.php(222): CodeIgniter\View\View->CodeIgniter\View\{closure}()
#73 D:\wamp64\www\eshopper\system\Common.php(1217): CodeIgniter\View\View->render('site/layout', Array, true)
#74 D:\wamp64\www\eshopper\app\Views\site\layout.php(125): view('site/layout')
#75 D:\wamp64\www\eshopper\system\View\View.php(220): include('D:\\wamp64\\www\\e...')
#76 D:\wamp64\www\eshopper\system\View\View.php(222): CodeIgniter\View\View->CodeIgniter\View\{closure}()
#77 D:\wamp64\www\eshopper\system\Common.php(1217): CodeIgniter\View\View->render('site/layout', Array, true)
#78 D:\wamp64\www\eshopper\app\Views\site\layout.php(125): view('site/layout')
#79 D:\wamp64\www\eshopper\system\View\View.php(220): include('D:\\wamp64\\www\\e...')
#80 D:\wamp64\www\eshopper\system\View\View.php(222): CodeIgniter\View\View->CodeIgniter\View\{closure}()
#81 D:\wamp64\www\eshopper\system\Common.php(1217): CodeIgniter\View\View->render('site/layout', Array, true)
#82 D:\wamp64\www\eshopper\app\Views\site\layout.php(125): view('site/layout')
#83 D:\wamp64\www\eshopper\system\View\View.php(220): include('D:\\wamp64\\www\\e...')
#84 D:\wamp64\www\eshopper\system\View\View.php(222): CodeIgniter\View\View->CodeIgniter\View\{closure}()
#85 D:\wamp64\www\eshopper\system\Common.php(1217): CodeIgniter\View\View->render('site/layout', Array, true)
#86 D:\wamp64\www\eshopper\app\Views\site\layout.php(125): view('site/layout')
#87 D:\wamp64\www\eshopper\system\View\View.php(220): include('D:\\wamp64\\www\\e...')
#88 D:\wamp64\www\eshopper\system\View\View.php(222): CodeIgniter\View\View->CodeIgniter\View\{closure}()
#89 D:\wamp64\www\eshopper\system\Common.php(1217): CodeIgniter\View\View->render('site/layout', Array, true)
#90 D:\wamp64\www\eshopper\app\Views\site\layout.php(125): view('site/layout')
#91 D:\wamp64\www\eshopper\system\View\View.php(220): include('D:\\wamp64\\www\\e...')
#92 D:\wamp64\www\eshopper\system\View\View.php(222): CodeIgniter\View\View->CodeIgniter\View\{closure}()
#93 D:\wamp64\www\eshopper\system\Common.php(1217): CodeIgniter\View\View->render('site/layout', Array, true)
#94 D:\wamp64\www\eshopper\app\Views\site\layout.php(125): view('site/layout')
#95 D:\wamp64\www\eshopper\system\View\View.php(220): include('D:\\wamp64\\www\\e...')
#96 D:\wamp64\www\eshopper\system\View\View.php(222): CodeIgniter\View\View->CodeIgniter\View\{closure}()
#97 D:\wamp64\www\eshopper\system\Common.php(1217): CodeIgniter\View\View->render('site/layout', Array, true)
#98 D:\wamp64\www\eshopper\app\Views\site\layout.php(125): view('site/layout')
#99 D:\wamp64\www\eshopper\system\View\View.php(220): include('D:\\wamp64\\www\\e...')
#100 D:\wamp64\www\eshopper\system\View\View.php(222): CodeIgniter\View\View->CodeIgniter\View\{closure}()
#101 D:\wamp64\www\eshopper\system\Common.php(1217): CodeIgniter\View\View->render('site/layout', Array, true)
#102 D:\wamp64\www\eshopper\app\Views\site\layout.php(125): view('site/layout')
#103 D:\wamp64\www\eshopper\system\View\View.php(220): include('D:\\wamp64\\www\\e...')
#104 D:\wamp64\www\eshopper\system\View\View.php(222): CodeIgniter\View\View->CodeIgniter\View\{closure}()
#105 D:\wamp64\www\eshopper\system\Common.php(1217): CodeIgniter\View\View->render('site/layout', Array, true)
#106 D:\wamp64\www\eshopper\app\Views\site\layout.php(125): view('site/layout')
#107 D:\wamp64\www\eshopper\system\View\View.php(220): include('D:\\wamp64\\www\\e...')
#108 D:\wamp64\www\eshopper\system\View\View.php(222): CodeIgniter\View\View->CodeIgniter\View\{closure}()
#109 D:\wamp64\www\eshopper\system\Common.php(1217): CodeIgniter\View\View->render('site/layout', Array, true)
#110 D:\wamp64\www\eshopper\app\Views\site\layout.php(125): view('site/layout')
#111 D:\wamp64\www\eshopper\system\View\View.php(220): include('D:\\wamp64\\www\\e...')
#112 D:\wamp64\www\eshopper\system\View\View.php(222): CodeIgniter\View\View->CodeIgniter\View\{closure}()
#113 D:\wamp64\www\eshopper\system\Common.php(1217): CodeIgniter\View\View->render('site/layout', Array, true)
#114 D:\wamp64\www\eshopper\app\Views\site\layout.php(125): view('site/layout')
#115 D:\wamp64\www\eshopper\system\View\View.php(220): include('D:\\wamp64\\www\\e...')
#116 D:\wamp64\www\eshopper\system\View\View.php(222): CodeIgniter\View\View->CodeIgniter\View\{closure}()
#117 D:\wamp64\www\eshopper\system\Common.php(1217): CodeIgniter\View\View->render('site/layout', Array, true)
#118 D:\wamp64\www\eshopper\app\Views\site\layout.php(125): view('site/layout')
#119 D:\wamp64\www\eshopper\system\View\View.php(220): include('D:\\wamp64\\www\\e...')
#120 D:\wamp64\www\eshopper\system\View\View.php(222): CodeIgniter\View\View->CodeIgniter\View\{closure}()
#121 D:\wamp64\www\eshopper\system\Common.php(1217): CodeIgniter\View\View->render('site/layout', Array, true)
#122 D:\wamp64\www\eshopper\app\Views\site\layout.php(125): view('site/layout')
#123 D:\wamp64\www\eshopper\system\View\View.php(220): include('D:\\wamp64\\www\\e...')
#124 D:\wamp64\www\eshopper\system\View\View.php(222): CodeIgniter\View\View->CodeIgniter\View\{closure}()
#125 D:\wamp64\www\eshopper\system\Common.php(1217): CodeIgniter\View\View->render('site/layout', Array, true)
#126 D:\wamp64\www\eshopper\app\Views\site\layout.php(125): view('site/layout')
#127 D:\wamp64\www\eshopper\system\View\View.php(220): include('D:\\wamp64\\www\\e...')
#128 D:\wamp64\www\eshopper\system\View\View.php(222): CodeIgniter\View\View->CodeIgniter\View\{closure}()
#129 D:\wamp64\www\eshopper\system\Common.php(1217): CodeIgniter\View\View->render('site/layout', Array, true)
#130 D:\wamp64\www\eshopper\app\Views\site\layout.php(125): view('site/layout')
#131 D:\wamp64\www\eshopper\system\View\View.php(220): include('D:\\wamp64\\www\\e...')
#132 D:\wamp64\www\eshopper\system\View\View.php(222): CodeIgniter\View\View->CodeIgniter\View\{closure}()
#133 D:\wamp64\www\eshopper\system\Common.php(1217): CodeIgniter\View\View->render('site/layout', Array, true)
#134 D:\wamp64\www\eshopper\app\Views\site\layout.php(125): view('site/layout')
#135 D:\wamp64\www\eshopper\system\View\View.php(220): include('D:\\wamp64\\www\\e...')
#136 D:\wamp64\www\eshopper\system\View\View.php(222): CodeIgniter\View\View->CodeIgniter\View\{closure}()
#137 D:\wamp64\www\eshopper\system\Common.php(1217): CodeIgniter\View\View->render('site/layout', Array, true)
#138 D:\wamp64\www\eshopper\app\Views\site\layout.php(125): view('site/layout')
#139 D:\wamp64\www\eshopper\system\View\View.php(220): include('D:\\wamp64\\www\\e...')
#140 D:\wamp64\www\eshopper\system\View\View.php(222): CodeIgniter\View\View->CodeIgniter\View\{closure}()
#141 D:\wamp64\www\eshopper\system\Common.php(1217): CodeIgniter\View\View->render('site/layout', Array, true)
#142 D:\wamp64\www\eshopper\app\Views\site\layout.php(125): view('site/layout')
#143 D:\wamp64\www\eshopper\system\View\View.php(220): include('D:\\wamp64\\www\\e...')
#144 D:\wamp64\www\eshopper\system\View\View.php(222): CodeIgniter\View\View->CodeIgniter\View\{closure}()
#145 D:\wamp64\www\eshopper\system\Common.php(1217): CodeIgniter\View\View->render('site/layout', Array, true)
#146 D:\wamp64\www\eshopper\app\Views\site\layout.php(125): view('site/layout')
#147 D:\wamp64\www\eshopper\system\View\View.php(220): include('D:\\wamp64\\www\\e...')
#148 D:\wamp64\www\eshopper\system\View\View.php(222): CodeIgniter\View\View->CodeIgniter\View\{closure}()
#149 D:\wamp64\www\eshopper\system\Common.php(1217): CodeIgniter\View\View->render('site/layout', Array, true)
#150 D:\wamp64\www\eshopper\app\Views\site\layout.php(125): view('site/layout')
#151 D:\wamp64\www\eshopper\system\View\View.php(220): include('D:\\wamp64\\www\\e...')
#152 D:\wamp64\www\eshopper\system\View\View.php(222): CodeIgniter\View\View->CodeIgniter\View\{closure}()
#153 D:\wamp64\www\eshopper\system\Common.php(1217): CodeIgniter\View\View->render('site/layout', Array, true)
#154 D:\wamp64\www\eshopper\app\Views\site\layout.php(125): view('site/layout')
#155 D:\wamp64\www\eshopper\system\View\View.php(220): include('D:\\wamp64\\www\\e...')
#156 D:\wamp64\www\eshopper\system\View\View.php(222): CodeIgniter\View\View->CodeIgniter\View\{closure}()
#157 D:\wamp64\www\eshopper\system\Common.php(1217): CodeIgniter\View\View->render('site/layout', Array, true)
#158 D:\wamp64\www\eshopper\app\Views\site\layout.php(125): view('site/layout')
#159 D:\wamp64\www\eshopper\system\View\View.php(220): include('D:\\wamp64\\www\\e...')
#160 D:\wamp64\www\eshopper\system\View\View.php(222): CodeIgniter\View\View->CodeIgniter\View\{closure}()
#161 D:\wamp64\www\eshopper\system\Common.php(1217): CodeIgniter\View\View->render('site/layout', Array, true)
#162 D:\wamp64\www\eshopper\app\Views\site\layout.php(125): view('site/layout')
#163 D:\wamp64\www\eshopper\system\View\View.php(220): include('D:\\wamp64\\www\\e...')
#164 D:\wamp64\www\eshopper\system\View\View.php(222): CodeIgniter\View\View->CodeIgniter\View\{closure}()
#165 D:\wamp64\www\eshopper\system\Common.php(1217): CodeIgniter\View\View->render('site/layout', Array, true)
#166 D:\wamp64\www\eshopper\app\Views\site\layout.php(125): view('site/layout')
#167 D:\wamp64\www\eshopper\system\View\View.php(220): include('D:\\wamp64\\www\\e...')
#168 D:\wamp64\www\eshopper\system\View\View.php(222): CodeIgniter\View\View->CodeIgniter\View\{closure}()
#169 D:\wamp64\www\eshopper\system\Common.php(1217): CodeIgniter\View\View->render('site/layout', Array, true)
#170 D:\wamp64\www\eshopper\app\Views\site\layout.php(125): view('site/layout')
#171 D:\wamp64\www\eshopper\system\View\View.php(220): include('D:\\wamp64\\www\\e...')
#172 D:\wamp64\www\eshopper\system\View\View.php(222): CodeIgniter\View\View->CodeIgniter\View\{closure}()
#173 D:\wamp64\www\eshopper\system\Common.php(1217): CodeIgniter\View\View->render('site/layout', Array, true)
#174 D:\wamp64\www\eshopper\app\Views\site\layout.php(125): view('site/layout')
#175 D:\wamp64\www\eshopper\system\View\View.php(220): include('D:\\wamp64\\www\\e...')
#176 D:\wamp64\www\eshopper\system\View\View.php(222): CodeIgniter\View\View->CodeIgniter\View\{closure}()
#177 D:\wamp64\www\eshopper\system\Common.php(1217): CodeIgniter\View\View->render('site/layout', Array, true)
#178 D:\wamp64\www\eshopper\app\Views\site\layout.php(125): view('site/layout')
#179 D:\wamp64\www\eshopper\system\View\View.php(220): include('D:\\wamp64\\www\\e...')
#180 D:\wamp64\www\eshopper\system\View\View.php(222): CodeIgniter\View\View->CodeIgniter\View\{closure}()
#181 D:\wamp64\www\eshopper\system\Common.php(1217): CodeIgniter\View\View->render('site/layout', Array, true)
#182 D:\wamp64\www\eshopper\app\Views\site\layout.php(125): view('site/layout')
#183 D:\wamp64\www\eshopper\system\View\View.php(220): include('D:\\wamp64\\www\\e...')
#184 D:\wamp64\www\eshopper\system\View\View.php(222): CodeIgniter\View\View->CodeIgniter\View\{closure}()
#185 D:\wamp64\www\eshopper\system\Common.php(1217): CodeIgniter\View\View->render('site/layout', Array, true)
#186 D:\wamp64\www\eshopper\app\Views\site\layout.php(125): view('site/layout')
#187 D:\wamp64\www\eshopper\system\View\View.php(220): include('D:\\wamp64\\www\\e...')
#188 D:\wamp64\www\eshopper\system\View\View.php(222): CodeIgniter\View\View->CodeIgniter\View\{closure}()
#189 D:\wamp64\www\eshopper\system\Common.php(1217): CodeIgniter\View\View->render('site/layout', Array, true)
#190 D:\wamp64\www\eshopper\app\Views\site\layout.php(125): view('site/layout')
#191 D:\wamp64\www\eshopper\system\View\View.php(220): include('D:\\wamp64\\www\\e...')
#192 D:\wamp64\www\eshopper\system\View\View.php(222): CodeIgniter\View\View->CodeIgniter\View\{closure}()
#193 D:\wamp64\www\eshopper\system\Common.php(1217): CodeIgniter\View\View->render('site/layout', Array, true)
#194 D:\wamp64\www\eshopper\app\Views\site\layout.php(125): view('site/layout')
#195 D:\wamp64\www\eshopper\system\View\View.php(220): include('D:\\wamp64\\www\\e...')
#196 D:\wamp64\www\eshopper\system\View\View.php(222): CodeIgniter\View\View->CodeIgniter\View\{closure}()
#197 D:\wamp64\www\eshopper\system\Common.php(1217): CodeIgniter\View\View->render('site/layout', Array, true)
#198 D:\wamp64\www\eshopper\app\Views\site\layout.php(125): view('site/layout')
#199 D:\wamp64\www\eshopper\system\View\View.php(220): include('D:\\wamp64\\www\\e...')
#200 D:\wamp64\www\eshopper\system\View\View.php(222): CodeIgniter\View\View->CodeIgniter\View\{closure}()
#201 D:\wamp64\www\eshopper\system\Common.php(1217): CodeIgniter\View\View->render('site/layout', Array, true)
#202 D:\wamp64\www\eshopper\app\Views\site\layout.php(125): view('site/layout')
#203 D:\wamp64\www\eshopper\system\View\View.php(220): include('D:\\wamp64\\www\\e...')
#204 D:\wamp64\www\eshopper\system\View\View.php(222): CodeIgniter\View\View->CodeIgniter\View\{closure}()
#205 D:\wamp64\www\eshopper\system\Common.php(1217): CodeIgniter\View\View->render('site/layout', Array, true)
#206 D:\wamp64\www\eshopper\app\Views\site\layout.php(125): view('site/layout')
#207 D:\wamp64\www\eshopper\system\View\View.php(220): include('D:\\wamp64\\www\\e...')
#208 D:\wamp64\www\eshopper\system\View\View.php(222): CodeIgniter\View\View->CodeIgniter\View\{closure}()
#209 D:\wamp64\www\eshopper\system\Common.php(1217): CodeIgniter\View\View->render('site/layout', Array, true)
#210 D:\wamp64\www\eshopper\app\Views\site\layout.php(125): view('site/layout')
#211 D:\wamp64\www\eshopper\system\View\View.php(220): include('D:\\wamp64\\www\\e...')
#212 D:\wamp64\www\eshopper\system\View\View.php(222): CodeIgniter\View\View->CodeIgniter\View\{closure}()
#213 D:\wamp64\www\eshopper\system\Common.php(1217): CodeIgniter\View\View->render('site/layout', Array, true)
#214 D:\wamp64\www\eshopper\app\Views\site\layout.php(125): view('site/layout')
#215 D:\wamp64\www\eshopper\system\View\View.php(220): include('D:\\wamp64\\www\\e...')
#216 D:\wamp64\www\eshopper\system\View\View.php(222): CodeIgniter\View\View->CodeIgniter\View\{closure}()
#217 D:\wamp64\www\eshopper\system\Common.php(1217): CodeIgniter\View\View->render('site/layout', Array, true)
#218 D:\wamp64\www\eshopper\app\Views\site\layout.php(125): view('site/layout')
#219 D:\wamp64\www\eshopper\system\View\View.php(220): include('D:\\wamp64\\www\\e...')
#220 D:\wamp64\www\eshopper\system\View\View.php(222): CodeIgniter\View\View->CodeIgniter\View\{closure}()
#221 D:\wamp64\www\eshopper\system\Common.php(1217): CodeIgniter\View\View->render('site/layout', Array, true)
#222 D:\wamp64\www\eshopper\app\Views\site\layout.php(125): view('site/layout')
#223 D:\wamp64\www\eshopper\system\View\View.php(220): include('D:\\wamp64\\www\\e...')
#224 D:\wamp64\www\eshopper\system\View\View.php(222): CodeIgniter\View\View->CodeIgniter\View\{closure}()
#225 D:\wamp64\www\eshopper\system\Common.php(1217): CodeIgniter\View\View->render('site/layout', Array, true)
#226 D:\wamp64\www\eshopper\app\Views\site\layout.php(125): view('site/layout')
#227 D:\wamp64\www\eshopper\system\View\View.php(220): include('D:\\wamp64\\www\\e...')
#228 D:\wamp64\www\eshopper\system\View\View.php(222): CodeIgniter\View\View->CodeIgniter\View\{closure}()
#229 D:\wamp64\www\eshopper\system\Common.php(1217): CodeIgniter\View\View->render('site/layout', Array, true)
#230 D:\wamp64\www\eshopper\app\Views\site\layout.php(125): view('site/layout')
#231 D:\wamp64\www\eshopper\system\View\View.php(220): include('D:\\wamp64\\www\\e...')
#232 D:\wamp64\www\eshopper\system\View\View.php(222): CodeIgniter\View\View->CodeIgniter\View\{closure}()
#233 D:\wamp64\www\eshopper\system\Common.php(1217): CodeIgniter\View\View->render('site/layout', Array, true)
#234 D:\wamp64\www\eshopper\app\Views\site\layout.php(125): view('site/layout')
#235 D:\wamp64\www\eshopper\system\View\View.php(220): include('D:\\wamp64\\www\\e...')
#236 D:\wamp64\www\eshopper\system\View\View.php(222): CodeIgniter\View\View->CodeIgniter\View\{closure}()
#237 D:\wamp64\www\eshopper\system\Common.php(1217): CodeIgniter\View\View->render('site/layout', Array, true)
#238 D:\wamp64\www\eshopper\app\Views\site\layout.php(125): view('site/layout')
#239 D:\wamp64\www\eshopper\system\View\View.php(220): include('D:\\wamp64\\www\\e...')
#240 D:\wamp64\www\eshopper\system\View\View.php(222): CodeIgniter\View\View->CodeIgniter\View\{closure}()
#241 D:\wamp64\www\eshopper\system\Common.php(1217): CodeIgniter\View\View->render('site/layout', Array, true)
#242 D:\wamp64\www\eshopper\app\Views\site\layout.php(125): view('site/layout')
#243 D:\wamp64\www\eshopper\system\View\View.php(220): include('D:\\wamp64\\www\\e...')
#244 D:\wamp64\www\eshopper\system\View\View.php(222): CodeIgniter\View\View->CodeIgniter\View\{closure}()
#245 D:\wamp64\www\eshopper\system\Common.php(1217): CodeIgniter\View\View->render('site/layout', Array, true)
#246 D:\wamp64\www\eshopper\app\Views\site\layout.php(125): view('site/layout')
#247 D:\wamp64\www\eshopper\system\View\View.php(220): include('D:\\wamp64\\www\\e...')
#248 D:\wamp64\www\eshopper\system\View\View.php(222): CodeIgniter\View\View->CodeIgniter\View\{closure}()
#249 D:\wamp64\www\eshopper\system\Common.php(1217): CodeIgniter\View\View->render('site/layout', Array, true)
#250 D:\wamp64\www\eshopper\app\Controllers\BaseController.php(94): view('site/layout', Array)
#251 D:\wamp64\www\eshopper\app\Controllers\Home.php(9): App\Controllers\BaseController->loadView('layout', 'Home')
#252 D:\wamp64\www\eshopper\system\CodeIgniter.php(936): App\Controllers\Home->index()
#253 D:\wamp64\www\eshopper\system\CodeIgniter.php(432): CodeIgniter\CodeIgniter->runController(Object(App\Controllers\Home))
#254 D:\wamp64\www\eshopper\system\CodeIgniter.php(333): CodeIgniter\CodeIgniter->handleRequest(NULL, Object(Config\Cache), false)
#255 D:\wamp64\www\eshopper\public\index.php(44): CodeIgniter\CodeIgniter->run()
#256 {main}
CRITICAL - 2021-04-21 14:03:03 --> Class 'App\Models\LoginModel' not found
#0 D:\wamp64\www\eshopper\system\CodeIgniter.php(908): App\Controllers\Admin\Auth->__construct()
#1 D:\wamp64\www\eshopper\system\CodeIgniter.php(422): CodeIgniter\CodeIgniter->createController()
#2 D:\wamp64\www\eshopper\system\CodeIgniter.php(333): CodeIgniter\CodeIgniter->handleRequest(NULL, Object(Config\Cache), false)
#3 D:\wamp64\www\eshopper\public\index.php(44): CodeIgniter\CodeIgniter->run()
#4 {main}
CRITICAL - 2021-04-21 14:25:42 --> Class 'App\Controllers\Admin\LoginM' not found
#0 D:\wamp64\www\eshopper\system\CodeIgniter.php(908): App\Controllers\Admin\Auth->__construct()
#1 D:\wamp64\www\eshopper\system\CodeIgniter.php(422): CodeIgniter\CodeIgniter->createController()
#2 D:\wamp64\www\eshopper\system\CodeIgniter.php(333): CodeIgniter\CodeIgniter->handleRequest(NULL, Object(Config\Cache), false)
#3 D:\wamp64\www\eshopper\public\index.php(44): CodeIgniter\CodeIgniter->run()
#4 {main}
CRITICAL - 2021-04-21 14:26:12 --> Class 'App\Controllers\Admin\LoginM' not found
#0 D:\wamp64\www\eshopper\system\CodeIgniter.php(908): App\Controllers\Admin\Auth->__construct()
#1 D:\wamp64\www\eshopper\system\CodeIgniter.php(422): CodeIgniter\CodeIgniter->createController()
#2 D:\wamp64\www\eshopper\system\CodeIgniter.php(333): CodeIgniter\CodeIgniter->handleRequest(NULL, Object(Config\Cache), false)
#3 D:\wamp64\www\eshopper\public\index.php(44): CodeIgniter\CodeIgniter->run()
#4 {main}
CRITICAL - 2021-04-21 14:26:13 --> Class 'App\Controllers\Admin\LoginM' not found
#0 D:\wamp64\www\eshopper\system\CodeIgniter.php(908): App\Controllers\Admin\Auth->__construct()
#1 D:\wamp64\www\eshopper\system\CodeIgniter.php(422): CodeIgniter\CodeIgniter->createController()
#2 D:\wamp64\www\eshopper\system\CodeIgniter.php(333): CodeIgniter\CodeIgniter->handleRequest(NULL, Object(Config\Cache), false)
#3 D:\wamp64\www\eshopper\public\index.php(44): CodeIgniter\CodeIgniter->run()
#4 {main}
CRITICAL - 2021-04-21 14:26:14 --> Class 'App\Controllers\Admin\LoginM' not found
#0 D:\wamp64\www\eshopper\system\CodeIgniter.php(908): App\Controllers\Admin\Auth->__construct()
#1 D:\wamp64\www\eshopper\system\CodeIgniter.php(422): CodeIgniter\CodeIgniter->createController()
#2 D:\wamp64\www\eshopper\system\CodeIgniter.php(333): CodeIgniter\CodeIgniter->handleRequest(NULL, Object(Config\Cache), false)
#3 D:\wamp64\www\eshopper\public\index.php(44): CodeIgniter\CodeIgniter->run()
#4 {main}
CRITICAL - 2021-04-21 14:26:36 --> Declaration of App\Models\LoginModel::validate($username, $password) must be compatible with CodeIgniter\BaseModel::validate($data): bool
#0 [internal function]: CodeIgniter\Debug\Exceptions->shutdownHandler()
#1 {main}
CRITICAL - 2021-04-21 14:26:37 --> Declaration of App\Models\LoginModel::validate($username, $password) must be compatible with CodeIgniter\BaseModel::validate($data): bool
#0 [internal function]: CodeIgniter\Debug\Exceptions->shutdownHandler()
#1 {main}
CRITICAL - 2021-04-21 14:27:14 --> Declaration of App\Models\LoginM::validate($username, $password) must be compatible with CodeIgniter\BaseModel::validate($data): bool
#0 [internal function]: CodeIgniter\Debug\Exceptions->shutdownHandler()
#1 {main}
CRITICAL - 2021-04-21 14:27:23 --> Declaration of App\Models\LoginM::validate($username, $password) must be compatible with CodeIgniter\BaseModel::validate($data): bool
#0 [internal function]: CodeIgniter\Debug\Exceptions->shutdownHandler()
#1 {main}
CRITICAL - 2021-04-21 14:32:37 --> Declaration of App\Models\LoginM::validate($username, $password) must be compatible with CodeIgniter\BaseModel::validate($data): bool
#0 [internal function]: CodeIgniter\Debug\Exceptions->shutdownHandler()
#1 {main}
CRITICAL - 2021-04-21 14:34:23 --> Class 'App\Models\Model' not found
#0 D:\wamp64\www\eshopper\system\Autoloader\Autoloader.php(294): include_once()
#1 D:\wamp64\www\eshopper\system\Autoloader\Autoloader.php(265): CodeIgniter\Autoloader\Autoloader->includeFile('D:\\wamp64\\www\\e...')
#2 D:\wamp64\www\eshopper\system\Autoloader\Autoloader.php(228): CodeIgniter\Autoloader\Autoloader->loadInNamespace('App\\Models\\Logi...')
#3 [internal function]: CodeIgniter\Autoloader\Autoloader->loadClass('App\\Models\\Logi...')
#4 D:\wamp64\www\eshopper\app\Controllers\Admin\Auth.php(17): spl_autoload_call('App\\Models\\Logi...')
#5 D:\wamp64\www\eshopper\system\CodeIgniter.php(908): App\Controllers\Admin\Auth->__construct()
#6 D:\wamp64\www\eshopper\system\CodeIgniter.php(422): CodeIgniter\CodeIgniter->createController()
#7 D:\wamp64\www\eshopper\system\CodeIgniter.php(333): CodeIgniter\CodeIgniter->handleRequest(NULL, Object(Config\Cache), false)
#8 D:\wamp64\www\eshopper\public\index.php(44): CodeIgniter\CodeIgniter->run()
#9 {main}
CRITICAL - 2021-04-21 14:37:08 --> Class 'App\Models\Model' not found
#0 D:\wamp64\www\eshopper\system\Autoloader\Autoloader.php(294): include_once()
#1 D:\wamp64\www\eshopper\system\Autoloader\Autoloader.php(265): CodeIgniter\Autoloader\Autoloader->includeFile('D:\\wamp64\\www\\e...')
#2 D:\wamp64\www\eshopper\system\Autoloader\Autoloader.php(228): CodeIgniter\Autoloader\Autoloader->loadInNamespace('App\\Models\\Logi...')
#3 [internal function]: CodeIgniter\Autoloader\Autoloader->loadClass('App\\Models\\Logi...')
#4 D:\wamp64\www\eshopper\app\Controllers\Admin\Auth.php(17): spl_autoload_call('App\\Models\\Logi...')
#5 D:\wamp64\www\eshopper\system\CodeIgniter.php(908): App\Controllers\Admin\Auth->__construct()
#6 D:\wamp64\www\eshopper\system\CodeIgniter.php(422): CodeIgniter\CodeIgniter->createController()
#7 D:\wamp64\www\eshopper\system\CodeIgniter.php(333): CodeIgniter\CodeIgniter->handleRequest(NULL, Object(Config\Cache), false)
#8 D:\wamp64\www\eshopper\public\index.php(44): CodeIgniter\CodeIgniter->run()
#9 {main}
CRITICAL - 2021-04-21 14:37:09 --> Class 'App\Models\Model' not found
#0 D:\wamp64\www\eshopper\system\Autoloader\Autoloader.php(294): include_once()
#1 D:\wamp64\www\eshopper\system\Autoloader\Autoloader.php(265): CodeIgniter\Autoloader\Autoloader->includeFile('D:\\wamp64\\www\\e...')
#2 D:\wamp64\www\eshopper\system\Autoloader\Autoloader.php(228): CodeIgniter\Autoloader\Autoloader->loadInNamespace('App\\Models\\Logi...')
#3 [internal function]: CodeIgniter\Autoloader\Autoloader->loadClass('App\\Models\\Logi...')
#4 D:\wamp64\www\eshopper\app\Controllers\Admin\Auth.php(17): spl_autoload_call('App\\Models\\Logi...')
#5 D:\wamp64\www\eshopper\system\CodeIgniter.php(908): App\Controllers\Admin\Auth->__construct()
#6 D:\wamp64\www\eshopper\system\CodeIgniter.php(422): CodeIgniter\CodeIgniter->createController()
#7 D:\wamp64\www\eshopper\system\CodeIgniter.php(333): CodeIgniter\CodeIgniter->handleRequest(NULL, Object(Config\Cache), false)
#8 D:\wamp64\www\eshopper\public\index.php(44): CodeIgniter\CodeIgniter->run()
#9 {main}
CRITICAL - 2021-04-21 14:37:09 --> Class 'App\Models\Model' not found
#0 D:\wamp64\www\eshopper\system\Autoloader\Autoloader.php(294): include_once()
#1 D:\wamp64\www\eshopper\system\Autoloader\Autoloader.php(265): CodeIgniter\Autoloader\Autoloader->includeFile('D:\\wamp64\\www\\e...')
#2 D:\wamp64\www\eshopper\system\Autoloader\Autoloader.php(228): CodeIgniter\Autoloader\Autoloader->loadInNamespace('App\\Models\\Logi...')
#3 [internal function]: CodeIgniter\Autoloader\Autoloader->loadClass('App\\Models\\Logi...')
#4 D:\wamp64\www\eshopper\app\Controllers\Admin\Auth.php(17): spl_autoload_call('App\\Models\\Logi...')
#5 D:\wamp64\www\eshopper\system\CodeIgniter.php(908): App\Controllers\Admin\Auth->__construct()
#6 D:\wamp64\www\eshopper\system\CodeIgniter.php(422): CodeIgniter\CodeIgniter->createController()
#7 D:\wamp64\www\eshopper\system\CodeIgniter.php(333): CodeIgniter\CodeIgniter->handleRequest(NULL, Object(Config\Cache), false)
#8 D:\wamp64\www\eshopper\public\index.php(44): CodeIgniter\CodeIgniter->run()
#9 {main}
CRITICAL - 2021-04-21 14:37:09 --> Class 'App\Models\Model' not found
#0 D:\wamp64\www\eshopper\system\Autoloader\Autoloader.php(294): include_once()
#1 D:\wamp64\www\eshopper\system\Autoloader\Autoloader.php(265): CodeIgniter\Autoloader\Autoloader->includeFile('D:\\wamp64\\www\\e...')
#2 D:\wamp64\www\eshopper\system\Autoloader\Autoloader.php(228): CodeIgniter\Autoloader\Autoloader->loadInNamespace('App\\Models\\Logi...')
#3 [internal function]: CodeIgniter\Autoloader\Autoloader->loadClass('App\\Models\\Logi...')
#4 D:\wamp64\www\eshopper\app\Controllers\Admin\Auth.php(17): spl_autoload_call('App\\Models\\Logi...')
#5 D:\wamp64\www\eshopper\system\CodeIgniter.php(908): App\Controllers\Admin\Auth->__construct()
#6 D:\wamp64\www\eshopper\system\CodeIgniter.php(422): CodeIgniter\CodeIgniter->createController()
#7 D:\wamp64\www\eshopper\system\CodeIgniter.php(333): CodeIgniter\CodeIgniter->handleRequest(NULL, Object(Config\Cache), false)
#8 D:\wamp64\www\eshopper\public\index.php(44): CodeIgniter\CodeIgniter->run()
#9 {main}
CRITICAL - 2021-04-21 14:37:15 --> Class 'App\Models\Model' not found
#0 D:\wamp64\www\eshopper\system\Autoloader\Autoloader.php(294): include_once()
#1 D:\wamp64\www\eshopper\system\Autoloader\Autoloader.php(265): CodeIgniter\Autoloader\Autoloader->includeFile('D:\\wamp64\\www\\e...')
#2 D:\wamp64\www\eshopper\system\Autoloader\Autoloader.php(228): CodeIgniter\Autoloader\Autoloader->loadInNamespace('App\\Models\\Logi...')
#3 [internal function]: CodeIgniter\Autoloader\Autoloader->loadClass('App\\Models\\Logi...')
#4 D:\wamp64\www\eshopper\app\Controllers\Admin\Auth.php(17): spl_autoload_call('App\\Models\\Logi...')
#5 D:\wamp64\www\eshopper\system\CodeIgniter.php(908): App\Controllers\Admin\Auth->__construct()
#6 D:\wamp64\www\eshopper\system\CodeIgniter.php(422): CodeIgniter\CodeIgniter->createController()
#7 D:\wamp64\www\eshopper\system\CodeIgniter.php(333): CodeIgniter\CodeIgniter->handleRequest(NULL, Object(Config\Cache), false)
#8 D:\wamp64\www\eshopper\public\index.php(44): CodeIgniter\CodeIgniter->run()
#9 {main}
CRITICAL - 2021-04-21 14:37:16 --> Class 'App\Models\Model' not found
#0 D:\wamp64\www\eshopper\system\Autoloader\Autoloader.php(294): include_once()
#1 D:\wamp64\www\eshopper\system\Autoloader\Autoloader.php(265): CodeIgniter\Autoloader\Autoloader->includeFile('D:\\wamp64\\www\\e...')
#2 D:\wamp64\www\eshopper\system\Autoloader\Autoloader.php(228): CodeIgniter\Autoloader\Autoloader->loadInNamespace('App\\Models\\Logi...')
#3 [internal function]: CodeIgniter\Autoloader\Autoloader->loadClass('App\\Models\\Logi...')
#4 D:\wamp64\www\eshopper\app\Controllers\Admin\Auth.php(17): spl_autoload_call('App\\Models\\Logi...')
#5 D:\wamp64\www\eshopper\system\CodeIgniter.php(908): App\Controllers\Admin\Auth->__construct()
#6 D:\wamp64\www\eshopper\system\CodeIgniter.php(422): CodeIgniter\CodeIgniter->createController()
#7 D:\wamp64\www\eshopper\system\CodeIgniter.php(333): CodeIgniter\CodeIgniter->handleRequest(NULL, Object(Config\Cache), false)
#8 D:\wamp64\www\eshopper\public\index.php(44): CodeIgniter\CodeIgniter->run()
#9 {main}
CRITICAL - 2021-04-21 14:37:17 --> Class 'App\Models\Model' not found
#0 D:\wamp64\www\eshopper\system\Autoloader\Autoloader.php(294): include_once()
#1 D:\wamp64\www\eshopper\system\Autoloader\Autoloader.php(265): CodeIgniter\Autoloader\Autoloader->includeFile('D:\\wamp64\\www\\e...')
#2 D:\wamp64\www\eshopper\system\Autoloader\Autoloader.php(228): CodeIgniter\Autoloader\Autoloader->loadInNamespace('App\\Models\\Logi...')
#3 [internal function]: CodeIgniter\Autoloader\Autoloader->loadClass('App\\Models\\Logi...')
#4 D:\wamp64\www\eshopper\app\Controllers\Admin\Auth.php(17): spl_autoload_call('App\\Models\\Logi...')
#5 D:\wamp64\www\eshopper\system\CodeIgniter.php(908): App\Controllers\Admin\Auth->__construct()
#6 D:\wamp64\www\eshopper\system\CodeIgniter.php(422): CodeIgniter\CodeIgniter->createController()
#7 D:\wamp64\www\eshopper\system\CodeIgniter.php(333): CodeIgniter\CodeIgniter->handleRequest(NULL, Object(Config\Cache), false)
#8 D:\wamp64\www\eshopper\public\index.php(44): CodeIgniter\CodeIgniter->run()
#9 {main}
CRITICAL - 2021-04-21 14:37:18 --> Class 'App\Models\Model' not found
#0 D:\wamp64\www\eshopper\system\Autoloader\Autoloader.php(294): include_once()
#1 D:\wamp64\www\eshopper\system\Autoloader\Autoloader.php(265): CodeIgniter\Autoloader\Autoloader->includeFile('D:\\wamp64\\www\\e...')
#2 D:\wamp64\www\eshopper\system\Autoloader\Autoloader.php(228): CodeIgniter\Autoloader\Autoloader->loadInNamespace('App\\Models\\Logi...')
#3 [internal function]: CodeIgniter\Autoloader\Autoloader->loadClass('App\\Models\\Logi...')
#4 D:\wamp64\www\eshopper\app\Controllers\Admin\Auth.php(17): spl_autoload_call('App\\Models\\Logi...')
#5 D:\wamp64\www\eshopper\system\CodeIgniter.php(908): App\Controllers\Admin\Auth->__construct()
#6 D:\wamp64\www\eshopper\system\CodeIgniter.php(422): CodeIgniter\CodeIgniter->createController()
#7 D:\wamp64\www\eshopper\system\CodeIgniter.php(333): CodeIgniter\CodeIgniter->handleRequest(NULL, Object(Config\Cache), false)
#8 D:\wamp64\www\eshopper\public\index.php(44): CodeIgniter\CodeIgniter->run()
#9 {main}
CRITICAL - 2021-04-21 14:37:29 --> Declaration of App\Models\LoginM::validate($username, $password) must be compatible with CodeIgniter\BaseModel::validate($data): bool
#0 [internal function]: CodeIgniter\Debug\Exceptions->shutdownHandler()
#1 {main}
CRITICAL - 2021-04-21 16:29:07 --> Undefined variable: session
#0 D:\wamp64\www\eshopper\app\Views\admin\layout\app.php(78): CodeIgniter\Debug\Exceptions->errorHandler(8, 'Undefined varia...', 'D:\\wamp64\\www\\e...', 78, Array)
#1 D:\wamp64\www\eshopper\system\View\View.php(220): include('D:\\wamp64\\www\\e...')
#2 D:\wamp64\www\eshopper\system\View\View.php(222): CodeIgniter\View\View->CodeIgniter\View\{closure}()
#3 D:\wamp64\www\eshopper\system\Common.php(1217): CodeIgniter\View\View->render('admin/layout/ap...', Array, true)
#4 D:\wamp64\www\eshopper\app\Controllers\Admin\BaseController.php(95): view('admin/layout/ap...', Array)
#5 D:\wamp64\www\eshopper\app\Controllers\Admin\Dashboard.php(14): App\Controllers\Admin\BaseController->loadView('dashboard/index', 'Dashboard')
#6 D:\wamp64\www\eshopper\system\CodeIgniter.php(936): App\Controllers\Admin\Dashboard->index()
#7 D:\wamp64\www\eshopper\system\CodeIgniter.php(432): CodeIgniter\CodeIgniter->runController(Object(App\Controllers\Admin\Dashboard))
#8 D:\wamp64\www\eshopper\system\CodeIgniter.php(333): CodeIgniter\CodeIgniter->handleRequest(NULL, Object(Config\Cache), false)
#9 D:\wamp64\www\eshopper\public\index.php(44): CodeIgniter\CodeIgniter->run()
#10 {main}
CRITICAL - 2021-04-21 16:30:07 --> Call to undefined function get()
#0 D:\wamp64\www\eshopper\system\View\View.php(220): include()
#1 D:\wamp64\www\eshopper\system\View\View.php(222): CodeIgniter\View\View->CodeIgniter\View\{closure}()
#2 D:\wamp64\www\eshopper\system\Common.php(1217): CodeIgniter\View\View->render('admin/layout/ap...', Array, true)
#3 D:\wamp64\www\eshopper\app\Controllers\Admin\BaseController.php(95): view('admin/layout/ap...', Array)
#4 D:\wamp64\www\eshopper\app\Controllers\Admin\Dashboard.php(14): App\Controllers\Admin\BaseController->loadView('dashboard/index', 'Dashboard')
#5 D:\wamp64\www\eshopper\system\CodeIgniter.php(936): App\Controllers\Admin\Dashboard->index()
#6 D:\wamp64\www\eshopper\system\CodeIgniter.php(432): CodeIgniter\CodeIgniter->runController(Object(App\Controllers\Admin\Dashboard))
#7 D:\wamp64\www\eshopper\system\CodeIgniter.php(333): CodeIgniter\CodeIgniter->handleRequest(NULL, Object(Config\Cache), false)
#8 D:\wamp64\www\eshopper\public\index.php(44): CodeIgniter\CodeIgniter->run()
#9 {main}
CRITICAL - 2021-04-21 16:59:14 --> Call to undefined method CodeIgniter\HTTP\IncomingRequest::get()
#0 D:\wamp64\www\eshopper\system\CodeIgniter.php(936): App\Controllers\Admin\Auth->index()
#1 D:\wamp64\www\eshopper\system\CodeIgniter.php(432): CodeIgniter\CodeIgniter->runController(Object(App\Controllers\Admin\Auth))
#2 D:\wamp64\www\eshopper\system\CodeIgniter.php(333): CodeIgniter\CodeIgniter->handleRequest(NULL, Object(Config\Cache), false)
#3 D:\wamp64\www\eshopper\public\index.php(44): CodeIgniter\CodeIgniter->run()
#4 {main}
CRITICAL - 2021-04-21 17:00:34 --> Call to undefined function App\Controllers\Admin\logout()
#0 D:\wamp64\www\eshopper\system\CodeIgniter.php(936): App\Controllers\Admin\Auth->index()
#1 D:\wamp64\www\eshopper\system\CodeIgniter.php(432): CodeIgniter\CodeIgniter->runController(Object(App\Controllers\Admin\Auth))
#2 D:\wamp64\www\eshopper\system\CodeIgniter.php(333): CodeIgniter\CodeIgniter->handleRequest(NULL, Object(Config\Cache), false)
#3 D:\wamp64\www\eshopper\public\index.php(44): CodeIgniter\CodeIgniter->run()
#4 {main}
CRITICAL - 2021-04-21 17:01:04 --> Call to undefined function App\Controllers\Admin\logout()
#0 D:\wamp64\www\eshopper\system\CodeIgniter.php(936): App\Controllers\Admin\Auth->index()
#1 D:\wamp64\www\eshopper\system\CodeIgniter.php(432): CodeIgniter\CodeIgniter->runController(Object(App\Controllers\Admin\Auth))
#2 D:\wamp64\www\eshopper\system\CodeIgniter.php(333): CodeIgniter\CodeIgniter->handleRequest(NULL, Object(Config\Cache), false)
#3 D:\wamp64\www\eshopper\public\index.php(44): CodeIgniter\CodeIgniter->run()
#4 {main}
